# JRE version: OpenJDK Runtime Environment (8.0_76-b03) (build 1.8.0_76-release-b03)
# Java VM: OpenJDK 64-Bit Server VM (25.76-b03 mixed mode windows-amd64 compressed oops)
Heap:
 PSYoungGen      total 502784K, used 225260K [0x00000000d5580000, 0x0000000100000000, 0x0000000100000000)
  eden space 471040K, 47% used [0x00000000d5580000,0x00000000e317b040,0x00000000f2180000)
  from space 31744K, 0% used [0x00000000f2180000,0x00000000f2180000,0x00000000f4080000)
  to   space 59904K, 0% used [0x00000000fc580000,0x00000000fc580000,0x0000000100000000)
 ParOldGen       total 159744K, used 159617K [0x0000000080000000, 0x0000000089c00000, 0x00000000d5580000)
  object space 159744K, 99% used [0x0000000080000000,0x0000000089be06c0,0x0000000089c00000)
 Metaspace       used 67009K, capacity 68542K, committed 68736K, reserved 1107968K
  class space    used 8837K, capacity 9230K, committed 9344K, reserved 1048576K
GC Heap History (10 events):
Event: 180.173 GC heap before
{Heap before GC invocations=25 (full 6):
 PSYoungGen      total 502784K, used 471040K [0x00000000d5580000, 0x0000000100000000, 0x0000000100000000)
  eden space 471040K, 100% used [0x00000000d5580000,0x00000000f2180000,0x00000000f2180000)
  from space 31744K, 0% used [0x00000000f2180000,0x00000000f2180000,0x00000000f4080000)
  to   space 59904K, 0% used [0x00000000fc580000,0x00000000fc580000,0x0000000100000000)
 ParOldGen       total 159744K, used 152727K [0x0000000080000000, 0x0000000089c00000, 0x00000000d5580000)
  object space 159744K, 95% used [0x0000000080000000,0x0000000089525db8,0x0000000089c00000)
 Metaspace       used 66680K, capacity 68286K, committed 68480K, reserved 1107968K
  class space    used 8833K, capacity 9230K, committed 9344K, reserved 1048576K
Event: 183.777 GC heap after
Heap after GC invocations=25 (full 6):
 PSYoungGen      total 502784K, used 82141K [0x00000000d5580000, 0x0000000100000000, 0x0000000100000000)
  eden space 471040K, 17% used [0x00000000d5580000,0x00000000da5b7630,0x00000000f2180000)
  from space 31744K, 0% used [0x00000000f2180000,0x00000000f2180000,0x00000000f4080000)
  to   space 59904K, 0% used [0x00000000fc580000,0x00000000fc580000,0x0000000100000000)
 ParOldGen       total 159744K, used 159724K [0x0000000080000000, 0x0000000089c00000, 0x00000000d5580000)
  object space 159744K, 99% used [0x0000000080000000,0x0000000089bfb1f8,0x0000000089c00000)
 Metaspace       used 66680K, capacity 68286K, committed 68480K, reserved 1107968K
  class space    used 8833K, capacity 9230K, committed 9344K, reserved 1048576K
}
Event: 186.152 GC heap before
{Heap before GC invocations=26 (full 7):
 PSYoungGen      total 502784K, used 471040K [0x00000000d5580000, 0x0000000100000000, 0x0000000100000000)
  eden space 471040K, 100% used [0x00000000d5580000,0x00000000f2180000,0x00000000f2180000)
  from space 31744K, 0% used [0x00000000f2180000,0x00000000f2180000,0x00000000f4080000)
  to   space 59904K, 0% used [0x00000000fc580000,0x00000000fc580000,0x0000000100000000)
 ParOldGen       total 159744K, used 159724K [0x0000000080000000, 0x0000000089c00000, 0x00000000d5580000)
  object space 159744K, 99% used [0x0000000080000000,0x0000000089bfb1f8,0x0000000089c00000)
 Metaspace       used 66758K, capacity 68350K, committed 68736K, reserved 1107968K
  class space    used 8834K, capacity 9230K, committed 9344K, reserved 1048576K
Event: 190.676 GC heap after
Heap after GC invocations=26 (full 7):
 PSYoungGen      total 502784K, used 145710K [0x00000000d5580000, 0x0000000100000000, 0x0000000100000000)
  eden space 471040K, 30% used [0x00000000d5580000,0x00000000de3cbb18,0x00000000f2180000)
  from space 31744K, 0% used [0x00000000f2180000,0x00000000f2180000,0x00000000f4080000)
  to   space 59904K, 0% used [0x00000000fc580000,0x00000000fc580000,0x0000000100000000)
 ParOldGen       total 159744K, used 159529K [0x0000000080000000, 0x0000000089c00000, 0x00000000d5580000)
  object space 159744K, 99% used [0x0000000080000000,0x0000000089bca520,0x0000000089c00000)
 Metaspace       used 66758K, capacity 68350K, committed 68736K, reserved 1107968K
  class space    used 8834K, capacity 9230K, committed 9344K, reserved 1048576K
}
Event: 192.795 GC heap before
{Heap before GC invocations=27 (full 8):
 PSYoungGen      total 502784K, used 471040K [0x00000000d5580000, 0x0000000100000000, 0x0000000100000000)
  eden space 471040K, 100% used [0x00000000d5580000,0x00000000f2180000,0x00000000f2180000)
  from space 31744K, 0% used [0x00000000f2180000,0x00000000f2180000,0x00000000f4080000)
  to   space 59904K, 0% used [0x00000000fc580000,0x00000000fc580000,0x0000000100000000)
 ParOldGen       total 159744K, used 159529K [0x0000000080000000, 0x0000000089c00000, 0x00000000d5580000)
  object space 159744K, 99% used [0x0000000080000000,0x0000000089bca520,0x0000000089c00000)
 Metaspace       used 66767K, capacity 68350K, committed 68736K, reserved 1107968K
  class space    used 8834K, capacity 9230K, committed 9344K, reserved 1048576K
Event: 196.405 GC heap after
Heap after GC invocations=27 (full 8):
 PSYoungGen      total 502784K, used 148987K [0x00000000d5580000, 0x0000000100000000, 0x0000000100000000)
  eden space 471040K, 31% used [0x00000000d5580000,0x00000000de6fecc0,0x00000000f2180000)
  from space 31744K, 0% used [0x00000000f2180000,0x00000000f2180000,0x00000000f4080000)
  to   space 59904K, 0% used [0x00000000fc580000,0x00000000fc580000,0x0000000100000000)
 ParOldGen       total 159744K, used 159409K [0x0000000080000000, 0x0000000089c00000, 0x00000000d5580000)
  object space 159744K, 99% used [0x0000000080000000,0x0000000089bac5d0,0x0000000089c00000)
 Metaspace       used 66767K, capacity 68350K, committed 68736K, reserved 1107968K
  class space    used 8834K, capacity 9230K, committed 9344K, reserved 1048576K
}
Event: 199.158 GC heap before
{Heap before GC invocations=28 (full 9):
 PSYoungGen      total 502784K, used 471040K [0x00000000d5580000, 0x0000000100000000, 0x0000000100000000)
  eden space 471040K, 100% used [0x00000000d5580000,0x00000000f2180000,0x00000000f2180000)
  from space 31744K, 0% used [0x00000000f2180000,0x00000000f2180000,0x00000000f4080000)
  to   space 59904K, 0% used [0x00000000fc580000,0x00000000fc580000,0x0000000100000000)
 ParOldGen       total 159744K, used 159409K [0x0000000080000000, 0x0000000089c00000, 0x00000000d5580000)
  object space 159744K, 99% used [0x0000000080000000,0x0000000089bac5d0,0x0000000089c00000)
 Metaspace       used 66788K, capacity 68350K, committed 68736K, reserved 1107968K
  class space    used 8835K, capacity 9230K, committed 9344K, reserved 1048576K
Event: 203.383 GC heap after
Heap after GC invocations=28 (full 9):
 PSYoungGen      total 502784K, used 149938K [0x00000000d5580000, 0x0000000100000000, 0x0000000100000000)
  eden space 471040K, 31% used [0x00000000d5580000,0x00000000de7eca88,0x00000000f2180000)
  from space 31744K, 0% used [0x00000000f2180000,0x00000000f2180000,0x00000000f4080000)
  to   space 59904K, 0% used [0x00000000fc580000,0x00000000fc580000,0x0000000100000000)
 ParOldGen       total 159744K, used 159643K [0x0000000080000000, 0x0000000089c00000, 0x00000000d5580000)
  object space 159744K, 99% used [0x0000000080000000,0x0000000089be6fd8,0x0000000089c00000)
 Metaspace       used 66788K, capacity 68350K, committed 68736K, reserved 1107968K
  class space    used 8835K, capacity 9230K, committed 9344K, reserved 1048576K
}
Event: 208.573 GC heap before
{Heap before GC invocations=29 (full 10):
 PSYoungGen      total 502784K, used 471040K [0x00000000d5580000, 0x0000000100000000, 0x0000000100000000)
  eden space 471040K, 100% used [0x00000000d5580000,0x00000000f2180000,0x00000000f2180000)
  from space 31744K, 0% used [0x00000000f2180000,0x00000000f2180000,0x00000000f4080000)
  to   space 59904K, 0% used [0x00000000fc580000,0x00000000fc580000,0x0000000100000000)
 ParOldGen       total 159744K, used 159643K [0x0000000080000000, 0x0000000089c00000, 0x00000000d5580000)
  object space 159744K, 99% used [0x0000000080000000,0x0000000089be6fd8,0x0000000089c00000)
 Metaspace       used 66973K, capacity 68542K, committed 68736K, reserved 1107968K
  class space    used 8836K, capacity 9230K, committed 9344K, reserved 1048576K
Event: 214.290 GC heap after
Heap after GC invocations=29 (full 10):
 PSYoungGen      total 502784K, used 95310K [0x00000000d5580000, 0x0000000100000000, 0x0000000100000000)
  eden space 471040K, 20% used [0x00000000d5580000,0x00000000db293b38,0x00000000f2180000)
  from space 31744K, 0% used [0x00000000f2180000,0x00000000f2180000,0x00000000f4080000)
  to   space 59904K, 0% used [0x00000000fc580000,0x00000000fc580000,0x0000000100000000)
 ParOldGen       total 159744K, used 159617K [0x0000000080000000, 0x0000000089c00000, 0x00000000d5580000)
  object space 159744K, 99% used [0x0000000080000000,0x0000000089be06c0,0x0000000089c00000)
 Metaspace       used 66973K, capacity 68542K, committed 68736K, reserved 1107968K
  class space    used 8836K, capacity 9230K, committed 9344K, reserved 1048576K
}

