# JRE version: OpenJDK Runtime Environment (8.0_76-b03) (build 1.8.0_76-release-b03)
# Java VM: OpenJDK 64-Bit Server VM (25.76-b03 mixed mode windows-amd64 compressed oops)
Heap:
 PSYoungGen      total 459776K, used 325307K [0x0000000780000000, 0x000000079f480000, 0x00000007c0000000)
  eden space 418304K, 77% used [0x0000000780000000,0x0000000793daee28,0x0000000799880000)
  from space 41472K, 0% used [0x0000000799880000,0x0000000799880000,0x000000079c100000)
  to   space 27648K, 0% used [0x000000079c100000,0x000000079c100000,0x000000079dc00000)
 ParOldGen       total 129536K, used 129423K [0x0000000700000000, 0x0000000707e80000, 0x0000000780000000)
  object space 129536K, 99% used [0x0000000700000000,0x0000000707e63e98,0x0000000707e80000)
 Metaspace       used 62526K, capacity 63992K, committed 64512K, reserved 1105920K
  class space    used 8449K, capacity 8835K, committed 8960K, reserved 1048576K
GC Heap History (10 events):
Event: 55.200 GC heap before
{Heap before GC invocations=22 (full 4):
 PSYoungGen      total 445952K, used 27616K [0x0000000780000000, 0x000000079f480000, 0x00000007c0000000)
  eden space 418304K, 0% used [0x0000000780000000,0x0000000780000000,0x0000000799880000)
  from space 27648K, 99% used [0x000000079c100000,0x000000079dbf8010,0x000000079dc00000)
  to   space 41472K, 0% used [0x0000000799880000,0x0000000799880000,0x000000079c100000)
 ParOldGen       total 116224K, used 98749K [0x0000000700000000, 0x0000000707180000, 0x0000000780000000)
  object space 116224K, 84% used [0x0000000700000000,0x000000070606f718,0x0000000707180000)
 Metaspace       used 62334K, capacity 63870K, committed 64256K, reserved 1103872K
  class space    used 8447K, capacity 8836K, committed 8960K, reserved 1048576K
Event: 56.115 GC heap after
Heap after GC invocations=22 (full 4):
 PSYoungGen      total 445952K, used 0K [0x0000000780000000, 0x000000079f480000, 0x00000007c0000000)
  eden space 418304K, 0% used [0x0000000780000000,0x0000000780000000,0x0000000799880000)
  from space 27648K, 0% used [0x000000079c100000,0x000000079c100000,0x000000079dc00000)
  to   space 41472K, 0% used [0x0000000799880000,0x0000000799880000,0x000000079c100000)
 ParOldGen       total 116224K, used 88007K [0x0000000700000000, 0x0000000707180000, 0x0000000780000000)
  object space 116224K, 75% used [0x0000000700000000,0x00000007055f1f78,0x0000000707180000)
 Metaspace       used 62330K, capacity 63864K, committed 64256K, reserved 1103872K
  class space    used 8446K, capacity 8835K, committed 8960K, reserved 1048576K
}
Event: 59.237 GC heap before
{Heap before GC invocations=23 (full 4):
 PSYoungGen      total 445952K, used 418304K [0x0000000780000000, 0x000000079f480000, 0x00000007c0000000)
  eden space 418304K, 100% used [0x0000000780000000,0x0000000799880000,0x0000000799880000)
  from space 27648K, 0% used [0x000000079c100000,0x000000079c100000,0x000000079dc00000)
  to   space 41472K, 0% used [0x0000000799880000,0x0000000799880000,0x000000079c100000)
 ParOldGen       total 116224K, used 88007K [0x0000000700000000, 0x0000000707180000, 0x0000000780000000)
  object space 116224K, 75% used [0x0000000700000000,0x00000007055f1f78,0x0000000707180000)
 Metaspace       used 62411K, capacity 63928K, committed 64256K, reserved 1103872K
  class space    used 8446K, capacity 8835K, committed 8960K, reserved 1048576K
Event: 59.516 GC heap after
Heap after GC invocations=23 (full 4):
 PSYoungGen      total 459776K, used 41472K [0x0000000780000000, 0x000000079f480000, 0x00000007c0000000)
  eden space 418304K, 0% used [0x0000000780000000,0x0000000780000000,0x0000000799880000)
  from space 41472K, 100% used [0x0000000799880000,0x000000079c100000,0x000000079c100000)
  to   space 27648K, 0% used [0x000000079c100000,0x000000079c100000,0x000000079dc00000)
 ParOldGen       total 129536K, used 129181K [0x0000000700000000, 0x0000000707e80000, 0x0000000780000000)
  object space 129536K, 99% used [0x0000000700000000,0x0000000707e274d8,0x0000000707e80000)
 Metaspace       used 62411K, capacity 63928K, committed 64256K, reserved 1103872K
  class space    used 8446K, capacity 8835K, committed 8960K, reserved 1048576K
}
Event: 59.516 GC heap before
{Heap before GC invocations=24 (full 5):
 PSYoungGen      total 459776K, used 41472K [0x0000000780000000, 0x000000079f480000, 0x00000007c0000000)
  eden space 418304K, 0% used [0x0000000780000000,0x0000000780000000,0x0000000799880000)
  from space 41472K, 100% used [0x0000000799880000,0x000000079c100000,0x000000079c100000)
  to   space 27648K, 0% used [0x000000079c100000,0x000000079c100000,0x000000079dc00000)
 ParOldGen       total 129536K, used 129181K [0x0000000700000000, 0x0000000707e80000, 0x0000000780000000)
  object space 129536K, 99% used [0x0000000700000000,0x0000000707e274d8,0x0000000707e80000)
 Metaspace       used 62411K, capacity 63928K, committed 64256K, reserved 1103872K
  class space    used 8446K, capacity 8835K, committed 8960K, reserved 1048576K
Event: 61.484 GC heap after
Heap after GC invocations=24 (full 5):
 PSYoungGen      total 459776K, used 25926K [0x0000000780000000, 0x000000079f480000, 0x00000007c0000000)
  eden space 418304K, 0% used [0x0000000780000000,0x0000000780000000,0x0000000799880000)
  from space 41472K, 62% used [0x0000000799880000,0x000000079b1d1840,0x000000079c100000)
  to   space 27648K, 0% used [0x000000079c100000,0x000000079c100000,0x000000079dc00000)
 ParOldGen       total 129536K, used 129217K [0x0000000700000000, 0x0000000707e80000, 0x0000000780000000)
  object space 129536K, 99% used [0x0000000700000000,0x0000000707e304a8,0x0000000707e80000)
 Metaspace       used 62411K, capacity 63928K, committed 64256K, reserved 1103872K
  class space    used 8446K, capacity 8835K, committed 8960K, reserved 1048576K
}
Event: 64.647 GC heap before
{Heap before GC invocations=25 (full 6):
 PSYoungGen      total 459776K, used 444230K [0x0000000780000000, 0x000000079f480000, 0x00000007c0000000)
  eden space 418304K, 100% used [0x0000000780000000,0x0000000799880000,0x0000000799880000)
  from space 41472K, 62% used [0x0000000799880000,0x000000079b1d1840,0x000000079c100000)
  to   space 27648K, 0% used [0x000000079c100000,0x000000079c100000,0x000000079dc00000)
 ParOldGen       total 129536K, used 129217K [0x0000000700000000, 0x0000000707e80000, 0x0000000780000000)
  object space 129536K, 99% used [0x0000000700000000,0x0000000707e304a8,0x0000000707e80000)
 Metaspace       used 62455K, capacity 63928K, committed 64256K, reserved 1103872K
  class space    used 8447K, capacity 8835K, committed 8960K, reserved 1048576K
Event: 67.899 GC heap after
Heap after GC invocations=25 (full 6):
 PSYoungGen      total 459776K, used 102382K [0x0000000780000000, 0x000000079f480000, 0x00000007c0000000)
  eden space 418304K, 24% used [0x0000000780000000,0x00000007863fba08,0x0000000799880000)
  from space 41472K, 0% used [0x0000000799880000,0x0000000799880000,0x000000079c100000)
  to   space 27648K, 0% used [0x000000079c100000,0x000000079c100000,0x000000079dc00000)
 ParOldGen       total 129536K, used 129444K [0x0000000700000000, 0x0000000707e80000, 0x0000000780000000)
  object space 129536K, 99% used [0x0000000700000000,0x0000000707e69140,0x0000000707e80000)
 Metaspace       used 62455K, capacity 63928K, committed 64256K, reserved 1103872K
  class space    used 8447K, capacity 8835K, committed 8960K, reserved 1048576K
}
Event: 69.368 GC heap before
{Heap before GC invocations=26 (full 7):
 PSYoungGen      total 459776K, used 418304K [0x0000000780000000, 0x000000079f480000, 0x00000007c0000000)
  eden space 418304K, 100% used [0x0000000780000000,0x0000000799880000,0x0000000799880000)
  from space 41472K, 0% used [0x0000000799880000,0x0000000799880000,0x000000079c100000)
  to   space 27648K, 0% used [0x000000079c100000,0x000000079c100000,0x000000079dc00000)
 ParOldGen       total 129536K, used 129444K [0x0000000700000000, 0x0000000707e80000, 0x0000000780000000)
  object space 129536K, 99% used [0x0000000700000000,0x0000000707e69140,0x0000000707e80000)
 Metaspace       used 62487K, capacity 63992K, committed 64512K, reserved 1105920K
  class space    used 8449K, capacity 8835K, committed 8960K, reserved 1048576K
Event: 73.860 GC heap after
Heap after GC invocations=26 (full 7):
 PSYoungGen      total 459776K, used 169128K [0x0000000780000000, 0x000000079f480000, 0x00000007c0000000)
  eden space 418304K, 40% used [0x0000000780000000,0x000000078a52a160,0x0000000799880000)
  from space 41472K, 0% used [0x0000000799880000,0x0000000799880000,0x000000079c100000)
  to   space 27648K, 0% used [0x000000079c100000,0x000000079c100000,0x000000079dc00000)
 ParOldGen       total 129536K, used 129423K [0x0000000700000000, 0x0000000707e80000, 0x0000000780000000)
  object space 129536K, 99% used [0x0000000700000000,0x0000000707e63e98,0x0000000707e80000)
 Metaspace       used 62487K, capacity 63992K, committed 64512K, reserved 1105920K
  class space    used 8449K, capacity 8835K, committed 8960K, reserved 1048576K
}

