# JRE version: OpenJDK Runtime Environment (8.0_76-b03) (build 1.8.0_76-release-b03)
# Java VM: OpenJDK 64-Bit Server VM (25.76-b03 mixed mode windows-amd64 compressed oops)
Heap:
 PSYoungGen      total 446464K, used 121366K [0x00000000d5580000, 0x00000000f6c80000, 0x0000000100000000)
  eden space 358912K, 9% used [0x00000000d5580000,0x00000000d7785b70,0x00000000eb400000)
  from space 87552K, 98% used [0x00000000eb400000,0x00000000f0880000,0x00000000f0980000)
  to   space 77824K, 0% used [0x00000000f0980000,0x00000000f0980000,0x00000000f5580000)
 ParOldGen       total 390144K, used 251756K [0x0000000080000000, 0x0000000097d00000, 0x00000000d5580000)
  object space 390144K, 64% used [0x0000000080000000,0x000000008f5db348,0x0000000097d00000)
 Metaspace       used 62607K, capacity 64078K, committed 64384K, reserved 1105920K
  class space    used 8454K, capacity 8802K, committed 8832K, reserved 1048576K
GC Heap History (10 events):
Event: 60.692 GC heap before
{Heap before GC invocations=30 (full 4):
 PSYoungGen      total 352768K, used 38896K [0x00000000d5580000, 0x00000000f1c00000, 0x0000000100000000)
  eden space 313856K, 0% used [0x00000000d5580000,0x00000000d5580000,0x00000000e8800000)
  from space 38912K, 99% used [0x00000000ec500000,0x00000000eeafc120,0x00000000eeb00000)
  to   space 62464K, 0% used [0x00000000e8800000,0x00000000e8800000,0x00000000ec500000)
 ParOldGen       total 133632K, used 132781K [0x0000000080000000, 0x0000000088280000, 0x00000000d5580000)
  object space 133632K, 99% used [0x0000000080000000,0x00000000881ab5f8,0x0000000088280000)
 Metaspace       used 62462K, capacity 63886K, committed 64128K, reserved 1103872K
  class space    used 8452K, capacity 8802K, committed 8832K, reserved 1048576K
Event: 62.652 GC heap after
Heap after GC invocations=30 (full 4):
 PSYoungGen      total 352768K, used 6561K [0x00000000d5580000, 0x00000000f1c00000, 0x0000000100000000)
  eden space 313856K, 0% used [0x00000000d5580000,0x00000000d5580000,0x00000000e8800000)
  from space 38912K, 16% used [0x00000000ec500000,0x00000000ecb68740,0x00000000eeb00000)
  to   space 62464K, 0% used [0x00000000e8800000,0x00000000e8800000,0x00000000ec500000)
 ParOldGen       total 244224K, used 133442K [0x0000000080000000, 0x000000008ee80000, 0x00000000d5580000)
  object space 244224K, 54% used [0x0000000080000000,0x00000000882508c0,0x000000008ee80000)
 Metaspace       used 62462K, capacity 63886K, committed 64128K, reserved 1103872K
  class space    used 8452K, capacity 8802K, committed 8832K, reserved 1048576K
}
Event: 64.517 GC heap before
{Heap before GC invocations=31 (full 4):
 PSYoungGen      total 352768K, used 320417K [0x00000000d5580000, 0x00000000f1c00000, 0x0000000100000000)
  eden space 313856K, 100% used [0x00000000d5580000,0x00000000e8800000,0x00000000e8800000)
  from space 38912K, 16% used [0x00000000ec500000,0x00000000ecb68740,0x00000000eeb00000)
  to   space 62464K, 0% used [0x00000000e8800000,0x00000000e8800000,0x00000000ec500000)
 ParOldGen       total 244224K, used 133442K [0x0000000080000000, 0x000000008ee80000, 0x00000000d5580000)
  object space 244224K, 54% used [0x0000000080000000,0x00000000882508c0,0x000000008ee80000)
 Metaspace       used 62492K, capacity 63950K, committed 64128K, reserved 1103872K
  class space    used 8452K, capacity 8802K, committed 8832K, reserved 1048576K
Event: 64.835 GC heap after
Heap after GC invocations=31 (full 4):
 PSYoungGen      total 376320K, used 62448K [0x00000000d5580000, 0x00000000f5580000, 0x0000000100000000)
  eden space 313856K, 0% used [0x00000000d5580000,0x00000000d5580000,0x00000000e8800000)
  from space 62464K, 99% used [0x00000000e8800000,0x00000000ec4fc0c0,0x00000000ec500000)
  to   space 77824K, 0% used [0x00000000f0980000,0x00000000f0980000,0x00000000f5580000)
 ParOldGen       total 244224K, used 145424K [0x0000000080000000, 0x000000008ee80000, 0x00000000d5580000)
  object space 244224K, 59% used [0x0000000080000000,0x0000000088e042a0,0x000000008ee80000)
 Metaspace       used 62492K, capacity 63950K, committed 64128K, reserved 1103872K
  class space    used 8452K, capacity 8802K, committed 8832K, reserved 1048576K
}
Event: 66.902 GC heap before
{Heap before GC invocations=32 (full 4):
 PSYoungGen      total 376320K, used 376304K [0x00000000d5580000, 0x00000000f5580000, 0x0000000100000000)
  eden space 313856K, 100% used [0x00000000d5580000,0x00000000e8800000,0x00000000e8800000)
  from space 62464K, 99% used [0x00000000e8800000,0x00000000ec4fc0c0,0x00000000ec500000)
  to   space 77824K, 0% used [0x00000000f0980000,0x00000000f0980000,0x00000000f5580000)
 ParOldGen       total 244224K, used 145424K [0x0000000080000000, 0x000000008ee80000, 0x00000000d5580000)
  object space 244224K, 59% used [0x0000000080000000,0x0000000088e042a0,0x000000008ee80000)
 Metaspace       used 62532K, capacity 63950K, committed 64128K, reserved 1103872K
  class space    used 8453K, capacity 8802K, committed 8832K, reserved 1048576K
Event: 67.285 GC heap after
Heap after GC invocations=32 (full 4):
 PSYoungGen      total 436736K, used 65578K [0x00000000d5580000, 0x00000000f6c80000, 0x0000000100000000)
  eden space 358912K, 0% used [0x00000000d5580000,0x00000000d5580000,0x00000000eb400000)
  from space 77824K, 84% used [0x00000000f0980000,0x00000000f498ab40,0x00000000f5580000)
  to   space 87552K, 0% used [0x00000000eb400000,0x00000000eb400000,0x00000000f0980000)
 ParOldGen       total 244224K, used 207393K [0x0000000080000000, 0x000000008ee80000, 0x00000000d5580000)
  object space 244224K, 84% used [0x0000000080000000,0x000000008ca88728,0x000000008ee80000)
 Metaspace       used 62532K, capacity 63950K, committed 64128K, reserved 1103872K
  class space    used 8453K, capacity 8802K, committed 8832K, reserved 1048576K
}
Event: 67.285 GC heap before
{Heap before GC invocations=33 (full 5):
 PSYoungGen      total 436736K, used 65578K [0x00000000d5580000, 0x00000000f6c80000, 0x0000000100000000)
  eden space 358912K, 0% used [0x00000000d5580000,0x00000000d5580000,0x00000000eb400000)
  from space 77824K, 84% used [0x00000000f0980000,0x00000000f498ab40,0x00000000f5580000)
  to   space 87552K, 0% used [0x00000000eb400000,0x00000000eb400000,0x00000000f0980000)
 ParOldGen       total 244224K, used 207393K [0x0000000080000000, 0x000000008ee80000, 0x00000000d5580000)
  object space 244224K, 84% used [0x0000000080000000,0x000000008ca88728,0x000000008ee80000)
 Metaspace       used 62532K, capacity 63950K, committed 64128K, reserved 1103872K
  class space    used 8453K, capacity 8802K, committed 8832K, reserved 1048576K
Event: 70.449 GC heap after
Heap after GC invocations=33 (full 5):
 PSYoungGen      total 436736K, used 8501K [0x00000000d5580000, 0x00000000f6c80000, 0x0000000100000000)
  eden space 358912K, 0% used [0x00000000d5580000,0x00000000d5580000,0x00000000eb400000)
  from space 77824K, 10% used [0x00000000f0980000,0x00000000f11cd628,0x00000000f5580000)
  to   space 87552K, 0% used [0x00000000eb400000,0x00000000eb400000,0x00000000f0980000)
 ParOldGen       total 390144K, used 244140K [0x0000000080000000, 0x0000000097d00000, 0x00000000d5580000)
  object space 390144K, 62% used [0x0000000080000000,0x000000008ee6b348,0x0000000097d00000)
 Metaspace       used 62532K, capacity 63950K, committed 64128K, reserved 1103872K
  class space    used 8453K, capacity 8802K, committed 8832K, reserved 1048576K
}
Event: 72.510 GC heap before
{Heap before GC invocations=34 (full 5):
 PSYoungGen      total 436736K, used 367413K [0x00000000d5580000, 0x00000000f6c80000, 0x0000000100000000)
  eden space 358912K, 100% used [0x00000000d5580000,0x00000000eb400000,0x00000000eb400000)
  from space 77824K, 10% used [0x00000000f0980000,0x00000000f11cd628,0x00000000f5580000)
  to   space 87552K, 0% used [0x00000000eb400000,0x00000000eb400000,0x00000000f0980000)
 ParOldGen       total 390144K, used 244140K [0x0000000080000000, 0x0000000097d00000, 0x00000000d5580000)
  object space 390144K, 62% used [0x0000000080000000,0x000000008ee6b348,0x0000000097d00000)
 Metaspace       used 62597K, capacity 64014K, committed 64384K, reserved 1105920K
  class space    used 8454K, capacity 8802K, committed 8832K, reserved 1048576K
Event: 72.915 GC heap after
Heap after GC invocations=34 (full 5):
 PSYoungGen      total 446464K, used 86528K [0x00000000d5580000, 0x00000000f6c80000, 0x0000000100000000)
  eden space 358912K, 0% used [0x00000000d5580000,0x00000000d5580000,0x00000000eb400000)
  from space 87552K, 98% used [0x00000000eb400000,0x00000000f0880000,0x00000000f0980000)
  to   space 77824K, 0% used [0x00000000f0980000,0x00000000f0980000,0x00000000f5580000)
 ParOldGen       total 390144K, used 251756K [0x0000000080000000, 0x0000000097d00000, 0x00000000d5580000)
  object space 390144K, 64% used [0x0000000080000000,0x000000008f5db348,0x0000000097d00000)
 Metaspace       used 62597K, capacity 64014K, committed 64384K, reserved 1105920K
  class space    used 8454K, capacity 8802K, committed 8832K, reserved 1048576K
}

