# JRE version: OpenJDK Runtime Environment (8.0_76-b03) (build 1.8.0_76-release-b03)
# Java VM: OpenJDK 64-Bit Server VM (25.76-b03 mixed mode windows-amd64 compressed oops)
Heap:
 PSYoungGen      total 411136K, used 185323K [0x00000000d5580000, 0x0000000100000000, 0x0000000100000000)
  eden space 288256K, 64% used [0x00000000d5580000,0x00000000e0a7ada0,0x00000000e6f00000)
  from space 122880K, 0% used [0x00000000f8800000,0x00000000f8800000,0x0000000100000000)
  to   space 205312K, 0% used [0x00000000e6f00000,0x00000000e6f00000,0x00000000f3780000)
 ParOldGen       total 536064K, used 298161K [0x0000000080000000, 0x00000000a0b80000, 0x00000000d5580000)
  object space 536064K, 55% used [0x0000000080000000,0x000000009232c630,0x00000000a0b80000)
 Metaspace       used 68923K, capacity 71366K, committed 71680K, reserved 1112064K
  class space    used 9339K, capacity 9932K, committed 9984K, reserved 1048576K
GC Heap History (10 events):
Event: 159.785 GC heap before
{Heap before GC invocations=21 (full 5):
 PSYoungGen      total 654336K, used 628341K [0x00000000d5580000, 0x0000000100000000, 0x0000000100000000)
  eden space 609792K, 100% used [0x00000000d5580000,0x00000000fa900000,0x00000000fa900000)
  from space 44544K, 41% used [0x00000000fa900000,0x00000000fbb1d430,0x00000000fd480000)
  to   space 44544K, 0% used [0x00000000fd480000,0x00000000fd480000,0x0000000100000000)
 ParOldGen       total 316416K, used 184250K [0x0000000080000000, 0x0000000093500000, 0x00000000d5580000)
  object space 316416K, 58% used [0x0000000080000000,0x000000008b3eeb38,0x0000000093500000)
 Metaspace       used 68660K, capacity 71174K, committed 71424K, reserved 1110016K
  class space    used 9336K, capacity 9932K, committed 9984K, reserved 1048576K
Event: 161.186 GC heap after
Heap after GC invocations=21 (full 5):
 PSYoungGen      total 498688K, used 44544K [0x00000000d5580000, 0x0000000100000000, 0x0000000100000000)
  eden space 454144K, 0% used [0x00000000d5580000,0x00000000d5580000,0x00000000f1100000)
  from space 44544K, 100% used [0x00000000fd480000,0x0000000100000000,0x0000000100000000)
  to   space 122368K, 0% used [0x00000000f1100000,0x00000000f1100000,0x00000000f8880000)
 ParOldGen       total 316416K, used 289015K [0x0000000080000000, 0x0000000093500000, 0x00000000d5580000)
  object space 316416K, 91% used [0x0000000080000000,0x0000000091a3de28,0x0000000093500000)
 Metaspace       used 68660K, capacity 71174K, committed 71424K, reserved 1110016K
  class space    used 9336K, capacity 9932K, committed 9984K, reserved 1048576K
}
Event: 161.186 GC heap before
{Heap before GC invocations=22 (full 6):
 PSYoungGen      total 498688K, used 44544K [0x00000000d5580000, 0x0000000100000000, 0x0000000100000000)
  eden space 454144K, 0% used [0x00000000d5580000,0x00000000d5580000,0x00000000f1100000)
  from space 44544K, 100% used [0x00000000fd480000,0x0000000100000000,0x0000000100000000)
  to   space 122368K, 0% used [0x00000000f1100000,0x00000000f1100000,0x00000000f8880000)
 ParOldGen       total 316416K, used 289015K [0x0000000080000000, 0x0000000093500000, 0x00000000d5580000)
  object space 316416K, 91% used [0x0000000080000000,0x0000000091a3de28,0x0000000093500000)
 Metaspace       used 68660K, capacity 71174K, committed 71424K, reserved 1110016K
  class space    used 9336K, capacity 9932K, committed 9984K, reserved 1048576K
Event: 167.736 GC heap after
Heap after GC invocations=22 (full 6):
 PSYoungGen      total 498688K, used 2354K [0x00000000d5580000, 0x0000000100000000, 0x0000000100000000)
  eden space 454144K, 0% used [0x00000000d5580000,0x00000000d5580000,0x00000000f1100000)
  from space 44544K, 5% used [0x00000000fd480000,0x00000000fd6ccb20,0x0000000100000000)
  to   space 122368K, 0% used [0x00000000f1100000,0x00000000f1100000,0x00000000f8880000)
 ParOldGen       total 503808K, used 316335K [0x0000000080000000, 0x000000009ec00000, 0x00000000d5580000)
  object space 503808K, 62% used [0x0000000080000000,0x00000000934ebf10,0x000000009ec00000)
 Metaspace       used 68660K, capacity 71174K, committed 71424K, reserved 1110016K
  class space    used 9336K, capacity 9932K, committed 9984K, reserved 1048576K
}
Event: 173.867 GC heap before
{Heap before GC invocations=23 (full 6):
 PSYoungGen      total 498688K, used 456498K [0x00000000d5580000, 0x0000000100000000, 0x0000000100000000)
  eden space 454144K, 100% used [0x00000000d5580000,0x00000000f1100000,0x00000000f1100000)
  from space 44544K, 5% used [0x00000000fd480000,0x00000000fd6ccb20,0x0000000100000000)
  to   space 122368K, 0% used [0x00000000f1100000,0x00000000f1100000,0x00000000f8880000)
 ParOldGen       total 503808K, used 316335K [0x0000000080000000, 0x000000009ec00000, 0x00000000d5580000)
  object space 503808K, 62% used [0x0000000080000000,0x00000000934ebf10,0x000000009ec00000)
 Metaspace       used 68733K, capacity 71238K, committed 71680K, reserved 1112064K
  class space    used 9336K, capacity 9932K, committed 9984K, reserved 1048576K
Event: 174.991 GC heap after
Heap after GC invocations=23 (full 6):
 PSYoungGen      total 576000K, used 121408K [0x00000000d5580000, 0x0000000100000000, 0x0000000100000000)
  eden space 454144K, 0% used [0x00000000d5580000,0x00000000d5580000,0x00000000f1100000)
  from space 121856K, 99% used [0x00000000f1100000,0x00000000f8790000,0x00000000f8800000)
  to   space 122880K, 0% used [0x00000000f8800000,0x00000000f8800000,0x0000000100000000)
 ParOldGen       total 503808K, used 318719K [0x0000000080000000, 0x000000009ec00000, 0x00000000d5580000)
  object space 503808K, 63% used [0x0000000080000000,0x000000009373ff10,0x000000009ec00000)
 Metaspace       used 68733K, capacity 71238K, committed 71680K, reserved 1112064K
  class space    used 9336K, capacity 9932K, committed 9984K, reserved 1048576K
}
Event: 180.572 GC heap before
{Heap before GC invocations=24 (full 6):
 PSYoungGen      total 576000K, used 575552K [0x00000000d5580000, 0x0000000100000000, 0x0000000100000000)
  eden space 454144K, 100% used [0x00000000d5580000,0x00000000f1100000,0x00000000f1100000)
  from space 121856K, 99% used [0x00000000f1100000,0x00000000f8790000,0x00000000f8800000)
  to   space 122880K, 0% used [0x00000000f8800000,0x00000000f8800000,0x0000000100000000)
 ParOldGen       total 503808K, used 318719K [0x0000000080000000, 0x000000009ec00000, 0x00000000d5580000)
  object space 503808K, 63% used [0x0000000080000000,0x000000009373ff10,0x000000009ec00000)
 Metaspace       used 68763K, capacity 71238K, committed 71680K, reserved 1112064K
  class space    used 9336K, capacity 9932K, committed 9984K, reserved 1048576K
Event: 182.136 GC heap after
Heap after GC invocations=24 (full 6):
 PSYoungGen      total 411136K, used 122849K [0x00000000d5580000, 0x0000000100000000, 0x0000000100000000)
  eden space 288256K, 0% used [0x00000000d5580000,0x00000000d5580000,0x00000000e6f00000)
  from space 122880K, 99% used [0x00000000f8800000,0x00000000ffff8620,0x0000000100000000)
  to   space 205312K, 0% used [0x00000000e6f00000,0x00000000e6f00000,0x00000000f3780000)
 ParOldGen       total 503808K, used 435413K [0x0000000080000000, 0x000000009ec00000, 0x00000000d5580000)
  object space 503808K, 86% used [0x0000000080000000,0x000000009a935498,0x000000009ec00000)
 Metaspace       used 68763K, capacity 71238K, committed 71680K, reserved 1112064K
  class space    used 9336K, capacity 9932K, committed 9984K, reserved 1048576K
}
Event: 182.136 GC heap before
{Heap before GC invocations=25 (full 7):
 PSYoungGen      total 411136K, used 122849K [0x00000000d5580000, 0x0000000100000000, 0x0000000100000000)
  eden space 288256K, 0% used [0x00000000d5580000,0x00000000d5580000,0x00000000e6f00000)
  from space 122880K, 99% used [0x00000000f8800000,0x00000000ffff8620,0x0000000100000000)
  to   space 205312K, 0% used [0x00000000e6f00000,0x00000000e6f00000,0x00000000f3780000)
 ParOldGen       total 503808K, used 435413K [0x0000000080000000, 0x000000009ec00000, 0x00000000d5580000)
  object space 503808K, 86% used [0x0000000080000000,0x000000009a935498,0x000000009ec00000)
 Metaspace       used 68763K, capacity 71238K, committed 71680K, reserved 1112064K
  class space    used 9336K, capacity 9932K, committed 9984K, reserved 1048576K
Event: 186.723 GC heap after
Heap after GC invocations=25 (full 7):
 PSYoungGen      total 411136K, used 0K [0x00000000d5580000, 0x0000000100000000, 0x0000000100000000)
  eden space 288256K, 0% used [0x00000000d5580000,0x00000000d5580000,0x00000000e6f00000)
  from space 122880K, 0% used [0x00000000f8800000,0x00000000f8800000,0x0000000100000000)
  to   space 205312K, 0% used [0x00000000e6f00000,0x00000000e6f00000,0x00000000f3780000)
 ParOldGen       total 536064K, used 298161K [0x0000000080000000, 0x00000000a0b80000, 0x00000000d5580000)
  object space 536064K, 55% used [0x0000000080000000,0x000000009232c630,0x00000000a0b80000)
 Metaspace       used 68763K, capacity 71238K, committed 71680K, reserved 1112064K
  class space    used 9336K, capacity 9932K, committed 9984K, reserved 1048576K
}

