# JRE version: OpenJDK Runtime Environment (8.0_76-b03) (build 1.8.0_76-release-b03)
# Java VM: OpenJDK 64-Bit Server VM (25.76-b03 mixed mode windows-amd64 compressed oops)
Heap:
 PSYoungGen      total 570880K, used 160468K [0x00000000d5580000, 0x0000000100000000, 0x0000000100000000)
  eden space 442880K, 7% used [0x00000000d5580000,0x00000000d7535380,0x00000000f0600000)
  from space 128000K, 100% used [0x00000000f0600000,0x00000000f8300000,0x00000000f8300000)
  to   space 128000K, 0% used [0x00000000f8300000,0x00000000f8300000,0x0000000100000000)
 ParOldGen       total 584704K, used 484790K [0x0000000080000000, 0x00000000a3b00000, 0x00000000d5580000)
  object space 584704K, 82% used [0x0000000080000000,0x000000009d96d9f8,0x00000000a3b00000)
 Metaspace       used 71722K, capacity 74174K, committed 74368K, reserved 1114112K
  class space    used 9481K, capacity 10060K, committed 10112K, reserved 1048576K
GC Heap History (10 events):
Event: 142.272 GC heap before
{Heap before GC invocations=25 (full 5):
 PSYoungGen      total 427520K, used 427512K [0x00000000d5580000, 0x00000000f9980000, 0x0000000100000000)
  eden space 351744K, 100% used [0x00000000d5580000,0x00000000ead00000,0x00000000ead00000)
  from space 75776K, 99% used [0x00000000ead00000,0x00000000ef6fe318,0x00000000ef700000)
  to   space 89600K, 0% used [0x00000000f4200000,0x00000000f4200000,0x00000000f9980000)
 ParOldGen       total 373760K, used 222230K [0x0000000080000000, 0x0000000096d00000, 0x00000000d5580000)
  object space 373760K, 59% used [0x0000000080000000,0x000000008d905b28,0x0000000096d00000)
 Metaspace       used 71633K, capacity 74014K, committed 74368K, reserved 1114112K
  class space    used 9472K, capacity 10028K, committed 10112K, reserved 1048576K
Event: 142.737 GC heap after
Heap after GC invocations=25 (full 5):
 PSYoungGen      total 492544K, used 80772K [0x00000000d5580000, 0x00000000fc200000, 0x0000000100000000)
  eden space 402944K, 0% used [0x00000000d5580000,0x00000000d5580000,0x00000000edf00000)
  from space 89600K, 90% used [0x00000000f4200000,0x00000000f90e1030,0x00000000f9980000)
  to   space 101376K, 0% used [0x00000000edf00000,0x00000000edf00000,0x00000000f4200000)
 ParOldGen       total 373760K, used 291951K [0x0000000080000000, 0x0000000096d00000, 0x00000000d5580000)
  object space 373760K, 78% used [0x0000000080000000,0x0000000091d1bf10,0x0000000096d00000)
 Metaspace       used 71633K, capacity 74014K, committed 74368K, reserved 1114112K
  class space    used 9472K, capacity 10028K, committed 10112K, reserved 1048576K
}
Event: 144.603 GC heap before
{Heap before GC invocations=26 (full 5):
 PSYoungGen      total 492544K, used 483716K [0x00000000d5580000, 0x00000000fc200000, 0x0000000100000000)
  eden space 402944K, 100% used [0x00000000d5580000,0x00000000edf00000,0x00000000edf00000)
  from space 89600K, 90% used [0x00000000f4200000,0x00000000f90e1030,0x00000000f9980000)
  to   space 101376K, 0% used [0x00000000edf00000,0x00000000edf00000,0x00000000f4200000)
 ParOldGen       total 373760K, used 291951K [0x0000000080000000, 0x0000000096d00000, 0x00000000d5580000)
  object space 373760K, 78% used [0x0000000080000000,0x0000000091d1bf10,0x0000000096d00000)
 Metaspace       used 71641K, capacity 74014K, committed 74368K, reserved 1114112K
  class space    used 9472K, capacity 10028K, committed 10112K, reserved 1048576K
Event: 145.121 GC heap after
Heap after GC invocations=26 (full 5):
 PSYoungGen      total 504320K, used 93260K [0x00000000d5580000, 0x0000000100000000, 0x0000000100000000)
  eden space 402944K, 0% used [0x00000000d5580000,0x00000000d5580000,0x00000000edf00000)
  from space 101376K, 91% used [0x00000000edf00000,0x00000000f3a13320,0x00000000f4200000)
  to   space 115712K, 0% used [0x00000000f8f00000,0x00000000f8f00000,0x0000000100000000)
 ParOldGen       total 373760K, used 363239K [0x0000000080000000, 0x0000000096d00000, 0x00000000d5580000)
  object space 373760K, 97% used [0x0000000080000000,0x00000000962b9f50,0x0000000096d00000)
 Metaspace       used 71641K, capacity 74014K, committed 74368K, reserved 1114112K
  class space    used 9472K, capacity 10028K, committed 10112K, reserved 1048576K
}
Event: 145.122 GC heap before
{Heap before GC invocations=27 (full 6):
 PSYoungGen      total 504320K, used 93260K [0x00000000d5580000, 0x0000000100000000, 0x0000000100000000)
  eden space 402944K, 0% used [0x00000000d5580000,0x00000000d5580000,0x00000000edf00000)
  from space 101376K, 91% used [0x00000000edf00000,0x00000000f3a13320,0x00000000f4200000)
  to   space 115712K, 0% used [0x00000000f8f00000,0x00000000f8f00000,0x0000000100000000)
 ParOldGen       total 373760K, used 363239K [0x0000000080000000, 0x0000000096d00000, 0x00000000d5580000)
  object space 373760K, 97% used [0x0000000080000000,0x00000000962b9f50,0x0000000096d00000)
 Metaspace       used 71641K, capacity 74014K, committed 74368K, reserved 1114112K
  class space    used 9472K, capacity 10028K, committed 10112K, reserved 1048576K
Event: 152.177 GC heap after
Heap after GC invocations=27 (full 6):
 PSYoungGen      total 504320K, used 48712K [0x00000000d5580000, 0x0000000100000000, 0x0000000100000000)
  eden space 402944K, 0% used [0x00000000d5580000,0x00000000d5580000,0x00000000edf00000)
  from space 101376K, 48% used [0x00000000edf00000,0x00000000f0e92300,0x00000000f4200000)
  to   space 115712K, 0% used [0x00000000f8f00000,0x00000000f8f00000,0x0000000100000000)
 ParOldGen       total 584704K, used 373647K [0x0000000080000000, 0x00000000a3b00000, 0x00000000d5580000)
  object space 584704K, 63% used [0x0000000080000000,0x0000000096ce3f38,0x00000000a3b00000)
 Metaspace       used 71641K, capacity 74014K, committed 74368K, reserved 1114112K
  class space    used 9472K, capacity 10028K, committed 10112K, reserved 1048576K
}
Event: 153.882 GC heap before
{Heap before GC invocations=28 (full 6):
 PSYoungGen      total 504320K, used 451656K [0x00000000d5580000, 0x0000000100000000, 0x0000000100000000)
  eden space 402944K, 100% used [0x00000000d5580000,0x00000000edf00000,0x00000000edf00000)
  from space 101376K, 48% used [0x00000000edf00000,0x00000000f0e92300,0x00000000f4200000)
  to   space 115712K, 0% used [0x00000000f8f00000,0x00000000f8f00000,0x0000000100000000)
 ParOldGen       total 584704K, used 373647K [0x0000000080000000, 0x00000000a3b00000, 0x00000000d5580000)
  object space 584704K, 63% used [0x0000000080000000,0x0000000096ce3f38,0x00000000a3b00000)
 Metaspace       used 71657K, capacity 74014K, committed 74368K, reserved 1114112K
  class space    used 9472K, capacity 10028K, committed 10112K, reserved 1048576K
Event: 154.631 GC heap after
Heap after GC invocations=28 (full 6):
 PSYoungGen      total 558592K, used 95836K [0x00000000d5580000, 0x0000000100000000, 0x0000000100000000)
  eden space 442880K, 0% used [0x00000000d5580000,0x00000000d5580000,0x00000000f0600000)
  from space 115712K, 82% used [0x00000000f8f00000,0x00000000fec970b8,0x0000000100000000)
  to   space 128000K, 0% used [0x00000000f0600000,0x00000000f0600000,0x00000000f8300000)
 ParOldGen       total 584704K, used 415215K [0x0000000080000000, 0x00000000a3b00000, 0x00000000d5580000)
  object space 584704K, 71% used [0x0000000080000000,0x000000009957bdc0,0x00000000a3b00000)
 Metaspace       used 71657K, capacity 74014K, committed 74368K, reserved 1114112K
  class space    used 9472K, capacity 10028K, committed 10112K, reserved 1048576K
}
Event: 156.376 GC heap before
{Heap before GC invocations=29 (full 6):
 PSYoungGen      total 558592K, used 538716K [0x00000000d5580000, 0x0000000100000000, 0x0000000100000000)
  eden space 442880K, 100% used [0x00000000d5580000,0x00000000f0600000,0x00000000f0600000)
  from space 115712K, 82% used [0x00000000f8f00000,0x00000000fec970b8,0x0000000100000000)
  to   space 128000K, 0% used [0x00000000f0600000,0x00000000f0600000,0x00000000f8300000)
 ParOldGen       total 584704K, used 415215K [0x0000000080000000, 0x00000000a3b00000, 0x00000000d5580000)
  object space 584704K, 71% used [0x0000000080000000,0x000000009957bdc0,0x00000000a3b00000)
 Metaspace       used 71678K, capacity 74078K, committed 74368K, reserved 1114112K
  class space    used 9472K, capacity 10028K, committed 10112K, reserved 1048576K
Event: 156.935 GC heap after
Heap after GC invocations=29 (full 6):
 PSYoungGen      total 570880K, used 128000K [0x00000000d5580000, 0x0000000100000000, 0x0000000100000000)
  eden space 442880K, 0% used [0x00000000d5580000,0x00000000d5580000,0x00000000f0600000)
  from space 128000K, 100% used [0x00000000f0600000,0x00000000f8300000,0x00000000f8300000)
  to   space 128000K, 0% used [0x00000000f8300000,0x00000000f8300000,0x0000000100000000)
 ParOldGen       total 584704K, used 484790K [0x0000000080000000, 0x00000000a3b00000, 0x00000000d5580000)
  object space 584704K, 82% used [0x0000000080000000,0x000000009d96d9f8,0x00000000a3b00000)
 Metaspace       used 71678K, capacity 74078K, committed 74368K, reserved 1114112K
  class space    used 9472K, capacity 10028K, committed 10112K, reserved 1048576K
}

