# JRE version: OpenJDK Runtime Environment (8.0_76-b03) (build 1.8.0_76-release-b03)
# Java VM: OpenJDK 64-Bit Server VM (25.76-b03 mixed mode windows-amd64 compressed oops)
Heap:
 PSYoungGen      total 474624K, used 148503K [0x00000000d5580000, 0x0000000100000000, 0x0000000100000000)
  eden space 250368K, 26% used [0x00000000d5580000,0x00000000d96b5dc0,0x00000000e4a00000)
  from space 224256K, 36% used [0x00000000e4a00000,0x00000000e99d0000,0x00000000f2500000)
  to   space 212480K, 0% used [0x00000000f3080000,0x00000000f3080000,0x0000000100000000)
 ParOldGen       total 686592K, used 482151K [0x0000000080000000, 0x00000000a9e80000, 0x00000000d5580000)
  object space 686592K, 70% used [0x0000000080000000,0x000000009d6d9fe0,0x00000000a9e80000)
 Metaspace       used 70997K, capacity 73432K, committed 73600K, reserved 1112064K
  class space    used 9467K, capacity 10027K, committed 10112K, reserved 1048576K
GC Heap History (10 events):
Event: 259.828 GC heap before
{Heap before GC invocations=23 (full 5):
 PSYoungGen      total 523264K, used 53760K [0x00000000d5580000, 0x0000000100000000, 0x0000000100000000)
  eden space 469504K, 0% used [0x00000000d5580000,0x00000000d5580000,0x00000000f2000000)
  from space 53760K, 100% used [0x00000000f9e00000,0x00000000fd280000,0x00000000fd280000)
  to   space 114688K, 0% used [0x00000000f2000000,0x00000000f2000000,0x00000000f9000000)
 ParOldGen       total 265216K, used 263952K [0x0000000080000000, 0x0000000090300000, 0x00000000d5580000)
  object space 265216K, 99% used [0x0000000080000000,0x00000000901c4148,0x0000000090300000)
 Metaspace       used 70957K, capacity 73368K, committed 73600K, reserved 1112064K
  class space    used 9466K, capacity 10027K, committed 10112K, reserved 1048576K
Event: 263.679 GC heap after
Heap after GC invocations=23 (full 5):
 PSYoungGen      total 523264K, used 10895K [0x00000000d5580000, 0x0000000100000000, 0x0000000100000000)
  eden space 469504K, 0% used [0x00000000d5580000,0x00000000d5580000,0x00000000f2000000)
  from space 53760K, 20% used [0x00000000f9e00000,0x00000000fa8a3ff8,0x00000000fd280000)
  to   space 114688K, 0% used [0x00000000f2000000,0x00000000f2000000,0x00000000f9000000)
 ParOldGen       total 414720K, used 265037K [0x0000000080000000, 0x0000000099500000, 0x00000000d5580000)
  object space 414720K, 63% used [0x0000000080000000,0x00000000902d3420,0x0000000099500000)
 Metaspace       used 70957K, capacity 73368K, committed 73600K, reserved 1112064K
  class space    used 9466K, capacity 10027K, committed 10112K, reserved 1048576K
}
Event: 265.569 GC heap before
{Heap before GC invocations=24 (full 5):
 PSYoungGen      total 523264K, used 480399K [0x00000000d5580000, 0x0000000100000000, 0x0000000100000000)
  eden space 469504K, 100% used [0x00000000d5580000,0x00000000f2000000,0x00000000f2000000)
  from space 53760K, 20% used [0x00000000f9e00000,0x00000000fa8a3ff8,0x00000000fd280000)
  to   space 114688K, 0% used [0x00000000f2000000,0x00000000f2000000,0x00000000f9000000)
 ParOldGen       total 414720K, used 265040K [0x0000000080000000, 0x0000000099500000, 0x00000000d5580000)
  object space 414720K, 63% used [0x0000000080000000,0x00000000902d4020,0x0000000099500000)
 Metaspace       used 70976K, capacity 73368K, committed 73600K, reserved 1112064K
  class space    used 9467K, capacity 10027K, committed 10112K, reserved 1048576K
Event: 266.251 GC heap after
Heap after GC invocations=24 (full 5):
 PSYoungGen      total 584192K, used 114688K [0x00000000d5580000, 0x0000000100000000, 0x0000000100000000)
  eden space 469504K, 0% used [0x00000000d5580000,0x00000000d5580000,0x00000000f2000000)
  from space 114688K, 100% used [0x00000000f2000000,0x00000000f9000000,0x00000000f9000000)
  to   space 114688K, 0% used [0x00000000f9000000,0x00000000f9000000,0x0000000100000000)
 ParOldGen       total 414720K, used 312389K [0x0000000080000000, 0x0000000099500000, 0x00000000d5580000)
  object space 414720K, 75% used [0x0000000080000000,0x00000000931116e0,0x0000000099500000)
 Metaspace       used 70976K, capacity 73368K, committed 73600K, reserved 1112064K
  class space    used 9467K, capacity 10027K, committed 10112K, reserved 1048576K
}
Event: 267.902 GC heap before
{Heap before GC invocations=25 (full 5):
 PSYoungGen      total 584192K, used 584192K [0x00000000d5580000, 0x0000000100000000, 0x0000000100000000)
  eden space 469504K, 100% used [0x00000000d5580000,0x00000000f2000000,0x00000000f2000000)
  from space 114688K, 100% used [0x00000000f2000000,0x00000000f9000000,0x00000000f9000000)
  to   space 114688K, 0% used [0x00000000f9000000,0x00000000f9000000,0x0000000100000000)
 ParOldGen       total 414720K, used 312391K [0x0000000080000000, 0x0000000099500000, 0x00000000d5580000)
  object space 414720K, 75% used [0x0000000080000000,0x0000000093111e88,0x0000000099500000)
 Metaspace       used 70985K, capacity 73368K, committed 73600K, reserved 1112064K
  class space    used 9467K, capacity 10027K, committed 10112K, reserved 1048576K
Event: 268.784 GC heap after
Heap after GC invocations=25 (full 5):
 PSYoungGen      total 365056K, used 114688K [0x00000000d5580000, 0x0000000100000000, 0x0000000100000000)
  eden space 250368K, 0% used [0x00000000d5580000,0x00000000d5580000,0x00000000e4a00000)
  from space 114688K, 100% used [0x00000000f9000000,0x0000000100000000,0x0000000100000000)
  to   space 224256K, 0% used [0x00000000e4a00000,0x00000000e4a00000,0x00000000f2500000)
 ParOldGen       total 470016K, used 469555K [0x0000000080000000, 0x000000009cb00000, 0x00000000d5580000)
  object space 470016K, 99% used [0x0000000080000000,0x000000009ca8cc80,0x000000009cb00000)
 Metaspace       used 70985K, capacity 73368K, committed 73600K, reserved 1112064K
  class space    used 9467K, capacity 10027K, committed 10112K, reserved 1048576K
}
Event: 268.784 GC heap before
{Heap before GC invocations=26 (full 6):
 PSYoungGen      total 365056K, used 114688K [0x00000000d5580000, 0x0000000100000000, 0x0000000100000000)
  eden space 250368K, 0% used [0x00000000d5580000,0x00000000d5580000,0x00000000e4a00000)
  from space 114688K, 100% used [0x00000000f9000000,0x0000000100000000,0x0000000100000000)
  to   space 224256K, 0% used [0x00000000e4a00000,0x00000000e4a00000,0x00000000f2500000)
 ParOldGen       total 470016K, used 469555K [0x0000000080000000, 0x000000009cb00000, 0x00000000d5580000)
  object space 470016K, 99% used [0x0000000080000000,0x000000009ca8cc80,0x000000009cb00000)
 Metaspace       used 70985K, capacity 73368K, committed 73600K, reserved 1112064K
  class space    used 9467K, capacity 10027K, committed 10112K, reserved 1048576K
Event: 275.378 GC heap after
Heap after GC invocations=26 (full 6):
 PSYoungGen      total 365056K, used 12272K [0x00000000d5580000, 0x0000000100000000, 0x0000000100000000)
  eden space 250368K, 0% used [0x00000000d5580000,0x00000000d5580000,0x00000000e4a00000)
  from space 114688K, 10% used [0x00000000f9000000,0x00000000f9bfc2d0,0x0000000100000000)
  to   space 224256K, 0% used [0x00000000e4a00000,0x00000000e4a00000,0x00000000f2500000)
 ParOldGen       total 686592K, used 469943K [0x0000000080000000, 0x00000000a9e80000, 0x00000000d5580000)
  object space 686592K, 68% used [0x0000000080000000,0x000000009caedfe0,0x00000000a9e80000)
 Metaspace       used 70985K, capacity 73368K, committed 73600K, reserved 1112064K
  class space    used 9467K, capacity 10027K, committed 10112K, reserved 1048576K
}
Event: 276.360 GC heap before
{Heap before GC invocations=27 (full 6):
 PSYoungGen      total 365056K, used 262640K [0x00000000d5580000, 0x0000000100000000, 0x0000000100000000)
  eden space 250368K, 100% used [0x00000000d5580000,0x00000000e4a00000,0x00000000e4a00000)
  from space 114688K, 10% used [0x00000000f9000000,0x00000000f9bfc2d0,0x0000000100000000)
  to   space 224256K, 0% used [0x00000000e4a00000,0x00000000e4a00000,0x00000000f2500000)
 ParOldGen       total 686592K, used 469943K [0x0000000080000000, 0x00000000a9e80000, 0x00000000d5580000)
  object space 686592K, 68% used [0x0000000080000000,0x000000009caedfe0,0x00000000a9e80000)
 Metaspace       used 70996K, capacity 73432K, committed 73600K, reserved 1112064K
  class space    used 9467K, capacity 10027K, committed 10112K, reserved 1048576K
Event: 276.977 GC heap after
Heap after GC invocations=27 (full 6):
 PSYoungGen      total 474624K, used 81728K [0x00000000d5580000, 0x0000000100000000, 0x0000000100000000)
  eden space 250368K, 0% used [0x00000000d5580000,0x00000000d5580000,0x00000000e4a00000)
  from space 224256K, 36% used [0x00000000e4a00000,0x00000000e99d0000,0x00000000f2500000)
  to   space 212480K, 0% used [0x00000000f3080000,0x00000000f3080000,0x0000000100000000)
 ParOldGen       total 686592K, used 482151K [0x0000000080000000, 0x00000000a9e80000, 0x00000000d5580000)
  object space 686592K, 70% used [0x0000000080000000,0x000000009d6d9fe0,0x00000000a9e80000)
 Metaspace       used 70996K, capacity 73432K, committed 73600K, reserved 1112064K
  class space    used 9467K, capacity 10027K, committed 10112K, reserved 1048576K
}

