# JRE version: OpenJDK Runtime Environment (8.0_76-b03) (build 1.8.0_76-release-b03)
# Java VM: OpenJDK 64-Bit Server VM (25.76-b03 mixed mode windows-amd64 compressed oops)
Heap:
 PSYoungGen      total 436224K, used 284243K [0x0000000780000000, 0x00000007a5d00000, 0x00000007c0000000)
  eden space 410624K, 69% used [0x0000000780000000,0x0000000791594f30,0x0000000799100000)
  from space 25600K, 0% used [0x00000007a4400000,0x00000007a4400000,0x00000007a5d00000)
  to   space 25600K, 0% used [0x0000000799100000,0x0000000799100000,0x000000079aa00000)
 ParOldGen       total 115712K, used 115513K [0x0000000700000000, 0x0000000707100000, 0x0000000780000000)
  object space 115712K, 99% used [0x0000000700000000,0x00000007070ce7f8,0x0000000707100000)
 Metaspace       used 64749K, capacity 66240K, committed 66648K, reserved 1107968K
  class space    used 8627K, capacity 8991K, committed 9048K, reserved 1048576K
GC Heap History (10 events):
Event: 66.363 GC heap before
{Heap before GC invocations=23 (full 7):
 PSYoungGen      total 436224K, used 410624K [0x0000000780000000, 0x00000007a5d00000, 0x00000007c0000000)
  eden space 410624K, 100% used [0x0000000780000000,0x0000000799100000,0x0000000799100000)
  from space 25600K, 0% used [0x00000007a4400000,0x00000007a4400000,0x00000007a5d00000)
  to   space 25600K, 0% used [0x0000000799100000,0x0000000799100000,0x000000079aa00000)
 ParOldGen       total 115712K, used 115249K [0x0000000700000000, 0x0000000707100000, 0x0000000780000000)
  object space 115712K, 99% used [0x0000000700000000,0x000000070708c650,0x0000000707100000)
 Metaspace       used 64649K, capacity 66112K, committed 66392K, reserved 1105920K
  class space    used 8625K, capacity 8991K, committed 9048K, reserved 1048576K
Event: 73.126 GC heap after
Heap after GC invocations=23 (full 7):
 PSYoungGen      total 436224K, used 180948K [0x0000000780000000, 0x00000007a5d00000, 0x00000007c0000000)
  eden space 410624K, 44% used [0x0000000780000000,0x000000078b0b5168,0x0000000799100000)
  from space 25600K, 0% used [0x00000007a4400000,0x00000007a4400000,0x00000007a5d00000)
  to   space 25600K, 0% used [0x0000000799100000,0x0000000799100000,0x000000079aa00000)
 ParOldGen       total 115712K, used 115640K [0x0000000700000000, 0x0000000707100000, 0x0000000780000000)
  object space 115712K, 99% used [0x0000000700000000,0x00000007070ee050,0x0000000707100000)
 Metaspace       used 64649K, capacity 66112K, committed 66392K, reserved 1105920K
  class space    used 8625K, capacity 8991K, committed 9048K, reserved 1048576K
}
Event: 75.301 GC heap before
{Heap before GC invocations=24 (full 8):
 PSYoungGen      total 436224K, used 410624K [0x0000000780000000, 0x00000007a5d00000, 0x00000007c0000000)
  eden space 410624K, 100% used [0x0000000780000000,0x0000000799100000,0x0000000799100000)
  from space 25600K, 0% used [0x00000007a4400000,0x00000007a4400000,0x00000007a5d00000)
  to   space 25600K, 0% used [0x0000000799100000,0x0000000799100000,0x000000079aa00000)
 ParOldGen       total 115712K, used 115640K [0x0000000700000000, 0x0000000707100000, 0x0000000780000000)
  object space 115712K, 99% used [0x0000000700000000,0x00000007070ee050,0x0000000707100000)
 Metaspace       used 64711K, capacity 66176K, committed 66648K, reserved 1107968K
  class space    used 8626K, capacity 8991K, committed 9048K, reserved 1048576K
Event: 79.062 GC heap after
Heap after GC invocations=24 (full 8):
 PSYoungGen      total 436224K, used 188301K [0x0000000780000000, 0x00000007a5d00000, 0x00000007c0000000)
  eden space 410624K, 45% used [0x0000000780000000,0x000000078b7e3608,0x0000000799100000)
  from space 25600K, 0% used [0x00000007a4400000,0x00000007a4400000,0x00000007a5d00000)
  to   space 25600K, 0% used [0x0000000799100000,0x0000000799100000,0x000000079aa00000)
 ParOldGen       total 115712K, used 115371K [0x0000000700000000, 0x0000000707100000, 0x0000000780000000)
  object space 115712K, 99% used [0x0000000700000000,0x00000007070aaef0,0x0000000707100000)
 Metaspace       used 64711K, capacity 66176K, committed 66648K, reserved 1107968K
  class space    used 8626K, capacity 8991K, committed 9048K, reserved 1048576K
}
Event: 80.276 GC heap before
{Heap before GC invocations=25 (full 9):
 PSYoungGen      total 436224K, used 410624K [0x0000000780000000, 0x00000007a5d00000, 0x00000007c0000000)
  eden space 410624K, 100% used [0x0000000780000000,0x0000000799100000,0x0000000799100000)
  from space 25600K, 0% used [0x00000007a4400000,0x00000007a4400000,0x00000007a5d00000)
  to   space 25600K, 0% used [0x0000000799100000,0x0000000799100000,0x000000079aa00000)
 ParOldGen       total 115712K, used 115371K [0x0000000700000000, 0x0000000707100000, 0x0000000780000000)
  object space 115712K, 99% used [0x0000000700000000,0x00000007070aaef0,0x0000000707100000)
 Metaspace       used 64717K, capacity 66176K, committed 66648K, reserved 1107968K
  class space    used 8626K, capacity 8991K, committed 9048K, reserved 1048576K
Event: 83.616 GC heap after
Heap after GC invocations=25 (full 9):
 PSYoungGen      total 436224K, used 191928K [0x0000000780000000, 0x00000007a5d00000, 0x00000007c0000000)
  eden space 410624K, 46% used [0x0000000780000000,0x000000078bb6e128,0x0000000799100000)
  from space 25600K, 0% used [0x00000007a4400000,0x00000007a4400000,0x00000007a5d00000)
  to   space 25600K, 0% used [0x0000000799100000,0x0000000799100000,0x000000079aa00000)
 ParOldGen       total 115712K, used 115309K [0x0000000700000000, 0x0000000707100000, 0x0000000780000000)
  object space 115712K, 99% used [0x0000000700000000,0x000000070709b4e0,0x0000000707100000)
 Metaspace       used 64717K, capacity 66176K, committed 66648K, reserved 1107968K
  class space    used 8626K, capacity 8991K, committed 9048K, reserved 1048576K
}
Event: 85.080 GC heap before
{Heap before GC invocations=26 (full 10):
 PSYoungGen      total 436224K, used 410624K [0x0000000780000000, 0x00000007a5d00000, 0x00000007c0000000)
  eden space 410624K, 100% used [0x0000000780000000,0x0000000799100000,0x0000000799100000)
  from space 25600K, 0% used [0x00000007a4400000,0x00000007a4400000,0x00000007a5d00000)
  to   space 25600K, 0% used [0x0000000799100000,0x0000000799100000,0x000000079aa00000)
 ParOldGen       total 115712K, used 115309K [0x0000000700000000, 0x0000000707100000, 0x0000000780000000)
  object space 115712K, 99% used [0x0000000700000000,0x000000070709b4e0,0x0000000707100000)
 Metaspace       used 64723K, capacity 66176K, committed 66648K, reserved 1107968K
  class space    used 8626K, capacity 8991K, committed 9048K, reserved 1048576K
Event: 89.568 GC heap after
Heap after GC invocations=26 (full 10):
 PSYoungGen      total 436224K, used 192660K [0x0000000780000000, 0x00000007a5d00000, 0x00000007c0000000)
  eden space 410624K, 46% used [0x0000000780000000,0x000000078bc25010,0x0000000799100000)
  from space 25600K, 0% used [0x00000007a4400000,0x00000007a4400000,0x00000007a5d00000)
  to   space 25600K, 0% used [0x0000000799100000,0x0000000799100000,0x000000079aa00000)
 ParOldGen       total 115712K, used 115351K [0x0000000700000000, 0x0000000707100000, 0x0000000780000000)
  object space 115712K, 99% used [0x0000000700000000,0x00000007070a5fc0,0x0000000707100000)
 Metaspace       used 64723K, capacity 66176K, committed 66648K, reserved 1107968K
  class space    used 8626K, capacity 8991K, committed 9048K, reserved 1048576K
}
Event: 91.533 GC heap before
{Heap before GC invocations=27 (full 11):
 PSYoungGen      total 436224K, used 410624K [0x0000000780000000, 0x00000007a5d00000, 0x00000007c0000000)
  eden space 410624K, 100% used [0x0000000780000000,0x0000000799100000,0x0000000799100000)
  from space 25600K, 0% used [0x00000007a4400000,0x00000007a4400000,0x00000007a5d00000)
  to   space 25600K, 0% used [0x0000000799100000,0x0000000799100000,0x000000079aa00000)
 ParOldGen       total 115712K, used 115351K [0x0000000700000000, 0x0000000707100000, 0x0000000780000000)
  object space 115712K, 99% used [0x0000000700000000,0x00000007070a5fc0,0x0000000707100000)
 Metaspace       used 64742K, capacity 66240K, committed 66648K, reserved 1107968K
  class space    used 8627K, capacity 8991K, committed 9048K, reserved 1048576K
Event: 94.633 GC heap after
Heap after GC invocations=27 (full 11):
 PSYoungGen      total 436224K, used 182111K [0x0000000780000000, 0x00000007a5d00000, 0x00000007c0000000)
  eden space 410624K, 44% used [0x0000000780000000,0x000000078b1d7c88,0x0000000799100000)
  from space 25600K, 0% used [0x00000007a4400000,0x00000007a4400000,0x00000007a5d00000)
  to   space 25600K, 0% used [0x0000000799100000,0x0000000799100000,0x000000079aa00000)
 ParOldGen       total 115712K, used 115513K [0x0000000700000000, 0x0000000707100000, 0x0000000780000000)
  object space 115712K, 99% used [0x0000000700000000,0x00000007070ce7f8,0x0000000707100000)
 Metaspace       used 64742K, capacity 66240K, committed 66648K, reserved 1107968K
  class space    used 8627K, capacity 8991K, committed 9048K, reserved 1048576K
}

