# JRE version: OpenJDK Runtime Environment (8.0_76-b03) (build 1.8.0_76-release-b03)
# Java VM: OpenJDK 64-Bit Server VM (25.76-b03 mixed mode windows-amd64 compressed oops)
Heap:
 PSYoungGen      total 220160K, used 149210K [0x0000000780000000, 0x0000000792900000, 0x00000007c0000000)
  eden space 206336K, 72% used [0x0000000780000000,0x00000007891b68c0,0x000000078c980000)
  from space 13824K, 0% used [0x000000078c980000,0x000000078c980000,0x000000078d700000)
  to   space 18944K, 0% used [0x0000000791680000,0x0000000791680000,0x0000000792900000)
 ParOldGen       total 59392K, used 44074K [0x0000000700000000, 0x0000000703a00000, 0x0000000780000000)
  object space 59392K, 74% used [0x0000000700000000,0x0000000702b0a908,0x0000000703a00000)
 Metaspace       used 64120K, capacity 65928K, committed 66176K, reserved 1107968K
  class space    used 8605K, capacity 9007K, committed 9088K, reserved 1048576K
GC Heap History (10 events):
Event: 438.626 GC heap before
{Heap before GC invocations=13 (full 2):
 PSYoungGen      total 214528K, used 214339K [0x0000000780000000, 0x000000078e480000, 0x00000007c0000000)
  eden space 203264K, 100% used [0x0000000780000000,0x000000078c680000,0x000000078c680000)
  from space 11264K, 98% used [0x000000078d980000,0x000000078e450d30,0x000000078e480000)
  to   space 13824K, 0% used [0x000000078c980000,0x000000078c980000,0x000000078d700000)
 ParOldGen       total 59392K, used 19823K [0x0000000700000000, 0x0000000703a00000, 0x0000000780000000)
  object space 59392K, 33% used [0x0000000700000000,0x000000070135bc40,0x0000000703a00000)
 Metaspace       used 53913K, capacity 55688K, committed 55808K, reserved 1097728K
  class space    used 7031K, capacity 7409K, committed 7424K, reserved 1048576K
Event: 438.677 GC heap after
Heap after GC invocations=13 (full 2):
 PSYoungGen      total 220160K, used 13811K [0x0000000780000000, 0x0000000792900000, 0x00000007c0000000)
  eden space 206336K, 0% used [0x0000000780000000,0x0000000780000000,0x000000078c980000)
  from space 13824K, 99% used [0x000000078c980000,0x000000078d6fcf10,0x000000078d700000)
  to   space 18944K, 0% used [0x0000000791680000,0x0000000791680000,0x0000000792900000)
 ParOldGen       total 59392K, used 29688K [0x0000000700000000, 0x0000000703a00000, 0x0000000780000000)
  object space 59392K, 49% used [0x0000000700000000,0x0000000701cfe200,0x0000000703a00000)
 Metaspace       used 53913K, capacity 55688K, committed 55808K, reserved 1097728K
  class space    used 7031K, capacity 7409K, committed 7424K, reserved 1048576K
}
Event: 439.712 GC heap before
{Heap before GC invocations=14 (full 2):
 PSYoungGen      total 220160K, used 50309K [0x0000000780000000, 0x0000000792900000, 0x00000007c0000000)
  eden space 206336K, 17% used [0x0000000780000000,0x00000007823a45e0,0x000000078c980000)
  from space 13824K, 99% used [0x000000078c980000,0x000000078d6fcf10,0x000000078d700000)
  to   space 18944K, 0% used [0x0000000791680000,0x0000000791680000,0x0000000792900000)
 ParOldGen       total 59392K, used 29688K [0x0000000700000000, 0x0000000703a00000, 0x0000000780000000)
  object space 59392K, 49% used [0x0000000700000000,0x0000000701cfe200,0x0000000703a00000)
 Metaspace       used 57128K, capacity 58978K, committed 59096K, reserved 1099776K
  class space    used 7530K, capacity 7970K, committed 8064K, reserved 1048576K
Event: 440.095 GC heap after
Heap after GC invocations=14 (full 2):
 PSYoungGen      total 225280K, used 4775K [0x0000000780000000, 0x0000000792900000, 0x00000007c0000000)
  eden space 206336K, 0% used [0x0000000780000000,0x0000000780000000,0x000000078c980000)
  from space 18944K, 25% used [0x0000000791680000,0x0000000791b29da0,0x0000000792900000)
  to   space 13824K, 0% used [0x000000078c980000,0x000000078c980000,0x000000078d700000)
 ParOldGen       total 59392K, used 40576K [0x0000000700000000, 0x0000000703a00000, 0x0000000780000000)
  object space 59392K, 68% used [0x0000000700000000,0x00000007027a0350,0x0000000703a00000)
 Metaspace       used 57128K, capacity 58978K, committed 59096K, reserved 1099776K
  class space    used 7530K, capacity 7970K, committed 8064K, reserved 1048576K
}
Event: 440.095 GC heap before
{Heap before GC invocations=15 (full 3):
 PSYoungGen      total 225280K, used 4775K [0x0000000780000000, 0x0000000792900000, 0x00000007c0000000)
  eden space 206336K, 0% used [0x0000000780000000,0x0000000780000000,0x000000078c980000)
  from space 18944K, 25% used [0x0000000791680000,0x0000000791b29da0,0x0000000792900000)
  to   space 13824K, 0% used [0x000000078c980000,0x000000078c980000,0x000000078d700000)
 ParOldGen       total 59392K, used 40576K [0x0000000700000000, 0x0000000703a00000, 0x0000000780000000)
  object space 59392K, 68% used [0x0000000700000000,0x00000007027a0350,0x0000000703a00000)
 Metaspace       used 57128K, capacity 58978K, committed 59096K, reserved 1099776K
  class space    used 7530K, capacity 7970K, committed 8064K, reserved 1048576K
Event: 440.547 GC heap after
Heap after GC invocations=15 (full 3):
 PSYoungGen      total 225280K, used 0K [0x0000000780000000, 0x0000000792900000, 0x00000007c0000000)
  eden space 206336K, 0% used [0x0000000780000000,0x0000000780000000,0x000000078c980000)
  from space 18944K, 0% used [0x0000000791680000,0x0000000791680000,0x0000000792900000)
  to   space 13824K, 0% used [0x000000078c980000,0x000000078c980000,0x000000078d700000)
 ParOldGen       total 59392K, used 35748K [0x0000000700000000, 0x0000000703a00000, 0x0000000780000000)
  object space 59392K, 60% used [0x0000000700000000,0x00000007022e90c0,0x0000000703a00000)
 Metaspace       used 57085K, capacity 58858K, committed 59096K, reserved 1099776K
  class space    used 7519K, capacity 7930K, committed 8064K, reserved 1048576K
}
Event: 443.870 GC heap before
{Heap before GC invocations=16 (full 3):
 PSYoungGen      total 225280K, used 175376K [0x0000000780000000, 0x0000000792900000, 0x00000007c0000000)
  eden space 206336K, 84% used [0x0000000780000000,0x000000078ab44248,0x000000078c980000)
  from space 18944K, 0% used [0x0000000791680000,0x0000000791680000,0x0000000792900000)
  to   space 13824K, 0% used [0x000000078c980000,0x000000078c980000,0x000000078d700000)
 ParOldGen       total 59392K, used 35748K [0x0000000700000000, 0x0000000703a00000, 0x0000000780000000)
  object space 59392K, 60% used [0x0000000700000000,0x00000007022e90c0,0x0000000703a00000)
 Metaspace       used 62738K, capacity 64522K, committed 64768K, reserved 1110016K
  class space    used 8449K, capacity 8842K, committed 8960K, reserved 1048576K
Event: 443.912 GC heap after
Heap after GC invocations=16 (full 3):
 PSYoungGen      total 220160K, used 11950K [0x0000000780000000, 0x0000000792900000, 0x00000007c0000000)
  eden space 206336K, 0% used [0x0000000780000000,0x0000000780000000,0x000000078c980000)
  from space 13824K, 86% used [0x000000078c980000,0x000000078d52bbd8,0x000000078d700000)
  to   space 18944K, 0% used [0x0000000791680000,0x0000000791680000,0x0000000792900000)
 ParOldGen       total 59392K, used 35756K [0x0000000700000000, 0x0000000703a00000, 0x0000000780000000)
  object space 59392K, 60% used [0x0000000700000000,0x00000007022eb0c0,0x0000000703a00000)
 Metaspace       used 62738K, capacity 64522K, committed 64768K, reserved 1110016K
  class space    used 8449K, capacity 8842K, committed 8960K, reserved 1048576K
}
Event: 443.912 GC heap before
{Heap before GC invocations=17 (full 4):
 PSYoungGen      total 220160K, used 11950K [0x0000000780000000, 0x0000000792900000, 0x00000007c0000000)
  eden space 206336K, 0% used [0x0000000780000000,0x0000000780000000,0x000000078c980000)
  from space 13824K, 86% used [0x000000078c980000,0x000000078d52bbd8,0x000000078d700000)
  to   space 18944K, 0% used [0x0000000791680000,0x0000000791680000,0x0000000792900000)
 ParOldGen       total 59392K, used 35756K [0x0000000700000000, 0x0000000703a00000, 0x0000000780000000)
  object space 59392K, 60% used [0x0000000700000000,0x00000007022eb0c0,0x0000000703a00000)
 Metaspace       used 62738K, capacity 64522K, committed 64768K, reserved 1110016K
  class space    used 8449K, capacity 8842K, committed 8960K, reserved 1048576K
Event: 444.133 GC heap after
Heap after GC invocations=17 (full 4):
 PSYoungGen      total 220160K, used 0K [0x0000000780000000, 0x0000000792900000, 0x00000007c0000000)
  eden space 206336K, 0% used [0x0000000780000000,0x0000000780000000,0x000000078c980000)
  from space 13824K, 0% used [0x000000078c980000,0x000000078c980000,0x000000078d700000)
  to   space 18944K, 0% used [0x0000000791680000,0x0000000791680000,0x0000000792900000)
 ParOldGen       total 59392K, used 44074K [0x0000000700000000, 0x0000000703a00000, 0x0000000780000000)
  object space 59392K, 74% used [0x0000000700000000,0x0000000702b0a908,0x0000000703a00000)
 Metaspace       used 62738K, capacity 64522K, committed 64768K, reserved 1107968K
  class space    used 8449K, capacity 8842K, committed 8960K, reserved 1048576K
}

