# JRE version: OpenJDK Runtime Environment (8.0_76-b03) (build 1.8.0_76-release-b03)
# Java VM: OpenJDK 64-Bit Server VM (25.76-b03 mixed mode windows-amd64 compressed oops)
Heap:
 PSYoungGen      total 150016K, used 36787K [0x00000000d5580000, 0x00000000e0a80000, 0x0000000100000000)
  eden space 140800K, 26% used [0x00000000d5580000,0x00000000d796cfb0,0x00000000ddf00000)
  from space 9216K, 0% used [0x00000000dea00000,0x00000000dea00000,0x00000000df300000)
  to   space 11264K, 0% used [0x00000000ddf00000,0x00000000ddf00000,0x00000000dea00000)
 ParOldGen       total 47104K, used 17753K [0x0000000080000000, 0x0000000082e00000, 0x00000000d5580000)
  object space 47104K, 37% used [0x0000000080000000,0x0000000081156770,0x0000000082e00000)
 Metaspace       used 36533K, capacity 37242K, committed 37632K, reserved 1081344K
  class space    used 4896K, capacity 5106K, committed 5120K, reserved 1048576K
GC Heap History (10 events):
Event: 7.737 GC heap before
{Heap before GC invocations=6 (full 1):
 PSYoungGen      total 52736K, used 3561K [0x00000000d5580000, 0x00000000dc680000, 0x0000000100000000)
  eden space 49152K, 0% used [0x00000000d5580000,0x00000000d5580000,0x00000000d8580000)
  from space 3584K, 99% used [0x00000000d8580000,0x00000000d88fa630,0x00000000d8900000)
  to   space 8704K, 0% used [0x00000000dbe00000,0x00000000dbe00000,0x00000000dc680000)
 ParOldGen       total 64512K, used 11689K [0x0000000080000000, 0x0000000083f00000, 0x00000000d5580000)
  object space 64512K, 18% used [0x0000000080000000,0x0000000080b6a740,0x0000000083f00000)
 Metaspace       used 20823K, capacity 21092K, committed 21296K, reserved 1067008K
  class space    used 2757K, capacity 2867K, committed 2944K, reserved 1048576K
Event: 7.841 GC heap after
Heap after GC invocations=6 (full 1):
 PSYoungGen      total 52736K, used 0K [0x00000000d5580000, 0x00000000dc680000, 0x0000000100000000)
  eden space 49152K, 0% used [0x00000000d5580000,0x00000000d5580000,0x00000000d8580000)
  from space 3584K, 0% used [0x00000000d8580000,0x00000000d8580000,0x00000000d8900000)
  to   space 8704K, 0% used [0x00000000dbe00000,0x00000000dbe00000,0x00000000dc680000)
 ParOldGen       total 47104K, used 10571K [0x0000000080000000, 0x0000000082e00000, 0x00000000d5580000)
  object space 47104K, 22% used [0x0000000080000000,0x0000000080a52e80,0x0000000082e00000)
 Metaspace       used 20823K, capacity 21092K, committed 21296K, reserved 1067008K
  class space    used 2757K, capacity 2867K, committed 2944K, reserved 1048576K
}
Event: 10.702 GC heap before
{Heap before GC invocations=7 (full 1):
 PSYoungGen      total 52736K, used 49152K [0x00000000d5580000, 0x00000000dc680000, 0x0000000100000000)
  eden space 49152K, 100% used [0x00000000d5580000,0x00000000d8580000,0x00000000d8580000)
  from space 3584K, 0% used [0x00000000d8580000,0x00000000d8580000,0x00000000d8900000)
  to   space 8704K, 0% used [0x00000000dbe00000,0x00000000dbe00000,0x00000000dc680000)
 ParOldGen       total 47104K, used 10571K [0x0000000080000000, 0x0000000082e00000, 0x00000000d5580000)
  object space 47104K, 22% used [0x0000000080000000,0x0000000080a52e80,0x0000000082e00000)
 Metaspace       used 24922K, capacity 25314K, committed 25600K, reserved 1071104K
  class space    used 3390K, capacity 3498K, committed 3584K, reserved 1048576K
Event: 10.785 GC heap after
Heap after GC invocations=7 (full 1):
 PSYoungGen      total 91648K, used 6550K [0x00000000d5580000, 0x00000000dc480000, 0x0000000100000000)
  eden space 84992K, 0% used [0x00000000d5580000,0x00000000d5580000,0x00000000da880000)
  from space 6656K, 98% used [0x00000000dbe00000,0x00000000dc465988,0x00000000dc480000)
  to   space 8704K, 0% used [0x00000000db380000,0x00000000db380000,0x00000000dbc00000)
 ParOldGen       total 47104K, used 10571K [0x0000000080000000, 0x0000000082e00000, 0x00000000d5580000)
  object space 47104K, 22% used [0x0000000080000000,0x0000000080a52e80,0x0000000082e00000)
 Metaspace       used 24922K, capacity 25314K, committed 25600K, reserved 1071104K
  class space    used 3390K, capacity 3498K, committed 3584K, reserved 1048576K
}
Event: 16.303 GC heap before
{Heap before GC invocations=8 (full 1):
 PSYoungGen      total 91648K, used 91542K [0x00000000d5580000, 0x00000000dc480000, 0x0000000100000000)
  eden space 84992K, 100% used [0x00000000d5580000,0x00000000da880000,0x00000000da880000)
  from space 6656K, 98% used [0x00000000dbe00000,0x00000000dc465988,0x00000000dc480000)
  to   space 8704K, 0% used [0x00000000db380000,0x00000000db380000,0x00000000dbc00000)
 ParOldGen       total 47104K, used 10571K [0x0000000080000000, 0x0000000082e00000, 0x00000000d5580000)
  object space 47104K, 22% used [0x0000000080000000,0x0000000080a52e80,0x0000000082e00000)
 Metaspace       used 29351K, capacity 29838K, committed 29952K, reserved 1075200K
  class space    used 3962K, capacity 4085K, committed 4096K, reserved 1048576K
Event: 16.345 GC heap after
Heap after GC invocations=8 (full 1):
 PSYoungGen      total 104960K, used 7399K [0x00000000d5580000, 0x00000000df300000, 0x0000000100000000)
  eden space 96256K, 0% used [0x00000000d5580000,0x00000000d5580000,0x00000000db380000)
  from space 8704K, 85% used [0x00000000db380000,0x00000000dbab9c70,0x00000000dbc00000)
  to   space 9216K, 0% used [0x00000000dea00000,0x00000000dea00000,0x00000000df300000)
 ParOldGen       total 47104K, used 10571K [0x0000000080000000, 0x0000000082e00000, 0x00000000d5580000)
  object space 47104K, 22% used [0x0000000080000000,0x0000000080a52e80,0x0000000082e00000)
 Metaspace       used 29351K, capacity 29838K, committed 29952K, reserved 1075200K
  class space    used 3962K, capacity 4085K, committed 4096K, reserved 1048576K
}
Event: 18.575 GC heap before
{Heap before GC invocations=9 (full 1):
 PSYoungGen      total 104960K, used 81160K [0x00000000d5580000, 0x00000000df300000, 0x0000000100000000)
  eden space 96256K, 76% used [0x00000000d5580000,0x00000000d9d88530,0x00000000db380000)
  from space 8704K, 85% used [0x00000000db380000,0x00000000dbab9c70,0x00000000dbc00000)
  to   space 9216K, 0% used [0x00000000dea00000,0x00000000dea00000,0x00000000df300000)
 ParOldGen       total 47104K, used 10571K [0x0000000080000000, 0x0000000082e00000, 0x00000000d5580000)
  object space 47104K, 22% used [0x0000000080000000,0x0000000080a52e80,0x0000000082e00000)
 Metaspace       used 34674K, capacity 35292K, committed 35496K, reserved 1079296K
  class space    used 4649K, capacity 4800K, committed 4864K, reserved 1048576K
Event: 18.652 GC heap after
Heap after GC invocations=9 (full 1):
 PSYoungGen      total 150016K, used 9186K [0x00000000d5580000, 0x00000000e0a80000, 0x0000000100000000)
  eden space 140800K, 0% used [0x00000000d5580000,0x00000000d5580000,0x00000000ddf00000)
  from space 9216K, 99% used [0x00000000dea00000,0x00000000df2f8aa0,0x00000000df300000)
  to   space 11264K, 0% used [0x00000000ddf00000,0x00000000ddf00000,0x00000000dea00000)
 ParOldGen       total 47104K, used 12929K [0x0000000080000000, 0x0000000082e00000, 0x00000000d5580000)
  object space 47104K, 27% used [0x0000000080000000,0x0000000080ca0478,0x0000000082e00000)
 Metaspace       used 34674K, capacity 35292K, committed 35496K, reserved 1079296K
  class space    used 4649K, capacity 4800K, committed 4864K, reserved 1048576K
}
Event: 18.652 GC heap before
{Heap before GC invocations=10 (full 2):
 PSYoungGen      total 150016K, used 9186K [0x00000000d5580000, 0x00000000e0a80000, 0x0000000100000000)
  eden space 140800K, 0% used [0x00000000d5580000,0x00000000d5580000,0x00000000ddf00000)
  from space 9216K, 99% used [0x00000000dea00000,0x00000000df2f8aa0,0x00000000df300000)
  to   space 11264K, 0% used [0x00000000ddf00000,0x00000000ddf00000,0x00000000dea00000)
 ParOldGen       total 47104K, used 12929K [0x0000000080000000, 0x0000000082e00000, 0x00000000d5580000)
  object space 47104K, 27% used [0x0000000080000000,0x0000000080ca0478,0x0000000082e00000)
 Metaspace       used 34674K, capacity 35292K, committed 35496K, reserved 1079296K
  class space    used 4649K, capacity 4800K, committed 4864K, reserved 1048576K
Event: 19.240 GC heap after
Heap after GC invocations=10 (full 2):
 PSYoungGen      total 150016K, used 0K [0x00000000d5580000, 0x00000000e0a80000, 0x0000000100000000)
  eden space 140800K, 0% used [0x00000000d5580000,0x00000000d5580000,0x00000000ddf00000)
  from space 9216K, 0% used [0x00000000dea00000,0x00000000dea00000,0x00000000df300000)
  to   space 11264K, 0% used [0x00000000ddf00000,0x00000000ddf00000,0x00000000dea00000)
 ParOldGen       total 47104K, used 17753K [0x0000000080000000, 0x0000000082e00000, 0x00000000d5580000)
  object space 47104K, 37% used [0x0000000080000000,0x0000000081156770,0x0000000082e00000)
 Metaspace       used 34674K, capacity 35292K, committed 35496K, reserved 1079296K
  class space    used 4649K, capacity 4800K, committed 4864K, reserved 1048576K
}

