# JRE version: OpenJDK Runtime Environment (8.0_76-b03) (build 1.8.0_76-release-b03)
# Java VM: OpenJDK 64-Bit Server VM (25.76-b03 mixed mode windows-amd64 compressed oops)
Heap:
 PSYoungGen      total 735744K, used 261482K [0x0000000780000000, 0x00000007bb480000, 0x00000007c0000000)
  eden space 560640K, 20% used [0x0000000780000000,0x0000000786dce588,0x00000007a2380000)
  from space 175104K, 85% used [0x00000007ae500000,0x00000007b768c630,0x00000007b9000000)
  to   space 198144K, 0% used [0x00000007a2380000,0x00000007a2380000,0x00000007ae500000)
 ParOldGen       total 486400K, used 310066K [0x0000000700000000, 0x000000071db00000, 0x0000000780000000)
  object space 486400K, 63% used [0x0000000700000000,0x0000000712ecca28,0x000000071db00000)
 Metaspace       used 64911K, capacity 66476K, committed 66648K, reserved 1107968K
  class space    used 8627K, capacity 9023K, committed 9048K, reserved 1048576K
GC Heap History (10 events):
Event: 60.701 GC heap before
{Heap before GC invocations=27 (full 6):
 PSYoungGen      total 509952K, used 51712K [0x0000000780000000, 0x00000007ac200000, 0x00000007c0000000)
  eden space 458240K, 0% used [0x0000000780000000,0x0000000780000000,0x000000079bf80000)
  from space 51712K, 100% used [0x000000079bf80000,0x000000079f200000,0x000000079f200000)
  to   space 84992K, 0% used [0x00000007a6f00000,0x00000007a6f00000,0x00000007ac200000)
 ParOldGen       total 192512K, used 167244K [0x0000000700000000, 0x000000070bc00000, 0x0000000780000000)
  object space 192512K, 86% used [0x0000000700000000,0x000000070a3533d0,0x000000070bc00000)
 Metaspace       used 64525K, capacity 65996K, committed 66392K, reserved 1105920K
  class space    used 8619K, capacity 8991K, committed 9048K, reserved 1048576K
Event: 64.250 GC heap after
Heap after GC invocations=27 (full 6):
 PSYoungGen      total 509952K, used 12766K [0x0000000780000000, 0x00000007ac200000, 0x00000007c0000000)
  eden space 458240K, 0% used [0x0000000780000000,0x0000000780000000,0x000000079bf80000)
  from space 51712K, 24% used [0x000000079bf80000,0x000000079cbf79c8,0x000000079f200000)
  to   space 84992K, 0% used [0x00000007a6f00000,0x00000007a6f00000,0x00000007ac200000)
 ParOldGen       total 317440K, used 192114K [0x0000000700000000, 0x0000000713600000, 0x0000000780000000)
  object space 317440K, 60% used [0x0000000700000000,0x000000070bb9cb28,0x0000000713600000)
 Metaspace       used 64525K, capacity 65996K, committed 66392K, reserved 1105920K
  class space    used 8619K, capacity 8991K, committed 9048K, reserved 1048576K
}
Event: 67.544 GC heap before
{Heap before GC invocations=28 (full 6):
 PSYoungGen      total 509952K, used 471006K [0x0000000780000000, 0x00000007ac200000, 0x00000007c0000000)
  eden space 458240K, 100% used [0x0000000780000000,0x000000079bf80000,0x000000079bf80000)
  from space 51712K, 24% used [0x000000079bf80000,0x000000079cbf79c8,0x000000079f200000)
  to   space 84992K, 0% used [0x00000007a6f00000,0x00000007a6f00000,0x00000007ac200000)
 ParOldGen       total 317440K, used 192116K [0x0000000700000000, 0x0000000713600000, 0x0000000780000000)
  object space 317440K, 60% used [0x0000000700000000,0x000000070bb9d250,0x0000000713600000)
 Metaspace       used 64573K, capacity 66092K, committed 66392K, reserved 1105920K
  class space    used 8621K, capacity 9023K, committed 9048K, reserved 1048576K
Event: 67.992 GC heap after
Heap after GC invocations=28 (full 6):
 PSYoungGen      total 596992K, used 84992K [0x0000000780000000, 0x00000007acd00000, 0x00000007c0000000)
  eden space 512000K, 0% used [0x0000000780000000,0x0000000780000000,0x000000079f400000)
  from space 84992K, 100% used [0x00000007a6f00000,0x00000007ac200000,0x00000007ac200000)
  to   space 111104K, 0% used [0x000000079f400000,0x000000079f400000,0x00000007a6080000)
 ParOldGen       total 317440K, used 219558K [0x0000000700000000, 0x0000000713600000, 0x0000000780000000)
  object space 317440K, 69% used [0x0000000700000000,0x000000070d669aa8,0x0000000713600000)
 Metaspace       used 64573K, capacity 66092K, committed 66392K, reserved 1105920K
  class space    used 8621K, capacity 9023K, committed 9048K, reserved 1048576K
}
Event: 72.043 GC heap before
{Heap before GC invocations=29 (full 6):
 PSYoungGen      total 596992K, used 596992K [0x0000000780000000, 0x00000007acd00000, 0x00000007c0000000)
  eden space 512000K, 100% used [0x0000000780000000,0x000000079f400000,0x000000079f400000)
  from space 84992K, 100% used [0x00000007a6f00000,0x00000007ac200000,0x00000007ac200000)
  to   space 111104K, 0% used [0x000000079f400000,0x000000079f400000,0x00000007a6080000)
 ParOldGen       total 317440K, used 219558K [0x0000000700000000, 0x0000000713600000, 0x0000000780000000)
  object space 317440K, 69% used [0x0000000700000000,0x000000070d669aa8,0x0000000713600000)
 Metaspace       used 64642K, capacity 66156K, committed 66392K, reserved 1105920K
  class space    used 8623K, capacity 9023K, committed 9048K, reserved 1048576K
Event: 72.759 GC heap after
Heap after GC invocations=29 (full 6):
 PSYoungGen      total 623104K, used 111104K [0x0000000780000000, 0x00000007b9000000, 0x00000007c0000000)
  eden space 512000K, 0% used [0x0000000780000000,0x0000000780000000,0x000000079f400000)
  from space 111104K, 100% used [0x000000079f400000,0x00000007a6080000,0x00000007a6080000)
  to   space 175104K, 0% used [0x00000007ae500000,0x00000007ae500000,0x00000007b9000000)
 ParOldGen       total 337920K, used 337686K [0x0000000700000000, 0x0000000714a00000, 0x0000000780000000)
  object space 337920K, 99% used [0x0000000700000000,0x00000007149c5ae8,0x0000000714a00000)
 Metaspace       used 64642K, capacity 66156K, committed 66392K, reserved 1105920K
  class space    used 8623K, capacity 9023K, committed 9048K, reserved 1048576K
}
Event: 72.759 GC heap before
{Heap before GC invocations=30 (full 7):
 PSYoungGen      total 623104K, used 111104K [0x0000000780000000, 0x00000007b9000000, 0x00000007c0000000)
  eden space 512000K, 0% used [0x0000000780000000,0x0000000780000000,0x000000079f400000)
  from space 111104K, 100% used [0x000000079f400000,0x00000007a6080000,0x00000007a6080000)
  to   space 175104K, 0% used [0x00000007ae500000,0x00000007ae500000,0x00000007b9000000)
 ParOldGen       total 337920K, used 337686K [0x0000000700000000, 0x0000000714a00000, 0x0000000780000000)
  object space 337920K, 99% used [0x0000000700000000,0x00000007149c5ae8,0x0000000714a00000)
 Metaspace       used 64642K, capacity 66156K, committed 66392K, reserved 1105920K
  class space    used 8623K, capacity 9023K, committed 9048K, reserved 1048576K
Event: 76.839 GC heap after
Heap after GC invocations=30 (full 7):
 PSYoungGen      total 623104K, used 0K [0x0000000780000000, 0x00000007b9000000, 0x00000007c0000000)
  eden space 512000K, 0% used [0x0000000780000000,0x0000000780000000,0x000000079f400000)
  from space 111104K, 0% used [0x000000079f400000,0x000000079f400000,0x00000007a6080000)
  to   space 175104K, 0% used [0x00000007ae500000,0x00000007ae500000,0x00000007b9000000)
 ParOldGen       total 486400K, used 310066K [0x0000000700000000, 0x000000071db00000, 0x0000000780000000)
  object space 486400K, 63% used [0x0000000700000000,0x0000000712ecca28,0x000000071db00000)
 Metaspace       used 64642K, capacity 66156K, committed 66392K, reserved 1105920K
  class space    used 8623K, capacity 9023K, committed 9048K, reserved 1048576K
}
Event: 81.021 GC heap before
{Heap before GC invocations=31 (full 7):
 PSYoungGen      total 623104K, used 512000K [0x0000000780000000, 0x00000007b9000000, 0x00000007c0000000)
  eden space 512000K, 100% used [0x0000000780000000,0x000000079f400000,0x000000079f400000)
  from space 111104K, 0% used [0x000000079f400000,0x000000079f400000,0x00000007a6080000)
  to   space 175104K, 0% used [0x00000007ae500000,0x00000007ae500000,0x00000007b9000000)
 ParOldGen       total 486400K, used 310066K [0x0000000700000000, 0x000000071db00000, 0x0000000780000000)
  object space 486400K, 63% used [0x0000000700000000,0x0000000712ecca28,0x000000071db00000)
 Metaspace       used 64687K, capacity 66284K, committed 66648K, reserved 1107968K
  class space    used 8624K, capacity 9023K, committed 9048K, reserved 1048576K
Event: 81.904 GC heap after
Heap after GC invocations=31 (full 7):
 PSYoungGen      total 735744K, used 149041K [0x0000000780000000, 0x00000007bb480000, 0x00000007c0000000)
  eden space 560640K, 0% used [0x0000000780000000,0x0000000780000000,0x00000007a2380000)
  from space 175104K, 85% used [0x00000007ae500000,0x00000007b768c630,0x00000007b9000000)
  to   space 198144K, 0% used [0x00000007a2380000,0x00000007a2380000,0x00000007ae500000)
 ParOldGen       total 486400K, used 310066K [0x0000000700000000, 0x000000071db00000, 0x0000000780000000)
  object space 486400K, 63% used [0x0000000700000000,0x0000000712ecca28,0x000000071db00000)
 Metaspace       used 64687K, capacity 66284K, committed 66648K, reserved 1107968K
  class space    used 8624K, capacity 9023K, committed 9048K, reserved 1048576K
}

