# JRE version: OpenJDK Runtime Environment (8.0_76-b03) (build 1.8.0_76-release-b03)
# Java VM: OpenJDK 64-Bit Server VM (25.76-b03 mixed mode windows-amd64 compressed oops)
Heap:
 PSYoungGen      total 288768K, used 227545K [0x0000000780000000, 0x0000000798300000, 0x00000007c0000000)
  eden space 264192K, 79% used [0x0000000780000000,0x000000078ce61590,0x0000000790200000)
  from space 24576K, 65% used [0x0000000790200000,0x00000007911d5260,0x0000000791a00000)
  to   space 25088K, 0% used [0x0000000796a80000,0x0000000796a80000,0x0000000798300000)
 ParOldGen       total 101888K, used 61612K [0x0000000700000000, 0x0000000706380000, 0x0000000780000000)
  object space 101888K, 60% used [0x0000000700000000,0x0000000703c2b358,0x0000000706380000)
 Metaspace       used 64290K, capacity 65814K, committed 66136K, reserved 1105920K
  class space    used 8611K, capacity 8992K, committed 9048K, reserved 1048576K
GC Heap History (10 events):
Event: 24.569 GC heap before
{Heap before GC invocations=12 (full 2):
 PSYoungGen      total 163840K, used 163826K [0x0000000780000000, 0x000000078e600000, 0x00000007c0000000)
  eden space 153088K, 100% used [0x0000000780000000,0x0000000789580000,0x0000000789580000)
  from space 10752K, 99% used [0x0000000789580000,0x0000000789ffcb98,0x000000078a000000)
  to   space 12800K, 0% used [0x000000078d980000,0x000000078d980000,0x000000078e600000)
 ParOldGen       total 60416K, used 19741K [0x0000000700000000, 0x0000000703b00000, 0x0000000780000000)
  object space 60416K, 32% used [0x0000000700000000,0x00000007013476f8,0x0000000703b00000)
 Metaspace       used 52392K, capacity 53900K, committed 54016K, reserved 1095680K
  class space    used 6978K, capacity 7369K, committed 7424K, reserved 1048576K
Event: 24.648 GC heap after
Heap after GC invocations=12 (full 2):
 PSYoungGen      total 217600K, used 12771K [0x0000000780000000, 0x000000078ec80000, 0x00000007c0000000)
  eden space 204800K, 0% used [0x0000000780000000,0x0000000780000000,0x000000078c800000)
  from space 12800K, 99% used [0x000000078d980000,0x000000078e5f8e88,0x000000078e600000)
  to   space 17920K, 0% used [0x000000078c800000,0x000000078c800000,0x000000078d980000)
 ParOldGen       total 60416K, used 29916K [0x0000000700000000, 0x0000000703b00000, 0x0000000780000000)
  object space 60416K, 49% used [0x0000000700000000,0x0000000701d37250,0x0000000703b00000)
 Metaspace       used 52392K, capacity 53900K, committed 54016K, reserved 1095680K
  class space    used 6978K, capacity 7369K, committed 7424K, reserved 1048576K
}
Event: 27.759 GC heap before
{Heap before GC invocations=13 (full 2):
 PSYoungGen      total 217600K, used 152728K [0x0000000780000000, 0x000000078ec80000, 0x00000007c0000000)
  eden space 204800K, 68% used [0x0000000780000000,0x00000007888ad1c0,0x000000078c800000)
  from space 12800K, 99% used [0x000000078d980000,0x000000078e5f8e88,0x000000078e600000)
  to   space 17920K, 0% used [0x000000078c800000,0x000000078c800000,0x000000078d980000)
 ParOldGen       total 60416K, used 29916K [0x0000000700000000, 0x0000000703b00000, 0x0000000780000000)
  object space 60416K, 49% used [0x0000000700000000,0x0000000701d37250,0x0000000703b00000)
 Metaspace       used 57505K, capacity 58916K, committed 59096K, reserved 1099776K
  class space    used 7701K, capacity 8077K, committed 8152K, reserved 1048576K
Event: 27.805 GC heap after
Heap after GC invocations=13 (full 2):
 PSYoungGen      total 222720K, used 9669K [0x0000000780000000, 0x0000000792b00000, 0x00000007c0000000)
  eden space 204800K, 0% used [0x0000000780000000,0x0000000780000000,0x000000078c800000)
  from space 17920K, 53% used [0x000000078c800000,0x000000078d1715d0,0x000000078d980000)
  to   space 17408K, 0% used [0x0000000791a00000,0x0000000791a00000,0x0000000792b00000)
 ParOldGen       total 60416K, used 42604K [0x0000000700000000, 0x0000000703b00000, 0x0000000780000000)
  object space 60416K, 70% used [0x0000000700000000,0x000000070299b138,0x0000000703b00000)
 Metaspace       used 57505K, capacity 58916K, committed 59096K, reserved 1099776K
  class space    used 7701K, capacity 8077K, committed 8152K, reserved 1048576K
}
Event: 27.805 GC heap before
{Heap before GC invocations=14 (full 3):
 PSYoungGen      total 222720K, used 9669K [0x0000000780000000, 0x0000000792b00000, 0x00000007c0000000)
  eden space 204800K, 0% used [0x0000000780000000,0x0000000780000000,0x000000078c800000)
  from space 17920K, 53% used [0x000000078c800000,0x000000078d1715d0,0x000000078d980000)
  to   space 17408K, 0% used [0x0000000791a00000,0x0000000791a00000,0x0000000792b00000)
 ParOldGen       total 60416K, used 42604K [0x0000000700000000, 0x0000000703b00000, 0x0000000780000000)
  object space 60416K, 70% used [0x0000000700000000,0x000000070299b138,0x0000000703b00000)
 Metaspace       used 57505K, capacity 58916K, committed 59096K, reserved 1099776K
  class space    used 7701K, capacity 8077K, committed 8152K, reserved 1048576K
Event: 28.256 GC heap after
Heap after GC invocations=14 (full 3):
 PSYoungGen      total 222720K, used 0K [0x0000000780000000, 0x0000000792b00000, 0x00000007c0000000)
  eden space 204800K, 0% used [0x0000000780000000,0x0000000780000000,0x000000078c800000)
  from space 17920K, 0% used [0x000000078c800000,0x000000078c800000,0x000000078d980000)
  to   space 17408K, 0% used [0x0000000791a00000,0x0000000791a00000,0x0000000792b00000)
 ParOldGen       total 101888K, used 40299K [0x0000000700000000, 0x0000000706380000, 0x0000000780000000)
  object space 101888K, 39% used [0x0000000700000000,0x000000070275ae48,0x0000000706380000)
 Metaspace       used 57505K, capacity 58916K, committed 59096K, reserved 1099776K
  class space    used 7701K, capacity 8077K, committed 8152K, reserved 1048576K
}
Event: 32.177 GC heap before
{Heap before GC invocations=15 (full 3):
 PSYoungGen      total 222720K, used 204800K [0x0000000780000000, 0x0000000792b00000, 0x00000007c0000000)
  eden space 204800K, 100% used [0x0000000780000000,0x000000078c800000,0x000000078c800000)
  from space 17920K, 0% used [0x000000078c800000,0x000000078c800000,0x000000078d980000)
  to   space 17408K, 0% used [0x0000000791a00000,0x0000000791a00000,0x0000000792b00000)
 ParOldGen       total 101888K, used 40299K [0x0000000700000000, 0x0000000706380000, 0x0000000780000000)
  object space 101888K, 39% used [0x0000000700000000,0x000000070275ae48,0x0000000706380000)
 Metaspace       used 61688K, capacity 63158K, committed 63320K, reserved 1103872K
  class space    used 8390K, capacity 8768K, committed 8792K, reserved 1048576K
Event: 32.283 GC heap after
Heap after GC invocations=15 (full 3):
 PSYoungGen      total 281600K, used 17392K [0x0000000780000000, 0x0000000793400000, 0x00000007c0000000)
  eden space 264192K, 0% used [0x0000000780000000,0x0000000780000000,0x0000000790200000)
  from space 17408K, 99% used [0x0000000791a00000,0x0000000792afc010,0x0000000792b00000)
  to   space 24576K, 0% used [0x0000000790200000,0x0000000790200000,0x0000000791a00000)
 ParOldGen       total 101888K, used 53506K [0x0000000700000000, 0x0000000706380000, 0x0000000780000000)
  object space 101888K, 52% used [0x0000000700000000,0x0000000703440b38,0x0000000706380000)
 Metaspace       used 61688K, capacity 63158K, committed 63320K, reserved 1103872K
  class space    used 8390K, capacity 8768K, committed 8792K, reserved 1048576K
}
Event: 37.255 GC heap before
{Heap before GC invocations=16 (full 3):
 PSYoungGen      total 281600K, used 281584K [0x0000000780000000, 0x0000000793400000, 0x00000007c0000000)
  eden space 264192K, 100% used [0x0000000780000000,0x0000000790200000,0x0000000790200000)
  from space 17408K, 99% used [0x0000000791a00000,0x0000000792afc010,0x0000000792b00000)
  to   space 24576K, 0% used [0x0000000790200000,0x0000000790200000,0x0000000791a00000)
 ParOldGen       total 101888K, used 53506K [0x0000000700000000, 0x0000000706380000, 0x0000000780000000)
  object space 101888K, 52% used [0x0000000700000000,0x0000000703440b38,0x0000000706380000)
 Metaspace       used 64229K, capacity 65686K, committed 65880K, reserved 1105920K
  class space    used 8611K, capacity 8992K, committed 9048K, reserved 1048576K
Event: 37.414 GC heap after
Heap after GC invocations=16 (full 3):
 PSYoungGen      total 288768K, used 16212K [0x0000000780000000, 0x0000000798300000, 0x00000007c0000000)
  eden space 264192K, 0% used [0x0000000780000000,0x0000000780000000,0x0000000790200000)
  from space 24576K, 65% used [0x0000000790200000,0x00000007911d5260,0x0000000791a00000)
  to   space 25088K, 0% used [0x0000000796a80000,0x0000000796a80000,0x0000000798300000)
 ParOldGen       total 101888K, used 61612K [0x0000000700000000, 0x0000000706380000, 0x0000000780000000)
  object space 101888K, 60% used [0x0000000700000000,0x0000000703c2b358,0x0000000706380000)
 Metaspace       used 64229K, capacity 65686K, committed 65880K, reserved 1105920K
  class space    used 8611K, capacity 8992K, committed 9048K, reserved 1048576K
}

