# JRE version: OpenJDK Runtime Environment (8.0_76-b03) (build 1.8.0_76-release-b03)
# Java VM: OpenJDK 64-Bit Server VM (25.76-b03 mixed mode windows-amd64 compressed oops)
Heap:
 PSYoungGen      total 637952K, used 103073K [0x0000000780000000, 0x00000007b4580000, 0x00000007c0000000)
  eden space 477696K, 21% used [0x0000000780000000,0x00000007864a85a8,0x000000079d280000)
  from space 160256K, 0% used [0x00000007a8000000,0x00000007a8000000,0x00000007b1c80000)
  to   space 177664K, 0% used [0x000000079d280000,0x000000079d280000,0x00000007a8000000)
 ParOldGen       total 543744K, used 300371K [0x0000000700000000, 0x0000000721300000, 0x0000000780000000)
  object space 543744K, 55% used [0x0000000700000000,0x0000000712554d80,0x0000000721300000)
 Metaspace       used 62052K, capacity 63468K, committed 63744K, reserved 1103872K
  class space    used 8341K, capacity 8701K, committed 8704K, reserved 1048576K
GC Heap History (10 events):
Event: 61.630 GC heap before
{Heap before GC invocations=28 (full 4):
 PSYoungGen      total 442368K, used 442352K [0x0000000780000000, 0x00000007a9000000, 0x00000007c0000000)
  eden space 366592K, 100% used [0x0000000780000000,0x0000000796600000,0x0000000796600000)
  from space 75776K, 99% used [0x0000000796600000,0x000000079affc120,0x000000079b000000)
  to   space 111616K, 0% used [0x00000007a2300000,0x00000007a2300000,0x00000007a9000000)
 ParOldGen       total 245248K, used 186387K [0x0000000700000000, 0x000000070ef80000, 0x0000000780000000)
  object space 245248K, 75% used [0x0000000700000000,0x000000070b604d80,0x000000070ef80000)
 Metaspace       used 61845K, capacity 63276K, committed 63488K, reserved 1103872K
  class space    used 8338K, capacity 8701K, committed 8704K, reserved 1048576K
Event: 62.242 GC heap after
Heap after GC invocations=28 (full 4):
 PSYoungGen      total 549888K, used 87360K [0x0000000780000000, 0x00000007aab80000, 0x00000007c0000000)
  eden space 438272K, 0% used [0x0000000780000000,0x0000000780000000,0x000000079ac00000)
  from space 111616K, 78% used [0x00000007a2300000,0x00000007a7850000,0x00000007a9000000)
  to   space 121856K, 0% used [0x000000079ac00000,0x000000079ac00000,0x00000007a2300000)
 ParOldGen       total 262144K, used 261698K [0x0000000700000000, 0x0000000710000000, 0x0000000780000000)
  object space 262144K, 99% used [0x0000000700000000,0x000000070ff90ae0,0x0000000710000000)
 Metaspace       used 61845K, capacity 63276K, committed 63488K, reserved 1103872K
  class space    used 8338K, capacity 8701K, committed 8704K, reserved 1048576K
}
Event: 62.242 GC heap before
{Heap before GC invocations=29 (full 5):
 PSYoungGen      total 549888K, used 87360K [0x0000000780000000, 0x00000007aab80000, 0x00000007c0000000)
  eden space 438272K, 0% used [0x0000000780000000,0x0000000780000000,0x000000079ac00000)
  from space 111616K, 78% used [0x00000007a2300000,0x00000007a7850000,0x00000007a9000000)
  to   space 121856K, 0% used [0x000000079ac00000,0x000000079ac00000,0x00000007a2300000)
 ParOldGen       total 262144K, used 261698K [0x0000000700000000, 0x0000000710000000, 0x0000000780000000)
  object space 262144K, 99% used [0x0000000700000000,0x000000070ff90ae0,0x0000000710000000)
 Metaspace       used 61845K, capacity 63276K, committed 63488K, reserved 1103872K
  class space    used 8338K, capacity 8701K, committed 8704K, reserved 1048576K
Event: 67.178 GC heap after
Heap after GC invocations=29 (full 5):
 PSYoungGen      total 549888K, used 42154K [0x0000000780000000, 0x00000007aab80000, 0x00000007c0000000)
  eden space 438272K, 0% used [0x0000000780000000,0x0000000780000000,0x000000079ac00000)
  from space 111616K, 37% used [0x00000007a2300000,0x00000007a4c2a9c0,0x00000007a9000000)
  to   space 121856K, 0% used [0x000000079ac00000,0x000000079ac00000,0x00000007a2300000)
 ParOldGen       total 445952K, used 261673K [0x0000000700000000, 0x000000071b380000, 0x0000000780000000)
  object space 445952K, 58% used [0x0000000700000000,0x000000070ff8a518,0x000000071b380000)
 Metaspace       used 61845K, capacity 63276K, committed 63488K, reserved 1103872K
  class space    used 8338K, capacity 8701K, committed 8704K, reserved 1048576K
}
Event: 70.921 GC heap before
{Heap before GC invocations=30 (full 5):
 PSYoungGen      total 549888K, used 480426K [0x0000000780000000, 0x00000007aab80000, 0x00000007c0000000)
  eden space 438272K, 100% used [0x0000000780000000,0x000000079ac00000,0x000000079ac00000)
  from space 111616K, 37% used [0x00000007a2300000,0x00000007a4c2a9c0,0x00000007a9000000)
  to   space 121856K, 0% used [0x000000079ac00000,0x000000079ac00000,0x00000007a2300000)
 ParOldGen       total 445952K, used 261673K [0x0000000700000000, 0x000000071b380000, 0x0000000780000000)
  object space 445952K, 58% used [0x0000000700000000,0x000000070ff8a518,0x000000071b380000)
 Metaspace       used 61859K, capacity 63276K, committed 63488K, reserved 1103872K
  class space    used 8338K, capacity 8701K, committed 8704K, reserved 1048576K
Event: 71.741 GC heap after
Heap after GC invocations=30 (full 5):
 PSYoungGen      total 560128K, used 121856K [0x0000000780000000, 0x00000007b1c80000, 0x00000007c0000000)
  eden space 438272K, 0% used [0x0000000780000000,0x0000000780000000,0x000000079ac00000)
  from space 121856K, 100% used [0x000000079ac00000,0x00000007a2300000,0x00000007a2300000)
  to   space 160256K, 0% used [0x00000007a8000000,0x00000007a8000000,0x00000007b1c80000)
 ParOldGen       total 445952K, used 308321K [0x0000000700000000, 0x000000071b380000, 0x0000000780000000)
  object space 445952K, 69% used [0x0000000700000000,0x0000000712d18538,0x000000071b380000)
 Metaspace       used 61859K, capacity 63276K, committed 63488K, reserved 1103872K
  class space    used 8338K, capacity 8701K, committed 8704K, reserved 1048576K
}
Event: 75.099 GC heap before
{Heap before GC invocations=31 (full 5):
 PSYoungGen      total 560128K, used 560128K [0x0000000780000000, 0x00000007b1c80000, 0x00000007c0000000)
  eden space 438272K, 100% used [0x0000000780000000,0x000000079ac00000,0x000000079ac00000)
  from space 121856K, 100% used [0x000000079ac00000,0x00000007a2300000,0x00000007a2300000)
  to   space 160256K, 0% used [0x00000007a8000000,0x00000007a8000000,0x00000007b1c80000)
 ParOldGen       total 445952K, used 308321K [0x0000000700000000, 0x000000071b380000, 0x0000000780000000)
  object space 445952K, 69% used [0x0000000700000000,0x0000000712d18538,0x000000071b380000)
 Metaspace       used 61896K, capacity 63340K, committed 63744K, reserved 1103872K
  class space    used 8340K, capacity 8701K, committed 8704K, reserved 1048576K
Event: 75.990 GC heap after
Heap after GC invocations=31 (full 5):
 PSYoungGen      total 637952K, used 132433K [0x0000000780000000, 0x00000007b4580000, 0x00000007c0000000)
  eden space 477696K, 0% used [0x0000000780000000,0x0000000780000000,0x000000079d280000)
  from space 160256K, 82% used [0x00000007a8000000,0x00000007b0154630,0x00000007b1c80000)
  to   space 177664K, 0% used [0x000000079d280000,0x000000079d280000,0x00000007a8000000)
 ParOldGen       total 445952K, used 411729K [0x0000000700000000, 0x000000071b380000, 0x0000000780000000)
  object space 445952K, 92% used [0x0000000700000000,0x0000000719214538,0x000000071b380000)
 Metaspace       used 61896K, capacity 63340K, committed 63744K, reserved 1103872K
  class space    used 8340K, capacity 8701K, committed 8704K, reserved 1048576K
}
Event: 75.990 GC heap before
{Heap before GC invocations=32 (full 6):
 PSYoungGen      total 637952K, used 132433K [0x0000000780000000, 0x00000007b4580000, 0x00000007c0000000)
  eden space 477696K, 0% used [0x0000000780000000,0x0000000780000000,0x000000079d280000)
  from space 160256K, 82% used [0x00000007a8000000,0x00000007b0154630,0x00000007b1c80000)
  to   space 177664K, 0% used [0x000000079d280000,0x000000079d280000,0x00000007a8000000)
 ParOldGen       total 445952K, used 411729K [0x0000000700000000, 0x000000071b380000, 0x0000000780000000)
  object space 445952K, 92% used [0x0000000700000000,0x0000000719214538,0x000000071b380000)
 Metaspace       used 61896K, capacity 63340K, committed 63744K, reserved 1103872K
  class space    used 8340K, capacity 8701K, committed 8704K, reserved 1048576K
Event: 80.092 GC heap after
Heap after GC invocations=32 (full 6):
 PSYoungGen      total 637952K, used 0K [0x0000000780000000, 0x00000007b4580000, 0x00000007c0000000)
  eden space 477696K, 0% used [0x0000000780000000,0x0000000780000000,0x000000079d280000)
  from space 160256K, 0% used [0x00000007a8000000,0x00000007a8000000,0x00000007b1c80000)
  to   space 177664K, 0% used [0x000000079d280000,0x000000079d280000,0x00000007a8000000)
 ParOldGen       total 543744K, used 300371K [0x0000000700000000, 0x0000000721300000, 0x0000000780000000)
  object space 543744K, 55% used [0x0000000700000000,0x0000000712554d80,0x0000000721300000)
 Metaspace       used 61896K, capacity 63340K, committed 63744K, reserved 1103872K
  class space    used 8340K, capacity 8701K, committed 8704K, reserved 1048576K
}

