# JRE version: OpenJDK Runtime Environment (8.0_76-b03) (build 1.8.0_76-release-b03)
# Java VM: OpenJDK 64-Bit Server VM (25.76-b03 mixed mode windows-amd64 compressed oops)
Heap:
 PSYoungGen      total 760832K, used 276305K [0x0000000780000000, 0x00000007c0000000, 0x00000007c0000000)
  eden space 473088K, 42% used [0x0000000780000000,0x000000078c61d978,0x000000079ce00000)
  from space 287744K, 25% used [0x000000079ce00000,0x00000007a15b6a88,0x00000007ae700000)
  to   space 281600K, 0% used [0x00000007aed00000,0x00000007aed00000,0x00000007c0000000)
 ParOldGen       total 242176K, used 135763K [0x0000000700000000, 0x000000070ec80000, 0x0000000780000000)
  object space 242176K, 56% used [0x0000000700000000,0x0000000708494e68,0x000000070ec80000)
 Metaspace       used 65751K, capacity 67514K, committed 67584K, reserved 1107968K
  class space    used 8744K, capacity 9160K, committed 9216K, reserved 1048576K
GC Heap History (10 events):
Event: 174.033 GC heap before
{Heap before GC invocations=56 (full 7):
 PSYoungGen      total 778752K, used 724422K [0x0000000780000000, 0x00000007bd880000, 0x00000007c0000000)
  eden space 573952K, 100% used [0x0000000780000000,0x00000007a3080000,0x00000007a3080000)
  from space 204800K, 73% used [0x00000007b0080000,0x00000007b93718b8,0x00000007bc880000)
  to   space 212992K, 0% used [0x00000007a3080000,0x00000007a3080000,0x00000007b0080000)
 ParOldGen       total 242176K, used 50617K [0x0000000700000000, 0x000000070ec80000, 0x0000000780000000)
  object space 242176K, 20% used [0x0000000700000000,0x000000070316e698,0x000000070ec80000)
 Metaspace       used 65681K, capacity 67432K, committed 67584K, reserved 1107968K
  class space    used 8738K, capacity 9157K, committed 9216K, reserved 1048576K
Event: 174.462 GC heap after
Heap after GC invocations=56 (full 7):
 PSYoungGen      total 786944K, used 152244K [0x0000000780000000, 0x00000007c0000000, 0x00000007c0000000)
  eden space 573952K, 0% used [0x0000000780000000,0x0000000780000000,0x00000007a3080000)
  from space 212992K, 71% used [0x00000007a3080000,0x00000007ac52d210,0x00000007b0080000)
  to   space 219136K, 0% used [0x00000007b2a00000,0x00000007b2a00000,0x00000007c0000000)
 ParOldGen       total 242176K, used 50617K [0x0000000700000000, 0x000000070ec80000, 0x0000000780000000)
  object space 242176K, 20% used [0x0000000700000000,0x000000070316e698,0x000000070ec80000)
 Metaspace       used 65681K, capacity 67432K, committed 67584K, reserved 1107968K
  class space    used 8738K, capacity 9157K, committed 9216K, reserved 1048576K
}
Event: 177.268 GC heap before
{Heap before GC invocations=57 (full 7):
 PSYoungGen      total 786944K, used 726196K [0x0000000780000000, 0x00000007c0000000, 0x00000007c0000000)
  eden space 573952K, 100% used [0x0000000780000000,0x00000007a3080000,0x00000007a3080000)
  from space 212992K, 71% used [0x00000007a3080000,0x00000007ac52d210,0x00000007b0080000)
  to   space 219136K, 0% used [0x00000007b2a00000,0x00000007b2a00000,0x00000007c0000000)
 ParOldGen       total 242176K, used 50617K [0x0000000700000000, 0x000000070ec80000, 0x0000000780000000)
  object space 242176K, 20% used [0x0000000700000000,0x000000070316e698,0x000000070ec80000)
 Metaspace       used 65691K, capacity 67432K, committed 67584K, reserved 1107968K
  class space    used 8738K, capacity 9157K, committed 9216K, reserved 1048576K
Event: 177.810 GC heap after
Heap after GC invocations=57 (full 7):
 PSYoungGen      total 781312K, used 204916K [0x0000000780000000, 0x00000007c0000000, 0x00000007c0000000)
  eden space 562176K, 0% used [0x0000000780000000,0x0000000780000000,0x00000007a2500000)
  from space 219136K, 93% used [0x00000007b2a00000,0x00000007bf21d358,0x00000007c0000000)
  to   space 243200K, 0% used [0x00000007a2500000,0x00000007a2500000,0x00000007b1280000)
 ParOldGen       total 242176K, used 50617K [0x0000000700000000, 0x000000070ec80000, 0x0000000780000000)
  object space 242176K, 20% used [0x0000000700000000,0x000000070316e698,0x000000070ec80000)
 Metaspace       used 65691K, capacity 67432K, committed 67584K, reserved 1107968K
  class space    used 8738K, capacity 9157K, committed 9216K, reserved 1048576K
}
Event: 180.620 GC heap before
{Heap before GC invocations=58 (full 7):
 PSYoungGen      total 781312K, used 767092K [0x0000000780000000, 0x00000007c0000000, 0x00000007c0000000)
  eden space 562176K, 100% used [0x0000000780000000,0x00000007a2500000,0x00000007a2500000)
  from space 219136K, 93% used [0x00000007b2a00000,0x00000007bf21d358,0x00000007c0000000)
  to   space 243200K, 0% used [0x00000007a2500000,0x00000007a2500000,0x00000007b1280000)
 ParOldGen       total 242176K, used 50617K [0x0000000700000000, 0x000000070ec80000, 0x0000000780000000)
  object space 242176K, 20% used [0x0000000700000000,0x000000070316e698,0x000000070ec80000)
 Metaspace       used 65691K, capacity 67432K, committed 67584K, reserved 1107968K
  class space    used 8738K, capacity 9157K, committed 9216K, reserved 1048576K
Event: 181.381 GC heap after
Heap after GC invocations=58 (full 7):
 PSYoungGen      total 805376K, used 243186K [0x0000000780000000, 0x00000007c0000000, 0x00000007c0000000)
  eden space 562176K, 0% used [0x0000000780000000,0x0000000780000000,0x00000007a2500000)
  from space 243200K, 99% used [0x00000007a2500000,0x00000007b127c950,0x00000007b1280000)
  to   space 243200K, 0% used [0x00000007b1280000,0x00000007b1280000,0x00000007c0000000)
 ParOldGen       total 242176K, used 92555K [0x0000000700000000, 0x000000070ec80000, 0x0000000780000000)
  object space 242176K, 38% used [0x0000000700000000,0x0000000705a62ed0,0x000000070ec80000)
 Metaspace       used 65691K, capacity 67432K, committed 67584K, reserved 1107968K
  class space    used 8738K, capacity 9157K, committed 9216K, reserved 1048576K
}
Event: 186.604 GC heap before
{Heap before GC invocations=59 (full 7):
 PSYoungGen      total 805376K, used 805362K [0x0000000780000000, 0x00000007c0000000, 0x00000007c0000000)
  eden space 562176K, 100% used [0x0000000780000000,0x00000007a2500000,0x00000007a2500000)
  from space 243200K, 99% used [0x00000007a2500000,0x00000007b127c950,0x00000007b1280000)
  to   space 243200K, 0% used [0x00000007b1280000,0x00000007b1280000,0x00000007c0000000)
 ParOldGen       total 242176K, used 92555K [0x0000000700000000, 0x000000070ec80000, 0x0000000780000000)
  object space 242176K, 38% used [0x0000000700000000,0x0000000705a62ed0,0x000000070ec80000)
 Metaspace       used 65704K, capacity 67496K, committed 67584K, reserved 1107968K
  class space    used 8738K, capacity 9157K, committed 9216K, reserved 1048576K
Event: 186.903 GC heap after
Heap after GC invocations=59 (full 7):
 PSYoungGen      total 716288K, used 70718K [0x0000000780000000, 0x00000007c0000000, 0x00000007c0000000)
  eden space 473088K, 0% used [0x0000000780000000,0x0000000780000000,0x000000079ce00000)
  from space 243200K, 29% used [0x00000007b1280000,0x00000007b578fa30,0x00000007c0000000)
  to   space 287744K, 0% used [0x000000079ce00000,0x000000079ce00000,0x00000007ae700000)
 ParOldGen       total 242176K, used 135755K [0x0000000700000000, 0x000000070ec80000, 0x0000000780000000)
  object space 242176K, 56% used [0x0000000700000000,0x0000000708492e68,0x000000070ec80000)
 Metaspace       used 65704K, capacity 67496K, committed 67584K, reserved 1107968K
  class space    used 8738K, capacity 9157K, committed 9216K, reserved 1048576K
}
Event: 190.592 GC heap before
{Heap before GC invocations=60 (full 7):
 PSYoungGen      total 716288K, used 543806K [0x0000000780000000, 0x00000007c0000000, 0x00000007c0000000)
  eden space 473088K, 100% used [0x0000000780000000,0x000000079ce00000,0x000000079ce00000)
  from space 243200K, 29% used [0x00000007b1280000,0x00000007b578fa30,0x00000007c0000000)
  to   space 287744K, 0% used [0x000000079ce00000,0x000000079ce00000,0x00000007ae700000)
 ParOldGen       total 242176K, used 135755K [0x0000000700000000, 0x000000070ec80000, 0x0000000780000000)
  object space 242176K, 56% used [0x0000000700000000,0x0000000708492e68,0x000000070ec80000)
 Metaspace       used 65749K, capacity 67514K, committed 67584K, reserved 1107968K
  class space    used 8744K, capacity 9160K, committed 9216K, reserved 1048576K
Event: 190.856 GC heap after
Heap after GC invocations=60 (full 7):
 PSYoungGen      total 760832K, used 73434K [0x0000000780000000, 0x00000007c0000000, 0x00000007c0000000)
  eden space 473088K, 0% used [0x0000000780000000,0x0000000780000000,0x000000079ce00000)
  from space 287744K, 25% used [0x000000079ce00000,0x00000007a15b6a88,0x00000007ae700000)
  to   space 281600K, 0% used [0x00000007aed00000,0x00000007aed00000,0x00000007c0000000)
 ParOldGen       total 242176K, used 135763K [0x0000000700000000, 0x000000070ec80000, 0x0000000780000000)
  object space 242176K, 56% used [0x0000000700000000,0x0000000708494e68,0x000000070ec80000)
 Metaspace       used 65749K, capacity 67514K, committed 67584K, reserved 1107968K
  class space    used 8744K, capacity 9160K, committed 9216K, reserved 1048576K
}

