# JRE version: OpenJDK Runtime Environment (8.0_76-b03) (build 1.8.0_76-release-b03)
# Java VM: OpenJDK 64-Bit Server VM (25.76-b03 mixed mode windows-amd64 compressed oops)
Heap:
 PSYoungGen      total 388608K, used 325570K [0x0000000780000000, 0x0000000799880000, 0x00000007c0000000)
  eden space 358912K, 82% used [0x0000000780000000,0x00000007920f4968,0x0000000795e80000)
  from space 29696K, 99% used [0x0000000795e80000,0x0000000797b7c0a0,0x0000000797b80000)
  to   space 17408K, 0% used [0x0000000798780000,0x0000000798780000,0x0000000799880000)
 ParOldGen       total 129536K, used 73147K [0x0000000700000000, 0x0000000707e80000, 0x0000000780000000)
  object space 129536K, 56% used [0x0000000700000000,0x000000070476ee58,0x0000000707e80000)
 Metaspace       used 78493K, capacity 80678K, committed 81152K, reserved 1120256K
  class space    used 10174K, capacity 10664K, committed 10752K, reserved 1048576K
GC Heap History (10 events):
Event: 54.519 GC heap before
{Heap before GC invocations=15 (full 3):
 PSYoungGen      total 239104K, used 219123K [0x0000000780000000, 0x0000000794900000, 0x00000007c0000000)
  eden space 219136K, 99% used [0x0000000780000000,0x000000078d5fce70,0x000000078d600000)
  from space 19968K, 0% used [0x000000078d600000,0x000000078d600000,0x000000078e980000)
  to   space 19456K, 0% used [0x0000000793600000,0x0000000793600000,0x0000000794900000)
 ParOldGen       total 91136K, used 35766K [0x0000000700000000, 0x0000000705900000, 0x0000000780000000)
  object space 91136K, 39% used [0x0000000700000000,0x00000007022eda10,0x0000000705900000)
 Metaspace       used 59096K, capacity 60768K, committed 60928K, reserved 1101824K
  class space    used 7711K, capacity 8099K, committed 8192K, reserved 1048576K
Event: 54.554 GC heap after
Heap after GC invocations=15 (full 3):
 PSYoungGen      total 304640K, used 19426K [0x0000000780000000, 0x0000000796180000, 0x00000007c0000000)
  eden space 285184K, 0% used [0x0000000780000000,0x0000000780000000,0x0000000791680000)
  from space 19456K, 99% used [0x0000000793600000,0x00000007948f8b60,0x0000000794900000)
  to   space 32256K, 0% used [0x0000000791680000,0x0000000791680000,0x0000000793600000)
 ParOldGen       total 91136K, used 62356K [0x0000000700000000, 0x0000000705900000, 0x0000000780000000)
  object space 91136K, 68% used [0x0000000700000000,0x0000000703ce5160,0x0000000705900000)
 Metaspace       used 59096K, capacity 60768K, committed 60928K, reserved 1101824K
  class space    used 7711K, capacity 8099K, committed 8192K, reserved 1048576K
}
Event: 55.333 GC heap before
{Heap before GC invocations=16 (full 4):
 PSYoungGen      total 304640K, used 304610K [0x0000000780000000, 0x0000000796180000, 0x00000007c0000000)
  eden space 285184K, 100% used [0x0000000780000000,0x0000000791680000,0x0000000791680000)
  from space 19456K, 99% used [0x0000000793600000,0x00000007948f8b60,0x0000000794900000)
  to   space 32256K, 0% used [0x0000000791680000,0x0000000791680000,0x0000000793600000)
 ParOldGen       total 100352K, used 99221K [0x0000000700000000, 0x0000000706200000, 0x0000000780000000)
  object space 100352K, 98% used [0x0000000700000000,0x00000007060e5658,0x0000000706200000)
 Metaspace       used 59158K, capacity 60786K, committed 60928K, reserved 1101824K
  class space    used 7720K, capacity 8102K, committed 8192K, reserved 1048576K
Event: 55.498 GC heap after
Heap after GC invocations=16 (full 4):
 PSYoungGen      total 304640K, used 0K [0x0000000780000000, 0x0000000796180000, 0x00000007c0000000)
  eden space 285184K, 0% used [0x0000000780000000,0x0000000780000000,0x0000000791680000)
  from space 19456K, 0% used [0x0000000793600000,0x0000000793600000,0x0000000794900000)
  to   space 32256K, 0% used [0x0000000791680000,0x0000000791680000,0x0000000793600000)
 ParOldGen       total 129536K, used 54619K [0x0000000700000000, 0x0000000707e80000, 0x0000000780000000)
  object space 129536K, 42% used [0x0000000700000000,0x0000000703556f08,0x0000000707e80000)
 Metaspace       used 59158K, capacity 60786K, committed 60928K, reserved 1101824K
  class space    used 7720K, capacity 8102K, committed 8192K, reserved 1048576K
}
Event: 224.224 GC heap before
{Heap before GC invocations=17 (full 4):
 PSYoungGen      total 304640K, used 285184K [0x0000000780000000, 0x0000000796180000, 0x00000007c0000000)
  eden space 285184K, 100% used [0x0000000780000000,0x0000000791680000,0x0000000791680000)
  from space 19456K, 0% used [0x0000000793600000,0x0000000793600000,0x0000000794900000)
  to   space 32256K, 0% used [0x0000000791680000,0x0000000791680000,0x0000000793600000)
 ParOldGen       total 129536K, used 54619K [0x0000000700000000, 0x0000000707e80000, 0x0000000780000000)
  object space 129536K, 42% used [0x0000000700000000,0x0000000703556f08,0x0000000707e80000)
 Metaspace       used 65792K, capacity 67692K, committed 67840K, reserved 1107968K
  class space    used 8414K, capacity 8877K, committed 8960K, reserved 1048576K
Event: 224.249 GC heap after
Heap after GC invocations=17 (full 4):
 PSYoungGen      total 317440K, used 10627K [0x0000000780000000, 0x000000079a580000, 0x00000007c0000000)
  eden space 285184K, 0% used [0x0000000780000000,0x0000000780000000,0x0000000791680000)
  from space 32256K, 32% used [0x0000000791680000,0x00000007920e0c68,0x0000000793600000)
  to   space 30720K, 0% used [0x0000000798780000,0x0000000798780000,0x000000079a580000)
 ParOldGen       total 129536K, used 54627K [0x0000000700000000, 0x0000000707e80000, 0x0000000780000000)
  object space 129536K, 42% used [0x0000000700000000,0x0000000703558f08,0x0000000707e80000)
 Metaspace       used 65792K, capacity 67692K, committed 67840K, reserved 1107968K
  class space    used 8414K, capacity 8877K, committed 8960K, reserved 1048576K
}
Event: 245.186 GC heap before
{Heap before GC invocations=18 (full 4):
 PSYoungGen      total 317440K, used 295811K [0x0000000780000000, 0x000000079a580000, 0x00000007c0000000)
  eden space 285184K, 100% used [0x0000000780000000,0x0000000791680000,0x0000000791680000)
  from space 32256K, 32% used [0x0000000791680000,0x00000007920e0c68,0x0000000793600000)
  to   space 30720K, 0% used [0x0000000798780000,0x0000000798780000,0x000000079a580000)
 ParOldGen       total 129536K, used 54627K [0x0000000700000000, 0x0000000707e80000, 0x0000000780000000)
  object space 129536K, 42% used [0x0000000700000000,0x0000000703558f08,0x0000000707e80000)
 Metaspace       used 68452K, capacity 70626K, committed 70784K, reserved 1110016K
  class space    used 8773K, capacity 9234K, committed 9344K, reserved 1048576K
Event: 245.213 GC heap after
Heap after GC invocations=18 (full 4):
 PSYoungGen      total 376320K, used 7726K [0x0000000780000000, 0x0000000799880000, 0x00000007c0000000)
  eden space 358912K, 0% used [0x0000000780000000,0x0000000780000000,0x0000000795e80000)
  from space 17408K, 44% used [0x0000000798780000,0x0000000798f0b850,0x0000000799880000)
  to   space 29696K, 0% used [0x0000000795e80000,0x0000000795e80000,0x0000000797b80000)
 ParOldGen       total 129536K, used 59740K [0x0000000700000000, 0x0000000707e80000, 0x0000000780000000)
  object space 129536K, 46% used [0x0000000700000000,0x0000000703a57168,0x0000000707e80000)
 Metaspace       used 68452K, capacity 70626K, committed 70784K, reserved 1110016K
  class space    used 8773K, capacity 9234K, committed 9344K, reserved 1048576K
}
Event: 251.543 GC heap before
{Heap before GC invocations=19 (full 4):
 PSYoungGen      total 376320K, used 366638K [0x0000000780000000, 0x0000000799880000, 0x00000007c0000000)
  eden space 358912K, 100% used [0x0000000780000000,0x0000000795e80000,0x0000000795e80000)
  from space 17408K, 44% used [0x0000000798780000,0x0000000798f0b850,0x0000000799880000)
  to   space 29696K, 0% used [0x0000000795e80000,0x0000000795e80000,0x0000000797b80000)
 ParOldGen       total 129536K, used 59740K [0x0000000700000000, 0x0000000707e80000, 0x0000000780000000)
  object space 129536K, 46% used [0x0000000700000000,0x0000000703a57168,0x0000000707e80000)
 Metaspace       used 76828K, capacity 79014K, committed 79488K, reserved 1118208K
  class space    used 10065K, capacity 10536K, committed 10624K, reserved 1048576K
Event: 251.639 GC heap after
Heap after GC invocations=19 (full 4):
 PSYoungGen      total 388608K, used 29680K [0x0000000780000000, 0x0000000799880000, 0x00000007c0000000)
  eden space 358912K, 0% used [0x0000000780000000,0x0000000780000000,0x0000000795e80000)
  from space 29696K, 99% used [0x0000000795e80000,0x0000000797b7c0a0,0x0000000797b80000)
  to   space 17408K, 0% used [0x0000000798780000,0x0000000798780000,0x0000000799880000)
 ParOldGen       total 129536K, used 73147K [0x0000000700000000, 0x0000000707e80000, 0x0000000780000000)
  object space 129536K, 56% used [0x0000000700000000,0x000000070476ee58,0x0000000707e80000)
 Metaspace       used 76828K, capacity 79014K, committed 79488K, reserved 1118208K
  class space    used 10065K, capacity 10536K, committed 10624K, reserved 1048576K
}

