# JRE version: OpenJDK Runtime Environment (8.0_76-b03) (build 1.8.0_76-release-b03)
# Java VM: OpenJDK 64-Bit Server VM (25.76-b03 mixed mode windows-amd64 compressed oops)
Heap:
 PSYoungGen      total 809984K, used 457717K [0x0000000780000000, 0x00000007c0000000, 0x00000007c0000000)
  eden space 604672K, 56% used [0x0000000780000000,0x0000000794f754f8,0x00000007a4e80000)
  from space 205312K, 55% used [0x00000007a4e80000,0x00000007abe08030,0x00000007b1700000)
  to   space 206336K, 0% used [0x00000007b3680000,0x00000007b3680000,0x00000007c0000000)
 ParOldGen       total 374272K, used 132204K [0x0000000700000000, 0x0000000716d80000, 0x0000000780000000)
  object space 374272K, 35% used [0x0000000700000000,0x000000070811b0d0,0x0000000716d80000)
 Metaspace       used 66579K, capacity 68092K, committed 68440K, reserved 1110016K
  class space    used 8794K, capacity 9191K, committed 9304K, reserved 1048576K
GC Heap History (10 events):
Event: 85.939 GC heap before
{Heap before GC invocations=31 (full 6):
 PSYoungGen      total 700928K, used 622018K [0x0000000780000000, 0x00000007b9800000, 0x00000007c0000000)
  eden space 523264K, 100% used [0x0000000780000000,0x000000079ff00000,0x000000079ff00000)
  from space 177664K, 55% used [0x000000079ff00000,0x00000007a5f70ab8,0x00000007aac80000)
  to   space 180224K, 0% used [0x00000007ae800000,0x00000007ae800000,0x00000007b9800000)
 ParOldGen       total 521216K, used 314087K [0x0000000700000000, 0x000000071fd00000, 0x0000000780000000)
  object space 521216K, 60% used [0x0000000700000000,0x00000007132b9d60,0x000000071fd00000)
 Metaspace       used 64989K, capacity 66514K, committed 66904K, reserved 1107968K
  class space    used 8629K, capacity 8992K, committed 9048K, reserved 1048576K
Event: 86.511 GC heap after
Heap after GC invocations=31 (full 6):
 PSYoungGen      total 724480K, used 180204K [0x0000000780000000, 0x00000007bdb00000, 0x00000007c0000000)
  eden space 544256K, 0% used [0x0000000780000000,0x0000000780000000,0x00000007a1380000)
  from space 180224K, 99% used [0x00000007ae800000,0x00000007b97fb3e8,0x00000007b9800000)
  to   space 217600K, 0% used [0x00000007a1380000,0x00000007a1380000,0x00000007ae800000)
 ParOldGen       total 521216K, used 330551K [0x0000000700000000, 0x000000071fd00000, 0x0000000780000000)
  object space 521216K, 63% used [0x0000000700000000,0x00000007142cdc30,0x000000071fd00000)
 Metaspace       used 64989K, capacity 66514K, committed 66904K, reserved 1107968K
  class space    used 8629K, capacity 8992K, committed 9048K, reserved 1048576K
}
Event: 90.066 GC heap before
{Heap before GC invocations=32 (full 6):
 PSYoungGen      total 724480K, used 724460K [0x0000000780000000, 0x00000007bdb00000, 0x00000007c0000000)
  eden space 544256K, 100% used [0x0000000780000000,0x00000007a1380000,0x00000007a1380000)
  from space 180224K, 99% used [0x00000007ae800000,0x00000007b97fb3e8,0x00000007b9800000)
  to   space 217600K, 0% used [0x00000007a1380000,0x00000007a1380000,0x00000007ae800000)
 ParOldGen       total 521216K, used 330551K [0x0000000700000000, 0x000000071fd00000, 0x0000000780000000)
  object space 521216K, 63% used [0x0000000700000000,0x00000007142cdc30,0x000000071fd00000)
 Metaspace       used 65015K, capacity 66514K, committed 66904K, reserved 1107968K
  class space    used 8631K, capacity 8992K, committed 9048K, reserved 1048576K
Event: 90.805 GC heap after
Heap after GC invocations=32 (full 6):
 PSYoungGen      total 761856K, used 100082K [0x0000000780000000, 0x00000007bf080000, 0x00000007c0000000)
  eden space 544256K, 0% used [0x0000000780000000,0x0000000780000000,0x00000007a1380000)
  from space 217600K, 45% used [0x00000007a1380000,0x00000007a753c830,0x00000007ae800000)
  to   space 212480K, 0% used [0x00000007b2100000,0x00000007b2100000,0x00000007bf080000)
 ParOldGen       total 521216K, used 424936K [0x0000000700000000, 0x000000071fd00000, 0x0000000780000000)
  object space 521216K, 81% used [0x0000000700000000,0x0000000719efa1b0,0x000000071fd00000)
 Metaspace       used 65015K, capacity 66514K, committed 66904K, reserved 1107968K
  class space    used 8631K, capacity 8992K, committed 9048K, reserved 1048576K
}
Event: 90.806 GC heap before
{Heap before GC invocations=33 (full 7):
 PSYoungGen      total 761856K, used 100082K [0x0000000780000000, 0x00000007bf080000, 0x00000007c0000000)
  eden space 544256K, 0% used [0x0000000780000000,0x0000000780000000,0x00000007a1380000)
  from space 217600K, 45% used [0x00000007a1380000,0x00000007a753c830,0x00000007ae800000)
  to   space 212480K, 0% used [0x00000007b2100000,0x00000007b2100000,0x00000007bf080000)
 ParOldGen       total 521216K, used 424936K [0x0000000700000000, 0x000000071fd00000, 0x0000000780000000)
  object space 521216K, 81% used [0x0000000700000000,0x0000000719efa1b0,0x000000071fd00000)
 Metaspace       used 65015K, capacity 66514K, committed 66904K, reserved 1107968K
  class space    used 8631K, capacity 8992K, committed 9048K, reserved 1048576K
Event: 92.425 GC heap after
Heap after GC invocations=33 (full 7):
 PSYoungGen      total 761856K, used 0K [0x0000000780000000, 0x00000007bf080000, 0x00000007c0000000)
  eden space 544256K, 0% used [0x0000000780000000,0x0000000780000000,0x00000007a1380000)
  from space 217600K, 0% used [0x00000007a1380000,0x00000007a1380000,0x00000007ae800000)
  to   space 212480K, 0% used [0x00000007b2100000,0x00000007b2100000,0x00000007bf080000)
 ParOldGen       total 374272K, used 132196K [0x0000000700000000, 0x0000000716d80000, 0x0000000780000000)
  object space 374272K, 35% used [0x0000000700000000,0x00000007081190d0,0x0000000716d80000)
 Metaspace       used 65015K, capacity 66514K, committed 66904K, reserved 1107968K
  class space    used 8631K, capacity 8992K, committed 9048K, reserved 1048576K
}
Event: 102.153 GC heap before
{Heap before GC invocations=34 (full 7):
 PSYoungGen      total 761856K, used 544256K [0x0000000780000000, 0x00000007bf080000, 0x00000007c0000000)
  eden space 544256K, 100% used [0x0000000780000000,0x00000007a1380000,0x00000007a1380000)
  from space 217600K, 0% used [0x00000007a1380000,0x00000007a1380000,0x00000007ae800000)
  to   space 212480K, 0% used [0x00000007b2100000,0x00000007b2100000,0x00000007bf080000)
 ParOldGen       total 374272K, used 132196K [0x0000000700000000, 0x0000000716d80000, 0x0000000780000000)
  object space 374272K, 35% used [0x0000000700000000,0x00000007081190d0,0x0000000716d80000)
 Metaspace       used 65049K, capacity 66610K, committed 66904K, reserved 1107968K
  class space    used 8632K, capacity 9024K, committed 9048K, reserved 1048576K
Event: 102.281 GC heap after
Heap after GC invocations=34 (full 7):
 PSYoungGen      total 799744K, used 43269K [0x0000000780000000, 0x00000007bdf80000, 0x00000007c0000000)
  eden space 604672K, 0% used [0x0000000780000000,0x0000000780000000,0x00000007a4e80000)
  from space 195072K, 22% used [0x00000007b2100000,0x00000007b4b41790,0x00000007bdf80000)
  to   space 205312K, 0% used [0x00000007a4e80000,0x00000007a4e80000,0x00000007b1700000)
 ParOldGen       total 374272K, used 132204K [0x0000000700000000, 0x0000000716d80000, 0x0000000780000000)
  object space 374272K, 35% used [0x0000000700000000,0x000000070811b0d0,0x0000000716d80000)
 Metaspace       used 65049K, capacity 66610K, committed 66904K, reserved 1107968K
  class space    used 8632K, capacity 9024K, committed 9048K, reserved 1048576K
}
Event: 107.718 GC heap before
{Heap before GC invocations=35 (full 7):
 PSYoungGen      total 799744K, used 647941K [0x0000000780000000, 0x00000007bdf80000, 0x00000007c0000000)
  eden space 604672K, 100% used [0x0000000780000000,0x00000007a4e80000,0x00000007a4e80000)
  from space 195072K, 22% used [0x00000007b2100000,0x00000007b4b41790,0x00000007bdf80000)
  to   space 205312K, 0% used [0x00000007a4e80000,0x00000007a4e80000,0x00000007b1700000)
 ParOldGen       total 374272K, used 132204K [0x0000000700000000, 0x0000000716d80000, 0x0000000780000000)
  object space 374272K, 35% used [0x0000000700000000,0x000000070811b0d0,0x0000000716d80000)
 Metaspace       used 65058K, capacity 66610K, committed 66904K, reserved 1107968K
  class space    used 8634K, capacity 9024K, committed 9048K, reserved 1048576K
Event: 108.059 GC heap after
Heap after GC invocations=35 (full 7):
 PSYoungGen      total 809984K, used 114208K [0x0000000780000000, 0x00000007c0000000, 0x00000007c0000000)
  eden space 604672K, 0% used [0x0000000780000000,0x0000000780000000,0x00000007a4e80000)
  from space 205312K, 55% used [0x00000007a4e80000,0x00000007abe08030,0x00000007b1700000)
  to   space 206336K, 0% used [0x00000007b3680000,0x00000007b3680000,0x00000007c0000000)
 ParOldGen       total 374272K, used 132204K [0x0000000700000000, 0x0000000716d80000, 0x0000000780000000)
  object space 374272K, 35% used [0x0000000700000000,0x000000070811b0d0,0x0000000716d80000)
 Metaspace       used 65058K, capacity 66610K, committed 66904K, reserved 1107968K
  class space    used 8634K, capacity 9024K, committed 9048K, reserved 1048576K
}

