# JRE version: OpenJDK Runtime Environment (8.0_76-b03) (build 1.8.0_76-release-b03)
# Java VM: OpenJDK 64-Bit Server VM (25.76-b03 mixed mode windows-amd64 compressed oops)
Heap:
 PSYoungGen      total 334848K, used 180993K [0x00000000e1180000, 0x0000000100000000, 0x0000000100000000)
  eden space 169472K, 98% used [0x00000000e1180000,0x00000000eb558028,0x00000000eb700000)
  from space 165376K, 7% used [0x00000000f5e80000,0x00000000f6b68788,0x0000000100000000)
  to   space 168448K, 0% used [0x00000000eb700000,0x00000000eb700000,0x00000000f5b80000)
 ParOldGen       total 543232K, used 543200K [0x00000000a3400000, 0x00000000c4680000, 0x00000000e1180000)
  object space 543232K, 99% used [0x00000000a3400000,0x00000000c4678028,0x00000000c4680000)
 Metaspace       used 65756K, capacity 67222K, committed 67456K, reserved 1107968K
  class space    used 8608K, capacity 8996K, committed 9088K, reserved 1048576K
GC Heap History (10 events):
Event: 74.682 GC heap before
{Heap before GC invocations=24 (full 7):
 PSYoungGen      total 349184K, used 295136K [0x00000000e1180000, 0x0000000100000000, 0x0000000100000000)
  eden space 242176K, 100% used [0x00000000e1180000,0x00000000efe00000,0x00000000efe00000)
  from space 107008K, 49% used [0x00000000efe00000,0x00000000f31b8258,0x00000000f6680000)
  to   space 146432K, 0% used [0x00000000f7100000,0x00000000f7100000,0x0000000100000000)
 ParOldGen       total 354304K, used 354233K [0x00000000a3400000, 0x00000000b8e00000, 0x00000000e1180000)
  object space 354304K, 99% used [0x00000000a3400000,0x00000000b8dee680,0x00000000b8e00000)
 Metaspace       used 65697K, capacity 67190K, committed 67456K, reserved 1107968K
  class space    used 8602K, capacity 8964K, committed 9088K, reserved 1048576K
Event: 80.588 GC heap after
Heap after GC invocations=24 (full 7):
 PSYoungGen      total 349184K, used 94811K [0x00000000e1180000, 0x0000000100000000, 0x0000000100000000)
  eden space 242176K, 39% used [0x00000000e1180000,0x00000000e6e16e78,0x00000000efe00000)
  from space 107008K, 0% used [0x00000000efe00000,0x00000000efe00000,0x00000000f6680000)
  to   space 146432K, 0% used [0x00000000f7100000,0x00000000f7100000,0x0000000100000000)
 ParOldGen       total 543232K, used 354293K [0x00000000a3400000, 0x00000000c4680000, 0x00000000e1180000)
  object space 543232K, 65% used [0x00000000a3400000,0x00000000b8dfd798,0x00000000c4680000)
 Metaspace       used 65697K, capacity 67190K, committed 67456K, reserved 1107968K
  class space    used 8602K, capacity 8964K, committed 9088K, reserved 1048576K
}
Event: 81.327 GC heap before
{Heap before GC invocations=25 (full 7):
 PSYoungGen      total 349184K, used 242176K [0x00000000e1180000, 0x0000000100000000, 0x0000000100000000)
  eden space 242176K, 100% used [0x00000000e1180000,0x00000000efe00000,0x00000000efe00000)
  from space 107008K, 0% used [0x00000000efe00000,0x00000000efe00000,0x00000000f6680000)
  to   space 146432K, 0% used [0x00000000f7100000,0x00000000f7100000,0x0000000100000000)
 ParOldGen       total 543232K, used 354293K [0x00000000a3400000, 0x00000000c4680000, 0x00000000e1180000)
  object space 543232K, 65% used [0x00000000a3400000,0x00000000b8dfd798,0x00000000c4680000)
 Metaspace       used 65702K, capacity 67190K, committed 67456K, reserved 1107968K
  class space    used 8602K, capacity 8964K, committed 9088K, reserved 1048576K
Event: 82.081 GC heap after
Heap after GC invocations=25 (full 7):
 PSYoungGen      total 343552K, used 98281K [0x00000000e1180000, 0x0000000100000000, 0x0000000100000000)
  eden space 197120K, 0% used [0x00000000e1180000,0x00000000e1180000,0x00000000ed200000)
  from space 146432K, 67% used [0x00000000f7100000,0x00000000fd0fa6d0,0x0000000100000000)
  to   space 154624K, 0% used [0x00000000ed200000,0x00000000ed200000,0x00000000f6900000)
 ParOldGen       total 543232K, used 379745K [0x00000000a3400000, 0x00000000c4680000, 0x00000000e1180000)
  object space 543232K, 69% used [0x00000000a3400000,0x00000000ba6d84a8,0x00000000c4680000)
 Metaspace       used 65702K, capacity 67190K, committed 67456K, reserved 1107968K
  class space    used 8602K, capacity 8964K, committed 9088K, reserved 1048576K
}
Event: 83.363 GC heap before
{Heap before GC invocations=26 (full 7):
 PSYoungGen      total 343552K, used 295401K [0x00000000e1180000, 0x0000000100000000, 0x0000000100000000)
  eden space 197120K, 100% used [0x00000000e1180000,0x00000000ed200000,0x00000000ed200000)
  from space 146432K, 67% used [0x00000000f7100000,0x00000000fd0fa6d0,0x0000000100000000)
  to   space 154624K, 0% used [0x00000000ed200000,0x00000000ed200000,0x00000000f6900000)
 ParOldGen       total 543232K, used 379745K [0x00000000a3400000, 0x00000000c4680000, 0x00000000e1180000)
  object space 543232K, 69% used [0x00000000a3400000,0x00000000ba6d84a8,0x00000000c4680000)
 Metaspace       used 65708K, capacity 67190K, committed 67456K, reserved 1107968K
  class space    used 8602K, capacity 8964K, committed 9088K, reserved 1048576K
Event: 83.825 GC heap after
Heap after GC invocations=26 (full 7):
 PSYoungGen      total 340992K, used 143748K [0x00000000e1180000, 0x0000000100000000, 0x0000000100000000)
  eden space 197120K, 0% used [0x00000000e1180000,0x00000000e1180000,0x00000000ed200000)
  from space 143872K, 99% used [0x00000000ed200000,0x00000000f5e61228,0x00000000f5e80000)
  to   space 165376K, 0% used [0x00000000f5e80000,0x00000000f5e80000,0x0000000100000000)
 ParOldGen       total 543232K, used 379745K [0x00000000a3400000, 0x00000000c4680000, 0x00000000e1180000)
  object space 543232K, 69% used [0x00000000a3400000,0x00000000ba6d84a8,0x00000000c4680000)
 Metaspace       used 65708K, capacity 67190K, committed 67456K, reserved 1107968K
  class space    used 8602K, capacity 8964K, committed 9088K, reserved 1048576K
}
Event: 84.973 GC heap before
{Heap before GC invocations=27 (full 7):
 PSYoungGen      total 340992K, used 340868K [0x00000000e1180000, 0x0000000100000000, 0x0000000100000000)
  eden space 197120K, 100% used [0x00000000e1180000,0x00000000ed200000,0x00000000ed200000)
  from space 143872K, 99% used [0x00000000ed200000,0x00000000f5e61228,0x00000000f5e80000)
  to   space 165376K, 0% used [0x00000000f5e80000,0x00000000f5e80000,0x0000000100000000)
 ParOldGen       total 543232K, used 379745K [0x00000000a3400000, 0x00000000c4680000, 0x00000000e1180000)
  object space 543232K, 69% used [0x00000000a3400000,0x00000000ba6d84a8,0x00000000c4680000)
 Metaspace       used 65717K, capacity 67190K, committed 67456K, reserved 1107968K
  class space    used 8602K, capacity 8964K, committed 9088K, reserved 1048576K
Event: 86.419 GC heap after
Heap after GC invocations=27 (full 7):
 PSYoungGen      total 334848K, used 92987K [0x00000000e1180000, 0x0000000100000000, 0x0000000100000000)
  eden space 169472K, 0% used [0x00000000e1180000,0x00000000e1180000,0x00000000eb700000)
  from space 165376K, 56% used [0x00000000f5e80000,0x00000000fb94ee88,0x0000000100000000)
  to   space 168448K, 0% used [0x00000000eb700000,0x00000000eb700000,0x00000000f5b80000)
 ParOldGen       total 543232K, used 474246K [0x00000000a3400000, 0x00000000c4680000, 0x00000000e1180000)
  object space 543232K, 87% used [0x00000000a3400000,0x00000000c0321800,0x00000000c4680000)
 Metaspace       used 65717K, capacity 67190K, committed 67456K, reserved 1107968K
  class space    used 8602K, capacity 8964K, committed 9088K, reserved 1048576K
}
Event: 86.419 GC heap before
{Heap before GC invocations=28 (full 8):
 PSYoungGen      total 334848K, used 92987K [0x00000000e1180000, 0x0000000100000000, 0x0000000100000000)
  eden space 169472K, 0% used [0x00000000e1180000,0x00000000e1180000,0x00000000eb700000)
  from space 165376K, 56% used [0x00000000f5e80000,0x00000000fb94ee88,0x0000000100000000)
  to   space 168448K, 0% used [0x00000000eb700000,0x00000000eb700000,0x00000000f5b80000)
 ParOldGen       total 543232K, used 474246K [0x00000000a3400000, 0x00000000c4680000, 0x00000000e1180000)
  object space 543232K, 87% used [0x00000000a3400000,0x00000000c0321800,0x00000000c4680000)
 Metaspace       used 65717K, capacity 67190K, committed 67456K, reserved 1107968K
  class space    used 8602K, capacity 8964K, committed 9088K, reserved 1048576K
Event: 95.364 GC heap after
Heap after GC invocations=28 (full 8):
 PSYoungGen      total 334848K, used 13217K [0x00000000e1180000, 0x0000000100000000, 0x0000000100000000)
  eden space 169472K, 0% used [0x00000000e1180000,0x00000000e1180000,0x00000000eb700000)
  from space 165376K, 7% used [0x00000000f5e80000,0x00000000f6b68788,0x0000000100000000)
  to   space 168448K, 0% used [0x00000000eb700000,0x00000000eb700000,0x00000000f5b80000)
 ParOldGen       total 543232K, used 543200K [0x00000000a3400000, 0x00000000c4680000, 0x00000000e1180000)
  object space 543232K, 99% used [0x00000000a3400000,0x00000000c4678028,0x00000000c4680000)
 Metaspace       used 65717K, capacity 67190K, committed 67456K, reserved 1107968K
  class space    used 8602K, capacity 8964K, committed 9088K, reserved 1048576K
}

