# JRE version: OpenJDK Runtime Environment (8.0_76-b03) (build 1.8.0_76-release-b03)
# Java VM: OpenJDK 64-Bit Server VM (25.76-b03 mixed mode windows-amd64 compressed oops)
Heap:
 PSYoungGen      total 814592K, used 297717K [0x0000000780000000, 0x00000007c0000000, 0x00000007c0000000)
  eden space 581632K, 50% used [0x0000000780000000,0x0000000791ee08e8,0x00000007a3800000)
  from space 232960K, 1% used [0x00000007b1c80000,0x00000007b205ced8,0x00000007c0000000)
  to   space 233472K, 0% used [0x00000007a3800000,0x00000007a3800000,0x00000007b1c00000)
 ParOldGen       total 524288K, used 398180K [0x0000000700000000, 0x0000000720000000, 0x0000000780000000)
  object space 524288K, 75% used [0x0000000700000000,0x00000007184d93d8,0x0000000720000000)
 Metaspace       used 69018K, capacity 71494K, committed 71680K, reserved 1112064K
  class space    used 9343K, capacity 9934K, committed 9984K, reserved 1048576K
GC Heap History (10 events):
Event: 117.567 GC heap before
{Heap before GC invocations=30 (full 6):
 PSYoungGen      total 636416K, used 148977K [0x0000000780000000, 0x00000007bba00000, 0x00000007c0000000)
  eden space 487424K, 0% used [0x0000000780000000,0x0000000780000000,0x000000079dc00000)
  from space 148992K, 99% used [0x00000007aa800000,0x00000007b397c630,0x00000007b3980000)
  to   space 208896K, 0% used [0x000000079dc00000,0x000000079dc00000,0x00000007aa800000)
 ParOldGen       total 392704K, used 378028K [0x0000000700000000, 0x0000000717f80000, 0x0000000780000000)
  object space 392704K, 96% used [0x0000000700000000,0x000000071712b260,0x0000000717f80000)
 Metaspace       used 68704K, capacity 71232K, committed 71424K, reserved 1110016K
  class space    used 9339K, capacity 9933K, committed 9984K, reserved 1048576K
Event: 121.859 GC heap after
Heap after GC invocations=30 (full 6):
 PSYoungGen      total 636416K, used 0K [0x0000000780000000, 0x00000007bba00000, 0x00000007c0000000)
  eden space 487424K, 0% used [0x0000000780000000,0x0000000780000000,0x000000079dc00000)
  from space 148992K, 0% used [0x00000007aa800000,0x00000007aa800000,0x00000007b3980000)
  to   space 208896K, 0% used [0x000000079dc00000,0x000000079dc00000,0x00000007aa800000)
 ParOldGen       total 524288K, used 321260K [0x0000000700000000, 0x0000000720000000, 0x0000000780000000)
  object space 524288K, 61% used [0x0000000700000000,0x00000007139bb010,0x0000000720000000)
 Metaspace       used 68704K, capacity 71232K, committed 71424K, reserved 1110016K
  class space    used 9339K, capacity 9933K, committed 9984K, reserved 1048576K
}
Event: 136.811 GC heap before
{Heap before GC invocations=31 (full 6):
 PSYoungGen      total 636416K, used 487424K [0x0000000780000000, 0x00000007bba00000, 0x00000007c0000000)
  eden space 487424K, 100% used [0x0000000780000000,0x000000079dc00000,0x000000079dc00000)
  from space 148992K, 0% used [0x00000007aa800000,0x00000007aa800000,0x00000007b3980000)
  to   space 208896K, 0% used [0x000000079dc00000,0x000000079dc00000,0x00000007aa800000)
 ParOldGen       total 524288K, used 321260K [0x0000000700000000, 0x0000000720000000, 0x0000000780000000)
  object space 524288K, 61% used [0x0000000700000000,0x00000007139bb010,0x0000000720000000)
 Metaspace       used 68894K, capacity 71360K, committed 71680K, reserved 1112064K
  class space    used 9340K, capacity 9933K, committed 9984K, reserved 1048576K
Event: 137.279 GC heap after
Heap after GC invocations=31 (full 6):
 PSYoungGen      total 696320K, used 79167K [0x0000000780000000, 0x00000007b8f80000, 0x00000007c0000000)
  eden space 487424K, 0% used [0x0000000780000000,0x0000000780000000,0x000000079dc00000)
  from space 208896K, 37% used [0x000000079dc00000,0x00000007a294fc00,0x00000007aa800000)
  to   space 198144K, 0% used [0x00000007ace00000,0x00000007ace00000,0x00000007b8f80000)
 ParOldGen       total 524288K, used 321268K [0x0000000700000000, 0x0000000720000000, 0x0000000780000000)
  object space 524288K, 61% used [0x0000000700000000,0x00000007139bd010,0x0000000720000000)
 Metaspace       used 68894K, capacity 71360K, committed 71680K, reserved 1112064K
  class space    used 9340K, capacity 9933K, committed 9984K, reserved 1048576K
}
Event: 141.531 GC heap before
{Heap before GC invocations=32 (full 6):
 PSYoungGen      total 696320K, used 566591K [0x0000000780000000, 0x00000007b8f80000, 0x00000007c0000000)
  eden space 487424K, 100% used [0x0000000780000000,0x000000079dc00000,0x000000079dc00000)
  from space 208896K, 37% used [0x000000079dc00000,0x00000007a294fc00,0x00000007aa800000)
  to   space 198144K, 0% used [0x00000007ace00000,0x00000007ace00000,0x00000007b8f80000)
 ParOldGen       total 524288K, used 321268K [0x0000000700000000, 0x0000000720000000, 0x0000000780000000)
  object space 524288K, 61% used [0x0000000700000000,0x00000007139bd010,0x0000000720000000)
 Metaspace       used 68934K, capacity 71430K, committed 71680K, reserved 1112064K
  class space    used 9340K, capacity 9934K, committed 9984K, reserved 1048576K
Event: 141.901 GC heap after
Heap after GC invocations=32 (full 6):
 PSYoungGen      total 733696K, used 111369K [0x0000000780000000, 0x00000007b9200000, 0x00000007c0000000)
  eden space 535552K, 0% used [0x0000000780000000,0x0000000780000000,0x00000007a0b00000)
  from space 198144K, 56% used [0x00000007ace00000,0x00000007b3ac25f8,0x00000007b8f80000)
  to   space 199680K, 0% used [0x00000007a0b00000,0x00000007a0b00000,0x00000007ace00000)
 ParOldGen       total 524288K, used 321276K [0x0000000700000000, 0x0000000720000000, 0x0000000780000000)
  object space 524288K, 61% used [0x0000000700000000,0x00000007139bf010,0x0000000720000000)
 Metaspace       used 68934K, capacity 71430K, committed 71680K, reserved 1112064K
  class space    used 9340K, capacity 9934K, committed 9984K, reserved 1048576K
}
Event: 145.334 GC heap before
{Heap before GC invocations=33 (full 6):
 PSYoungGen      total 733696K, used 646921K [0x0000000780000000, 0x00000007b9200000, 0x00000007c0000000)
  eden space 535552K, 100% used [0x0000000780000000,0x00000007a0b00000,0x00000007a0b00000)
  from space 198144K, 56% used [0x00000007ace00000,0x00000007b3ac25f8,0x00000007b8f80000)
  to   space 199680K, 0% used [0x00000007a0b00000,0x00000007a0b00000,0x00000007ace00000)
 ParOldGen       total 524288K, used 321276K [0x0000000700000000, 0x0000000720000000, 0x0000000780000000)
  object space 524288K, 61% used [0x0000000700000000,0x00000007139bf010,0x0000000720000000)
 Metaspace       used 68969K, capacity 71430K, committed 71680K, reserved 1112064K
  class space    used 9342K, capacity 9934K, committed 9984K, reserved 1048576K
Event: 146.040 GC heap after
Heap after GC invocations=33 (full 6):
 PSYoungGen      total 735232K, used 199655K [0x0000000780000000, 0x00000007c0000000, 0x00000007c0000000)
  eden space 535552K, 0% used [0x0000000780000000,0x0000000780000000,0x00000007a0b00000)
  from space 199680K, 99% used [0x00000007a0b00000,0x00000007acdf9da8,0x00000007ace00000)
  to   space 232960K, 0% used [0x00000007b1c80000,0x00000007b1c80000,0x00000007c0000000)
 ParOldGen       total 524288K, used 322231K [0x0000000700000000, 0x0000000720000000, 0x0000000780000000)
  object space 524288K, 61% used [0x0000000700000000,0x0000000713aadd18,0x0000000720000000)
 Metaspace       used 68969K, capacity 71430K, committed 71680K, reserved 1112064K
  class space    used 9342K, capacity 9934K, committed 9984K, reserved 1048576K
}
Event: 153.754 GC heap before
{Heap before GC invocations=34 (full 6):
 PSYoungGen      total 735232K, used 735207K [0x0000000780000000, 0x00000007c0000000, 0x00000007c0000000)
  eden space 535552K, 100% used [0x0000000780000000,0x00000007a0b00000,0x00000007a0b00000)
  from space 199680K, 99% used [0x00000007a0b00000,0x00000007acdf9da8,0x00000007ace00000)
  to   space 232960K, 0% used [0x00000007b1c80000,0x00000007b1c80000,0x00000007c0000000)
 ParOldGen       total 524288K, used 322231K [0x0000000700000000, 0x0000000720000000, 0x0000000780000000)
  object space 524288K, 61% used [0x0000000700000000,0x0000000713aadd18,0x0000000720000000)
 Metaspace       used 69004K, capacity 71494K, committed 71680K, reserved 1112064K
  class space    used 9343K, capacity 9934K, committed 9984K, reserved 1048576K
Event: 153.975 GC heap after
Heap after GC invocations=34 (full 6):
 PSYoungGen      total 814592K, used 3955K [0x0000000780000000, 0x00000007c0000000, 0x00000007c0000000)
  eden space 581632K, 0% used [0x0000000780000000,0x0000000780000000,0x00000007a3800000)
  from space 232960K, 1% used [0x00000007b1c80000,0x00000007b205ced8,0x00000007c0000000)
  to   space 233472K, 0% used [0x00000007a3800000,0x00000007a3800000,0x00000007b1c00000)
 ParOldGen       total 524288K, used 398180K [0x0000000700000000, 0x0000000720000000, 0x0000000780000000)
  object space 524288K, 75% used [0x0000000700000000,0x00000007184d93d8,0x0000000720000000)
 Metaspace       used 69004K, capacity 71494K, committed 71680K, reserved 1112064K
  class space    used 9343K, capacity 9934K, committed 9984K, reserved 1048576K
}

