# JRE version: OpenJDK Runtime Environment (8.0_76-b03) (build 1.8.0_76-release-b03)
# Java VM: OpenJDK 64-Bit Server VM (25.76-b03 mixed mode windows-amd64 compressed oops)
Heap:
 PSYoungGen      total 515072K, used 101981K [0x00000000d5580000, 0x00000000ff800000, 0x0000000100000000)
  eden space 387584K, 3% used [0x00000000d5580000,0x00000000d624b890,0x00000000ed000000)
  from space 127488K, 69% used [0x00000000ed000000,0x00000000f26cbd68,0x00000000f4c80000)
  to   space 92160K, 0% used [0x00000000f4c80000,0x00000000f4c80000,0x00000000fa680000)
 ParOldGen       total 418304K, used 316399K [0x0000000080000000, 0x0000000099880000, 0x00000000d5580000)
  object space 418304K, 75% used [0x0000000080000000,0x00000000934fbd80,0x0000000099880000)
 Metaspace       used 71691K, capacity 74148K, committed 74368K, reserved 1114112K
  class space    used 9465K, capacity 10029K, committed 10112K, reserved 1048576K
GC Heap History (10 events):
Event: 141.627 GC heap before
{Heap before GC invocations=23 (full 5):
 PSYoungGen      total 410112K, used 53728K [0x00000000d5580000, 0x00000000f7680000, 0x0000000100000000)
  eden space 356352K, 0% used [0x00000000d5580000,0x00000000d5580000,0x00000000eb180000)
  from space 53760K, 99% used [0x00000000f0000000,0x00000000f3478030,0x00000000f3480000)
  to   space 80384K, 0% used [0x00000000eb180000,0x00000000eb180000,0x00000000f0000000)
 ParOldGen       total 181248K, used 165903K [0x0000000080000000, 0x000000008b100000, 0x00000000d5580000)
  object space 181248K, 91% used [0x0000000080000000,0x000000008a203ec0,0x000000008b100000)
 Metaspace       used 71595K, capacity 74084K, committed 74368K, reserved 1114112K
  class space    used 9465K, capacity 10029K, committed 10112K, reserved 1048576K
Event: 144.823 GC heap after
Heap after GC invocations=23 (full 5):
 PSYoungGen      total 410112K, used 9339K [0x00000000d5580000, 0x00000000f7680000, 0x0000000100000000)
  eden space 356352K, 0% used [0x00000000d5580000,0x00000000d5580000,0x00000000eb180000)
  from space 53760K, 17% used [0x00000000f0000000,0x00000000f091ee38,0x00000000f3480000)
  to   space 80384K, 0% used [0x00000000eb180000,0x00000000eb180000,0x00000000f0000000)
 ParOldGen       total 286208K, used 181042K [0x0000000080000000, 0x0000000091780000, 0x00000000d5580000)
  object space 286208K, 63% used [0x0000000080000000,0x000000008b0cc960,0x0000000091780000)
 Metaspace       used 71595K, capacity 74084K, committed 74368K, reserved 1114112K
  class space    used 9465K, capacity 10029K, committed 10112K, reserved 1048576K
}
Event: 147.321 GC heap before
{Heap before GC invocations=24 (full 5):
 PSYoungGen      total 410112K, used 365691K [0x00000000d5580000, 0x00000000f7680000, 0x0000000100000000)
  eden space 356352K, 100% used [0x00000000d5580000,0x00000000eb180000,0x00000000eb180000)
  from space 53760K, 17% used [0x00000000f0000000,0x00000000f091ee38,0x00000000f3480000)
  to   space 80384K, 0% used [0x00000000eb180000,0x00000000eb180000,0x00000000f0000000)
 ParOldGen       total 286208K, used 181042K [0x0000000080000000, 0x0000000091780000, 0x00000000d5580000)
  object space 286208K, 63% used [0x0000000080000000,0x000000008b0cc960,0x0000000091780000)
 Metaspace       used 71646K, capacity 74148K, committed 74368K, reserved 1114112K
  class space    used 9465K, capacity 10029K, committed 10112K, reserved 1048576K
Event: 148.096 GC heap after
Heap after GC invocations=24 (full 5):
 PSYoungGen      total 436736K, used 74279K [0x00000000d5580000, 0x00000000fa680000, 0x0000000100000000)
  eden space 356352K, 0% used [0x00000000d5580000,0x00000000d5580000,0x00000000eb180000)
  from space 80384K, 92% used [0x00000000eb180000,0x00000000efa09e00,0x00000000f0000000)
  to   space 92160K, 0% used [0x00000000f4c80000,0x00000000f4c80000,0x00000000fa680000)
 ParOldGen       total 286208K, used 190298K [0x0000000080000000, 0x0000000091780000, 0x00000000d5580000)
  object space 286208K, 66% used [0x0000000080000000,0x000000008b9d6960,0x0000000091780000)
 Metaspace       used 71646K, capacity 74148K, committed 74368K, reserved 1114112K
  class space    used 9465K, capacity 10029K, committed 10112K, reserved 1048576K
}
Event: 150.744 GC heap before
{Heap before GC invocations=25 (full 5):
 PSYoungGen      total 436736K, used 430631K [0x00000000d5580000, 0x00000000fa680000, 0x0000000100000000)
  eden space 356352K, 100% used [0x00000000d5580000,0x00000000eb180000,0x00000000eb180000)
  from space 80384K, 92% used [0x00000000eb180000,0x00000000efa09e00,0x00000000f0000000)
  to   space 92160K, 0% used [0x00000000f4c80000,0x00000000f4c80000,0x00000000fa680000)
 ParOldGen       total 286208K, used 190319K [0x0000000080000000, 0x0000000091780000, 0x00000000d5580000)
  object space 286208K, 66% used [0x0000000080000000,0x000000008b9dbfc0,0x0000000091780000)
 Metaspace       used 71677K, capacity 74148K, committed 74368K, reserved 1114112K
  class space    used 9465K, capacity 10029K, committed 10112K, reserved 1048576K
Event: 151.496 GC heap after
Heap after GC invocations=25 (full 5):
 PSYoungGen      total 479744K, used 92128K [0x00000000d5580000, 0x00000000ff800000, 0x0000000100000000)
  eden space 387584K, 0% used [0x00000000d5580000,0x00000000d5580000,0x00000000ed000000)
  from space 92160K, 99% used [0x00000000f4c80000,0x00000000fa678020,0x00000000fa680000)
  to   space 127488K, 0% used [0x00000000ed000000,0x00000000ed000000,0x00000000f4c80000)
 ParOldGen       total 286208K, used 241728K [0x0000000080000000, 0x0000000091780000, 0x00000000d5580000)
  object space 286208K, 84% used [0x0000000080000000,0x000000008ec10210,0x0000000091780000)
 Metaspace       used 71677K, capacity 74148K, committed 74368K, reserved 1114112K
  class space    used 9465K, capacity 10029K, committed 10112K, reserved 1048576K
}
Event: 151.496 GC heap before
{Heap before GC invocations=26 (full 6):
 PSYoungGen      total 479744K, used 92128K [0x00000000d5580000, 0x00000000ff800000, 0x0000000100000000)
  eden space 387584K, 0% used [0x00000000d5580000,0x00000000d5580000,0x00000000ed000000)
  from space 92160K, 99% used [0x00000000f4c80000,0x00000000fa678020,0x00000000fa680000)
  to   space 127488K, 0% used [0x00000000ed000000,0x00000000ed000000,0x00000000f4c80000)
 ParOldGen       total 286208K, used 241728K [0x0000000080000000, 0x0000000091780000, 0x00000000d5580000)
  object space 286208K, 84% used [0x0000000080000000,0x000000008ec10210,0x0000000091780000)
 Metaspace       used 71677K, capacity 74148K, committed 74368K, reserved 1114112K
  class space    used 9465K, capacity 10029K, committed 10112K, reserved 1048576K
Event: 159.802 GC heap after
Heap after GC invocations=26 (full 6):
 PSYoungGen      total 479744K, used 30641K [0x00000000d5580000, 0x00000000ff800000, 0x0000000100000000)
  eden space 387584K, 0% used [0x00000000d5580000,0x00000000d5580000,0x00000000ed000000)
  from space 92160K, 33% used [0x00000000f4c80000,0x00000000f6a6c7e8,0x00000000fa680000)
  to   space 127488K, 0% used [0x00000000ed000000,0x00000000ed000000,0x00000000f4c80000)
 ParOldGen       total 418304K, used 285837K [0x0000000080000000, 0x0000000099880000, 0x00000000d5580000)
  object space 418304K, 68% used [0x0000000080000000,0x0000000091723670,0x0000000099880000)
 Metaspace       used 71677K, capacity 74148K, committed 74368K, reserved 1114112K
  class space    used 9465K, capacity 10029K, committed 10112K, reserved 1048576K
}
Event: 163.379 GC heap before
{Heap before GC invocations=27 (full 6):
 PSYoungGen      total 479744K, used 418225K [0x00000000d5580000, 0x00000000ff800000, 0x0000000100000000)
  eden space 387584K, 100% used [0x00000000d5580000,0x00000000ed000000,0x00000000ed000000)
  from space 92160K, 33% used [0x00000000f4c80000,0x00000000f6a6c7e8,0x00000000fa680000)
  to   space 127488K, 0% used [0x00000000ed000000,0x00000000ed000000,0x00000000f4c80000)
 ParOldGen       total 418304K, used 285839K [0x0000000080000000, 0x0000000099880000, 0x00000000d5580000)
  object space 418304K, 68% used [0x0000000080000000,0x0000000091723d80,0x0000000099880000)
 Metaspace       used 71691K, capacity 74148K, committed 74368K, reserved 1114112K
  class space    used 9465K, capacity 10029K, committed 10112K, reserved 1048576K
Event: 164.472 GC heap after
Heap after GC invocations=27 (full 6):
 PSYoungGen      total 515072K, used 88879K [0x00000000d5580000, 0x00000000ff800000, 0x0000000100000000)
  eden space 387584K, 0% used [0x00000000d5580000,0x00000000d5580000,0x00000000ed000000)
  from space 127488K, 69% used [0x00000000ed000000,0x00000000f26cbd68,0x00000000f4c80000)
  to   space 92160K, 0% used [0x00000000f4c80000,0x00000000f4c80000,0x00000000fa680000)
 ParOldGen       total 418304K, used 316399K [0x0000000080000000, 0x0000000099880000, 0x00000000d5580000)
  object space 418304K, 75% used [0x0000000080000000,0x00000000934fbd80,0x0000000099880000)
 Metaspace       used 71691K, capacity 74148K, committed 74368K, reserved 1114112K
  class space    used 9465K, capacity 10029K, committed 10112K, reserved 1048576K
}

