# JRE version: OpenJDK Runtime Environment (8.0_76-b03) (build 1.8.0_76-release-b03)
# Java VM: OpenJDK 64-Bit Server VM (25.76-b03 mixed mode windows-amd64 compressed oops)
Heap:
 PSYoungGen      total 426496K, used 217243K [0x00000000d5580000, 0x0000000100000000, 0x0000000100000000)
  eden space 329216K, 36% used [0x00000000d5580000,0x00000000dcaae9b0,0x00000000e9700000)
  from space 97280K, 99% used [0x00000000fa100000,0x00000000ffff8620,0x0000000100000000)
  to   space 184832K, 0% used [0x00000000e9700000,0x00000000e9700000,0x00000000f4b80000)
 ParOldGen       total 471040K, used 361993K [0x0000000080000000, 0x000000009cc00000, 0x00000000d5580000)
  object space 471040K, 76% used [0x0000000080000000,0x0000000096182408,0x000000009cc00000)
 Metaspace       used 62866K, capacity 64294K, committed 64768K, reserved 1105920K
  class space    used 8465K, capacity 8834K, committed 8960K, reserved 1048576K
GC Heap History (10 events):
Event: 113.493 GC heap before
{Heap before GC invocations=27 (full 6):
 PSYoungGen      total 500736K, used 48640K [0x00000000d5580000, 0x0000000100000000, 0x0000000100000000)
  eden space 452096K, 0% used [0x00000000d5580000,0x00000000d5580000,0x00000000f0f00000)
  from space 48640K, 100% used [0x00000000f0f00000,0x00000000f3e80000,0x00000000f3e80000)
  to   space 76288K, 0% used [0x00000000fb580000,0x00000000fb580000,0x0000000100000000)
 ParOldGen       total 205824K, used 172858K [0x0000000080000000, 0x000000008c900000, 0x00000000d5580000)
  object space 205824K, 83% used [0x0000000080000000,0x000000008a8ceb68,0x000000008c900000)
 Metaspace       used 62551K, capacity 64038K, committed 64512K, reserved 1105920K
  class space    used 8458K, capacity 8834K, committed 8960K, reserved 1048576K
Event: 117.353 GC heap after
Heap after GC invocations=27 (full 6):
 PSYoungGen      total 500736K, used 511K [0x00000000d5580000, 0x0000000100000000, 0x0000000100000000)
  eden space 452096K, 0% used [0x00000000d5580000,0x00000000d5580000,0x00000000f0f00000)
  from space 48640K, 1% used [0x00000000f0f00000,0x00000000f0f7fe40,0x00000000f3e80000)
  to   space 76288K, 0% used [0x00000000fb580000,0x00000000fb580000,0x0000000100000000)
 ParOldGen       total 319488K, used 205619K [0x0000000080000000, 0x0000000093800000, 0x00000000d5580000)
  object space 319488K, 64% used [0x0000000080000000,0x000000008c8ccc40,0x0000000093800000)
 Metaspace       used 62551K, capacity 64038K, committed 64512K, reserved 1105920K
  class space    used 8458K, capacity 8834K, committed 8960K, reserved 1048576K
}
Event: 121.002 GC heap before
{Heap before GC invocations=28 (full 6):
 PSYoungGen      total 500736K, used 452607K [0x00000000d5580000, 0x0000000100000000, 0x0000000100000000)
  eden space 452096K, 100% used [0x00000000d5580000,0x00000000f0f00000,0x00000000f0f00000)
  from space 48640K, 1% used [0x00000000f0f00000,0x00000000f0f7fe40,0x00000000f3e80000)
  to   space 76288K, 0% used [0x00000000fb580000,0x00000000fb580000,0x0000000100000000)
 ParOldGen       total 319488K, used 205619K [0x0000000080000000, 0x0000000093800000, 0x00000000d5580000)
  object space 319488K, 64% used [0x0000000080000000,0x000000008c8ccc40,0x0000000093800000)
 Metaspace       used 62592K, capacity 64038K, committed 64512K, reserved 1105920K
  class space    used 8460K, capacity 8834K, committed 8960K, reserved 1048576K
Event: 121.836 GC heap after
Heap after GC invocations=28 (full 6):
 PSYoungGen      total 580608K, used 76288K [0x00000000d5580000, 0x0000000100000000, 0x0000000100000000)
  eden space 504320K, 0% used [0x00000000d5580000,0x00000000d5580000,0x00000000f4200000)
  from space 76288K, 100% used [0x00000000fb580000,0x0000000100000000,0x0000000100000000)
  to   space 97280K, 0% used [0x00000000f4200000,0x00000000f4200000,0x00000000fa100000)
 ParOldGen       total 319488K, used 224987K [0x0000000080000000, 0x0000000093800000, 0x00000000d5580000)
  object space 319488K, 70% used [0x0000000080000000,0x000000008dbb6fd8,0x0000000093800000)
 Metaspace       used 62592K, capacity 64038K, committed 64512K, reserved 1105920K
  class space    used 8460K, capacity 8834K, committed 8960K, reserved 1048576K
}
Event: 128.264 GC heap before
{Heap before GC invocations=29 (full 6):
 PSYoungGen      total 580608K, used 580608K [0x00000000d5580000, 0x0000000100000000, 0x0000000100000000)
  eden space 504320K, 100% used [0x00000000d5580000,0x00000000f4200000,0x00000000f4200000)
  from space 76288K, 100% used [0x00000000fb580000,0x0000000100000000,0x0000000100000000)
  to   space 97280K, 0% used [0x00000000f4200000,0x00000000f4200000,0x00000000fa100000)
 ParOldGen       total 319488K, used 224987K [0x0000000080000000, 0x0000000093800000, 0x00000000d5580000)
  object space 319488K, 70% used [0x0000000080000000,0x000000008dbb6fd8,0x0000000093800000)
 Metaspace       used 62656K, capacity 64102K, committed 64512K, reserved 1105920K
  class space    used 8462K, capacity 8834K, committed 8960K, reserved 1048576K
Event: 129.680 GC heap after
Heap after GC invocations=29 (full 6):
 PSYoungGen      total 601600K, used 97280K [0x00000000d5580000, 0x0000000100000000, 0x0000000100000000)
  eden space 504320K, 0% used [0x00000000d5580000,0x00000000d5580000,0x00000000f4200000)
  from space 97280K, 100% used [0x00000000f4200000,0x00000000fa100000,0x00000000fa100000)
  to   space 97280K, 0% used [0x00000000fa100000,0x00000000fa100000,0x0000000100000000)
 ParOldGen       total 343040K, used 342064K [0x0000000080000000, 0x0000000094f00000, 0x00000000d5580000)
  object space 343040K, 99% used [0x0000000080000000,0x0000000094e0c018,0x0000000094f00000)
 Metaspace       used 62656K, capacity 64102K, committed 64512K, reserved 1105920K
  class space    used 8462K, capacity 8834K, committed 8960K, reserved 1048576K
}
Event: 129.680 GC heap before
{Heap before GC invocations=30 (full 7):
 PSYoungGen      total 601600K, used 97280K [0x00000000d5580000, 0x0000000100000000, 0x0000000100000000)
  eden space 504320K, 0% used [0x00000000d5580000,0x00000000d5580000,0x00000000f4200000)
  from space 97280K, 100% used [0x00000000f4200000,0x00000000fa100000,0x00000000fa100000)
  to   space 97280K, 0% used [0x00000000fa100000,0x00000000fa100000,0x0000000100000000)
 ParOldGen       total 343040K, used 342064K [0x0000000080000000, 0x0000000094f00000, 0x00000000d5580000)
  object space 343040K, 99% used [0x0000000080000000,0x0000000094e0c018,0x0000000094f00000)
 Metaspace       used 62656K, capacity 64102K, committed 64512K, reserved 1105920K
  class space    used 8462K, capacity 8834K, committed 8960K, reserved 1048576K
Event: 134.209 GC heap after
Heap after GC invocations=30 (full 7):
 PSYoungGen      total 601600K, used 0K [0x00000000d5580000, 0x0000000100000000, 0x0000000100000000)
  eden space 504320K, 0% used [0x00000000d5580000,0x00000000d5580000,0x00000000f4200000)
  from space 97280K, 0% used [0x00000000f4200000,0x00000000f4200000,0x00000000fa100000)
  to   space 97280K, 0% used [0x00000000fa100000,0x00000000fa100000,0x0000000100000000)
 ParOldGen       total 471040K, used 308437K [0x0000000080000000, 0x000000009cc00000, 0x00000000d5580000)
  object space 471040K, 65% used [0x0000000080000000,0x0000000092d35738,0x000000009cc00000)
 Metaspace       used 62656K, capacity 64102K, committed 64512K, reserved 1105920K
  class space    used 8462K, capacity 8834K, committed 8960K, reserved 1048576K
}
Event: 139.105 GC heap before
{Heap before GC invocations=31 (full 7):
 PSYoungGen      total 601600K, used 504320K [0x00000000d5580000, 0x0000000100000000, 0x0000000100000000)
  eden space 504320K, 100% used [0x00000000d5580000,0x00000000f4200000,0x00000000f4200000)
  from space 97280K, 0% used [0x00000000f4200000,0x00000000f4200000,0x00000000fa100000)
  to   space 97280K, 0% used [0x00000000fa100000,0x00000000fa100000,0x0000000100000000)
 ParOldGen       total 471040K, used 308437K [0x0000000080000000, 0x000000009cc00000, 0x00000000d5580000)
  object space 471040K, 65% used [0x0000000080000000,0x0000000092d35738,0x000000009cc00000)
 Metaspace       used 62689K, capacity 64166K, committed 64512K, reserved 1105920K
  class space    used 8464K, capacity 8834K, committed 8960K, reserved 1048576K
Event: 140.040 GC heap after
Heap after GC invocations=31 (full 7):
 PSYoungGen      total 426496K, used 97249K [0x00000000d5580000, 0x0000000100000000, 0x0000000100000000)
  eden space 329216K, 0% used [0x00000000d5580000,0x00000000d5580000,0x00000000e9700000)
  from space 97280K, 99% used [0x00000000fa100000,0x00000000ffff8620,0x0000000100000000)
  to   space 184832K, 0% used [0x00000000e9700000,0x00000000e9700000,0x00000000f4b80000)
 ParOldGen       total 471040K, used 361993K [0x0000000080000000, 0x000000009cc00000, 0x00000000d5580000)
  object space 471040K, 76% used [0x0000000080000000,0x0000000096182408,0x000000009cc00000)
 Metaspace       used 62689K, capacity 64166K, committed 64512K, reserved 1105920K
  class space    used 8464K, capacity 8834K, committed 8960K, reserved 1048576K
}

