# JRE version: OpenJDK Runtime Environment (8.0_76-b03) (build 1.8.0_76-release-b03)
# Java VM: OpenJDK 64-Bit Server VM (25.76-b03 mixed mode windows-amd64 compressed oops)
Heap:
 PSYoungGen      total 236032K, used 123181K [0x0000000780000000, 0x0000000793e00000, 0x00000007c0000000)
  eden space 220160K, 55% used [0x0000000780000000,0x000000078784b6c0,0x000000078d700000)
  from space 15872K, 0% used [0x000000078d700000,0x000000078d700000,0x000000078e680000)
  to   space 16384K, 0% used [0x0000000792e00000,0x0000000792e00000,0x0000000793e00000)
 ParOldGen       total 100352K, used 36136K [0x0000000700000000, 0x0000000706200000, 0x0000000780000000)
  object space 100352K, 36% used [0x0000000700000000,0x000000070234a180,0x0000000706200000)
 Metaspace       used 61140K, capacity 62710K, committed 63104K, reserved 1103872K
  class space    used 8325K, capacity 8718K, committed 8832K, reserved 1048576K
GC Heap History (10 events):
Event: 27.207 GC heap before
{Heap before GC invocations=12 (full 2):
 PSYoungGen      total 141312K, used 141292K [0x0000000780000000, 0x000000078c800000, 0x00000007c0000000)
  eden space 130560K, 100% used [0x0000000780000000,0x0000000787f80000,0x0000000787f80000)
  from space 10752K, 99% used [0x0000000787f80000,0x00000007889fb350,0x0000000788a00000)
  to   space 12800K, 0% used [0x000000078bb80000,0x000000078bb80000,0x000000078c800000)
 ParOldGen       total 66560K, used 19629K [0x0000000700000000, 0x0000000704100000, 0x0000000780000000)
  object space 66560K, 29% used [0x0000000700000000,0x000000070132b7c8,0x0000000704100000)
 Metaspace       used 49622K, capacity 50930K, committed 51072K, reserved 1093632K
  class space    used 6652K, capacity 6964K, committed 7040K, reserved 1048576K
Event: 27.246 GC heap after
Heap after GC invocations=12 (full 2):
 PSYoungGen      total 186880K, used 12800K [0x0000000780000000, 0x000000078cb00000, 0x00000007c0000000)
  eden space 174080K, 0% used [0x0000000780000000,0x0000000780000000,0x000000078aa00000)
  from space 12800K, 100% used [0x000000078bb80000,0x000000078c800000,0x000000078c800000)
  to   space 16896K, 0% used [0x000000078aa00000,0x000000078aa00000,0x000000078ba80000)
 ParOldGen       total 66560K, used 26971K [0x0000000700000000, 0x0000000704100000, 0x0000000780000000)
  object space 66560K, 40% used [0x0000000700000000,0x0000000701a56e70,0x0000000704100000)
 Metaspace       used 49622K, capacity 50930K, committed 51072K, reserved 1093632K
  class space    used 6652K, capacity 6964K, committed 7040K, reserved 1048576K
}
Event: 33.939 GC heap before
{Heap before GC invocations=13 (full 2):
 PSYoungGen      total 186880K, used 186880K [0x0000000780000000, 0x000000078cb00000, 0x00000007c0000000)
  eden space 174080K, 100% used [0x0000000780000000,0x000000078aa00000,0x000000078aa00000)
  from space 12800K, 100% used [0x000000078bb80000,0x000000078c800000,0x000000078c800000)
  to   space 16896K, 0% used [0x000000078aa00000,0x000000078aa00000,0x000000078ba80000)
 ParOldGen       total 66560K, used 26971K [0x0000000700000000, 0x0000000704100000, 0x0000000780000000)
  object space 66560K, 40% used [0x0000000700000000,0x0000000701a56e70,0x0000000704100000)
 Metaspace       used 50550K, capacity 51940K, committed 52224K, reserved 1093632K
  class space    used 6721K, capacity 7073K, committed 7168K, reserved 1048576K
Event: 34.009 GC heap after
Heap after GC invocations=13 (full 2):
 PSYoungGen      total 190976K, used 7552K [0x0000000780000000, 0x000000078fc80000, 0x00000007c0000000)
  eden space 174080K, 0% used [0x0000000780000000,0x0000000780000000,0x000000078aa00000)
  from space 16896K, 44% used [0x000000078aa00000,0x000000078b160098,0x000000078ba80000)
  to   space 16384K, 0% used [0x000000078ec80000,0x000000078ec80000,0x000000078fc80000)
 ParOldGen       total 66560K, used 39776K [0x0000000700000000, 0x0000000704100000, 0x0000000780000000)
  object space 66560K, 59% used [0x0000000700000000,0x00000007026d83f0,0x0000000704100000)
 Metaspace       used 50550K, capacity 51940K, committed 52224K, reserved 1093632K
  class space    used 6721K, capacity 7073K, committed 7168K, reserved 1048576K
}
Event: 46.380 GC heap before
{Heap before GC invocations=14 (full 2):
 PSYoungGen      total 190976K, used 181632K [0x0000000780000000, 0x000000078fc80000, 0x00000007c0000000)
  eden space 174080K, 100% used [0x0000000780000000,0x000000078aa00000,0x000000078aa00000)
  from space 16896K, 44% used [0x000000078aa00000,0x000000078b160098,0x000000078ba80000)
  to   space 16384K, 0% used [0x000000078ec80000,0x000000078ec80000,0x000000078fc80000)
 ParOldGen       total 66560K, used 39776K [0x0000000700000000, 0x0000000704100000, 0x0000000780000000)
  object space 66560K, 59% used [0x0000000700000000,0x00000007026d83f0,0x0000000704100000)
 Metaspace       used 57380K, capacity 58940K, committed 59136K, reserved 1099776K
  class space    used 7721K, capacity 8095K, committed 8192K, reserved 1048576K
Event: 46.449 GC heap after
Heap after GC invocations=14 (full 2):
 PSYoungGen      total 228864K, used 9554K [0x0000000780000000, 0x000000078f600000, 0x00000007c0000000)
  eden space 219136K, 0% used [0x0000000780000000,0x0000000780000000,0x000000078d600000)
  from space 9728K, 98% used [0x000000078ec80000,0x000000078f5d49d8,0x000000078f600000)
  to   space 15872K, 0% used [0x000000078d700000,0x000000078d700000,0x000000078e680000)
 ParOldGen       total 66560K, used 45706K [0x0000000700000000, 0x0000000704100000, 0x0000000780000000)
  object space 66560K, 68% used [0x0000000700000000,0x0000000702ca2b60,0x0000000704100000)
 Metaspace       used 57380K, capacity 58940K, committed 59136K, reserved 1099776K
  class space    used 7721K, capacity 8095K, committed 8192K, reserved 1048576K
}
Event: 46.813 GC heap before
{Heap before GC invocations=15 (full 2):
 PSYoungGen      total 228864K, used 25383K [0x0000000780000000, 0x000000078f600000, 0x00000007c0000000)
  eden space 219136K, 7% used [0x0000000780000000,0x0000000780f75560,0x000000078d600000)
  from space 9728K, 98% used [0x000000078ec80000,0x000000078f5d49d8,0x000000078f600000)
  to   space 15872K, 0% used [0x000000078d700000,0x000000078d700000,0x000000078e680000)
 ParOldGen       total 66560K, used 45706K [0x0000000700000000, 0x0000000704100000, 0x0000000780000000)
  object space 66560K, 68% used [0x0000000700000000,0x0000000702ca2b60,0x0000000704100000)
 Metaspace       used 57436K, capacity 58940K, committed 59136K, reserved 1099776K
  class space    used 7721K, capacity 8095K, committed 8192K, reserved 1048576K
Event: 46.884 GC heap after
Heap after GC invocations=15 (full 2):
 PSYoungGen      total 236032K, used 3301K [0x0000000780000000, 0x0000000793e00000, 0x00000007c0000000)
  eden space 220160K, 0% used [0x0000000780000000,0x0000000780000000,0x000000078d700000)
  from space 15872K, 20% used [0x000000078d700000,0x000000078da39758,0x000000078e680000)
  to   space 16384K, 0% used [0x0000000792e00000,0x0000000792e00000,0x0000000793e00000)
 ParOldGen       total 66560K, used 45714K [0x0000000700000000, 0x0000000704100000, 0x0000000780000000)
  object space 66560K, 68% used [0x0000000700000000,0x0000000702ca4b60,0x0000000704100000)
 Metaspace       used 57436K, capacity 58940K, committed 59136K, reserved 1099776K
  class space    used 7721K, capacity 8095K, committed 8192K, reserved 1048576K
}
Event: 46.884 GC heap before
{Heap before GC invocations=16 (full 3):
 PSYoungGen      total 236032K, used 3301K [0x0000000780000000, 0x0000000793e00000, 0x00000007c0000000)
  eden space 220160K, 0% used [0x0000000780000000,0x0000000780000000,0x000000078d700000)
  from space 15872K, 20% used [0x000000078d700000,0x000000078da39758,0x000000078e680000)
  to   space 16384K, 0% used [0x0000000792e00000,0x0000000792e00000,0x0000000793e00000)
 ParOldGen       total 66560K, used 45714K [0x0000000700000000, 0x0000000704100000, 0x0000000780000000)
  object space 66560K, 68% used [0x0000000700000000,0x0000000702ca4b60,0x0000000704100000)
 Metaspace       used 57436K, capacity 58940K, committed 59136K, reserved 1099776K
  class space    used 7721K, capacity 8095K, committed 8192K, reserved 1048576K
Event: 47.515 GC heap after
Heap after GC invocations=16 (full 3):
 PSYoungGen      total 236032K, used 0K [0x0000000780000000, 0x0000000793e00000, 0x00000007c0000000)
  eden space 220160K, 0% used [0x0000000780000000,0x0000000780000000,0x000000078d700000)
  from space 15872K, 0% used [0x000000078d700000,0x000000078d700000,0x000000078e680000)
  to   space 16384K, 0% used [0x0000000792e00000,0x0000000792e00000,0x0000000793e00000)
 ParOldGen       total 100352K, used 36136K [0x0000000700000000, 0x0000000706200000, 0x0000000780000000)
  object space 100352K, 36% used [0x0000000700000000,0x000000070234a180,0x0000000706200000)
 Metaspace       used 57434K, capacity 58934K, committed 59136K, reserved 1099776K
  class space    used 7720K, capacity 8094K, committed 8192K, reserved 1048576K
}

