# JRE version: OpenJDK Runtime Environment (8.0_76-b03) (build 1.8.0_76-release-b03)
# Java VM: OpenJDK 64-Bit Server VM (25.76-b03 mixed mode windows-amd64 compressed oops)
Heap:
 PSYoungGen      total 495104K, used 445952K [0x00000000d5580000, 0x0000000100000000, 0x0000000100000000)
  eden space 445952K, 100% used [0x00000000d5580000,0x00000000f0900000,0x00000000f0900000)
  from space 49152K, 0% used [0x00000000fd000000,0x00000000fd000000,0x0000000100000000)
  to   space 126464K, 0% used [0x00000000f0900000,0x00000000f0900000,0x00000000f8480000)
 ParOldGen       total 509440K, used 320117K [0x0000000080000000, 0x000000009f180000, 0x00000000d5580000)
  object space 509440K, 62% used [0x0000000080000000,0x000000009389d7b0,0x000000009f180000)
 Metaspace       used 68658K, capacity 71118K, committed 71424K, reserved 1110016K
  class space    used 9329K, capacity 9932K, committed 9984K, reserved 1048576K
GC Heap History (10 events):
Event: 144.540 GC heap before
{Heap before GC invocations=18 (full 4):
 PSYoungGen      total 636416K, used 35808K [0x00000000d5580000, 0x0000000100000000, 0x0000000100000000)
  eden space 600576K, 0% used [0x00000000d5580000,0x00000000d5580000,0x00000000fa000000)
  from space 35840K, 99% used [0x00000000fdc80000,0x00000000fff78010,0x00000000fff80000)
  to   space 49152K, 0% used [0x00000000fa000000,0x00000000fa000000,0x00000000fd000000)
 ParOldGen       total 113664K, used 109890K [0x0000000080000000, 0x0000000086f00000, 0x00000000d5580000)
  object space 113664K, 96% used [0x0000000080000000,0x0000000086b50bd0,0x0000000086f00000)
 Metaspace       used 68430K, capacity 70926K, committed 71168K, reserved 1110016K
  class space    used 9322K, capacity 9932K, committed 9984K, reserved 1048576K
Event: 145.742 GC heap after
Heap after GC invocations=18 (full 4):
 PSYoungGen      total 636416K, used 0K [0x00000000d5580000, 0x0000000100000000, 0x0000000100000000)
  eden space 600576K, 0% used [0x00000000d5580000,0x00000000d5580000,0x00000000fa000000)
  from space 35840K, 0% used [0x00000000fdc80000,0x00000000fdc80000,0x00000000fff80000)
  to   space 49152K, 0% used [0x00000000fa000000,0x00000000fa000000,0x00000000fd000000)
 ParOldGen       total 194560K, used 106434K [0x0000000080000000, 0x000000008be00000, 0x00000000d5580000)
  object space 194560K, 54% used [0x0000000080000000,0x00000000867f0820,0x000000008be00000)
 Metaspace       used 68430K, capacity 70926K, committed 71168K, reserved 1110016K
  class space    used 9322K, capacity 9932K, committed 9984K, reserved 1048576K
}
Event: 150.591 GC heap before
{Heap before GC invocations=19 (full 4):
 PSYoungGen      total 636416K, used 600576K [0x00000000d5580000, 0x0000000100000000, 0x0000000100000000)
  eden space 600576K, 100% used [0x00000000d5580000,0x00000000fa000000,0x00000000fa000000)
  from space 35840K, 0% used [0x00000000fdc80000,0x00000000fdc80000,0x00000000fff80000)
  to   space 49152K, 0% used [0x00000000fa000000,0x00000000fa000000,0x00000000fd000000)
 ParOldGen       total 194560K, used 106434K [0x0000000080000000, 0x000000008be00000, 0x00000000d5580000)
  object space 194560K, 54% used [0x0000000080000000,0x00000000867f0820,0x000000008be00000)
 Metaspace       used 68529K, capacity 70990K, committed 71424K, reserved 1110016K
  class space    used 9326K, capacity 9932K, committed 9984K, reserved 1048576K
Event: 151.152 GC heap after
Heap after GC invocations=19 (full 4):
 PSYoungGen      total 649728K, used 49152K [0x00000000d5580000, 0x0000000100000000, 0x0000000100000000)
  eden space 600576K, 0% used [0x00000000d5580000,0x00000000d5580000,0x00000000fa000000)
  from space 49152K, 100% used [0x00000000fa000000,0x00000000fd000000,0x00000000fd000000)
  to   space 49152K, 0% used [0x00000000fd000000,0x00000000fd000000,0x0000000100000000)
 ParOldGen       total 194560K, used 184497K [0x0000000080000000, 0x000000008be00000, 0x00000000d5580000)
  object space 194560K, 94% used [0x0000000080000000,0x000000008b42c588,0x000000008be00000)
 Metaspace       used 68529K, capacity 70990K, committed 71424K, reserved 1110016K
  class space    used 9326K, capacity 9932K, committed 9984K, reserved 1048576K
}
Event: 151.152 GC heap before
{Heap before GC invocations=20 (full 5):
 PSYoungGen      total 649728K, used 49152K [0x00000000d5580000, 0x0000000100000000, 0x0000000100000000)
  eden space 600576K, 0% used [0x00000000d5580000,0x00000000d5580000,0x00000000fa000000)
  from space 49152K, 100% used [0x00000000fa000000,0x00000000fd000000,0x00000000fd000000)
  to   space 49152K, 0% used [0x00000000fd000000,0x00000000fd000000,0x0000000100000000)
 ParOldGen       total 194560K, used 184497K [0x0000000080000000, 0x000000008be00000, 0x00000000d5580000)
  object space 194560K, 94% used [0x0000000080000000,0x000000008b42c588,0x000000008be00000)
 Metaspace       used 68529K, capacity 70990K, committed 71424K, reserved 1110016K
  class space    used 9326K, capacity 9932K, committed 9984K, reserved 1048576K
Event: 154.609 GC heap after
Heap after GC invocations=20 (full 5):
 PSYoungGen      total 649728K, used 19443K [0x00000000d5580000, 0x0000000100000000, 0x0000000100000000)
  eden space 600576K, 0% used [0x00000000d5580000,0x00000000d5580000,0x00000000fa000000)
  from space 49152K, 39% used [0x00000000fa000000,0x00000000fb2fce28,0x00000000fd000000)
  to   space 49152K, 0% used [0x00000000fd000000,0x00000000fd000000,0x0000000100000000)
 ParOldGen       total 327168K, used 194339K [0x0000000080000000, 0x0000000093f80000, 0x00000000d5580000)
  object space 327168K, 59% used [0x0000000080000000,0x000000008bdc8c58,0x0000000093f80000)
 Metaspace       used 68529K, capacity 70990K, committed 71424K, reserved 1110016K
  class space    used 9326K, capacity 9932K, committed 9984K, reserved 1048576K
}
Event: 158.802 GC heap before
{Heap before GC invocations=21 (full 5):
 PSYoungGen      total 649728K, used 620019K [0x00000000d5580000, 0x0000000100000000, 0x0000000100000000)
  eden space 600576K, 100% used [0x00000000d5580000,0x00000000fa000000,0x00000000fa000000)
  from space 49152K, 39% used [0x00000000fa000000,0x00000000fb2fce28,0x00000000fd000000)
  to   space 49152K, 0% used [0x00000000fd000000,0x00000000fd000000,0x0000000100000000)
 ParOldGen       total 327168K, used 194339K [0x0000000080000000, 0x0000000093f80000, 0x00000000d5580000)
  object space 327168K, 59% used [0x0000000080000000,0x000000008bdc8c58,0x0000000093f80000)
 Metaspace       used 68646K, capacity 71118K, committed 71424K, reserved 1110016K
  class space    used 9329K, capacity 9932K, committed 9984K, reserved 1048576K
Event: 159.751 GC heap after
Heap after GC invocations=21 (full 5):
 PSYoungGen      total 495104K, used 49152K [0x00000000d5580000, 0x0000000100000000, 0x0000000100000000)
  eden space 445952K, 0% used [0x00000000d5580000,0x00000000d5580000,0x00000000f0900000)
  from space 49152K, 100% used [0x00000000fd000000,0x0000000100000000,0x0000000100000000)
  to   space 126464K, 0% used [0x00000000f0900000,0x00000000f0900000,0x00000000f8480000)
 ParOldGen       total 327168K, used 298421K [0x0000000080000000, 0x0000000093f80000, 0x00000000d5580000)
  object space 327168K, 91% used [0x0000000080000000,0x000000009236d668,0x0000000093f80000)
 Metaspace       used 68646K, capacity 71118K, committed 71424K, reserved 1110016K
  class space    used 9329K, capacity 9932K, committed 9984K, reserved 1048576K
}
Event: 159.751 GC heap before
{Heap before GC invocations=22 (full 6):
 PSYoungGen      total 495104K, used 49152K [0x00000000d5580000, 0x0000000100000000, 0x0000000100000000)
  eden space 445952K, 0% used [0x00000000d5580000,0x00000000d5580000,0x00000000f0900000)
  from space 49152K, 100% used [0x00000000fd000000,0x0000000100000000,0x0000000100000000)
  to   space 126464K, 0% used [0x00000000f0900000,0x00000000f0900000,0x00000000f8480000)
 ParOldGen       total 327168K, used 298421K [0x0000000080000000, 0x0000000093f80000, 0x00000000d5580000)
  object space 327168K, 91% used [0x0000000080000000,0x000000009236d668,0x0000000093f80000)
 Metaspace       used 68646K, capacity 71118K, committed 71424K, reserved 1110016K
  class space    used 9329K, capacity 9932K, committed 9984K, reserved 1048576K
Event: 164.518 GC heap after
Heap after GC invocations=22 (full 6):
 PSYoungGen      total 495104K, used 0K [0x00000000d5580000, 0x0000000100000000, 0x0000000100000000)
  eden space 445952K, 0% used [0x00000000d5580000,0x00000000d5580000,0x00000000f0900000)
  from space 49152K, 0% used [0x00000000fd000000,0x00000000fd000000,0x0000000100000000)
  to   space 126464K, 0% used [0x00000000f0900000,0x00000000f0900000,0x00000000f8480000)
 ParOldGen       total 509440K, used 320117K [0x0000000080000000, 0x000000009f180000, 0x00000000d5580000)
  object space 509440K, 62% used [0x0000000080000000,0x000000009389d7b0,0x000000009f180000)
 Metaspace       used 68646K, capacity 71118K, committed 71424K, reserved 1110016K
  class space    used 9329K, capacity 9932K, committed 9984K, reserved 1048576K
}

