# JRE version: OpenJDK Runtime Environment (8.0_76-b03) (build 1.8.0_76-release-b03)
# Java VM: OpenJDK 64-Bit Server VM (25.76-b03 mixed mode windows-amd64 compressed oops)
Heap:
 PSYoungGen      total 563712K, used 331651K [0x00000000d5580000, 0x0000000100000000, 0x0000000100000000)
  eden space 428544K, 45% used [0x00000000d5580000,0x00000000e1560f58,0x00000000ef800000)
  from space 135168K, 100% used [0x00000000ef800000,0x00000000f7c00000,0x00000000f7c00000)
  to   space 135168K, 0% used [0x00000000f7c00000,0x00000000f7c00000,0x0000000100000000)
 ParOldGen       total 541696K, used 345135K [0x0000000080000000, 0x00000000a1100000, 0x00000000d5580000)
  object space 541696K, 63% used [0x0000000080000000,0x000000009510bdc8,0x00000000a1100000)
 Metaspace       used 71095K, capacity 73500K, committed 73816K, reserved 1114112K
  class space    used 9475K, capacity 10027K, committed 10072K, reserved 1048576K
GC Heap History (10 events):
Event: 265.366 GC heap before
{Heap before GC invocations=21 (full 4):
 PSYoungGen      total 431616K, used 431296K [0x00000000d5580000, 0x00000000f5480000, 0x0000000100000000)
  eden space 396800K, 100% used [0x00000000d5580000,0x00000000ed900000,0x00000000ed900000)
  from space 34816K, 99% used [0x00000000f3280000,0x00000000f5430050,0x00000000f5480000)
  to   space 46592K, 0% used [0x00000000ef980000,0x00000000ef980000,0x00000000f2700000)
 ParOldGen       total 210432K, used 116008K [0x0000000080000000, 0x000000008cd80000, 0x00000000d5580000)
  object space 210432K, 55% used [0x0000000080000000,0x000000008714a3f8,0x000000008cd80000)
 Metaspace       used 71050K, capacity 73500K, committed 73816K, reserved 1114112K
  class space    used 9474K, capacity 10027K, committed 10072K, reserved 1048576K
Event: 265.873 GC heap after
Heap after GC invocations=21 (full 4):
 PSYoungGen      total 476672K, used 46592K [0x00000000d5580000, 0x00000000fd580000, 0x0000000100000000)
  eden space 430080K, 0% used [0x00000000d5580000,0x00000000d5580000,0x00000000ef980000)
  from space 46592K, 100% used [0x00000000ef980000,0x00000000f2700000,0x00000000f2700000)
  to   space 88064K, 0% used [0x00000000f7f80000,0x00000000f7f80000,0x00000000fd580000)
 ParOldGen       total 210432K, used 206999K [0x0000000080000000, 0x000000008cd80000, 0x00000000d5580000)
  object space 210432K, 98% used [0x0000000080000000,0x000000008ca25da0,0x000000008cd80000)
 Metaspace       used 71050K, capacity 73500K, committed 73816K, reserved 1114112K
  class space    used 9474K, capacity 10027K, committed 10072K, reserved 1048576K
}
Event: 265.873 GC heap before
{Heap before GC invocations=22 (full 5):
 PSYoungGen      total 476672K, used 46592K [0x00000000d5580000, 0x00000000fd580000, 0x0000000100000000)
  eden space 430080K, 0% used [0x00000000d5580000,0x00000000d5580000,0x00000000ef980000)
  from space 46592K, 100% used [0x00000000ef980000,0x00000000f2700000,0x00000000f2700000)
  to   space 88064K, 0% used [0x00000000f7f80000,0x00000000f7f80000,0x00000000fd580000)
 ParOldGen       total 210432K, used 206999K [0x0000000080000000, 0x000000008cd80000, 0x00000000d5580000)
  object space 210432K, 98% used [0x0000000080000000,0x000000008ca25da0,0x000000008cd80000)
 Metaspace       used 71050K, capacity 73500K, committed 73816K, reserved 1114112K
  class space    used 9474K, capacity 10027K, committed 10072K, reserved 1048576K
Event: 270.141 GC heap after
Heap after GC invocations=22 (full 5):
 PSYoungGen      total 476672K, used 17368K [0x00000000d5580000, 0x00000000fd580000, 0x0000000100000000)
  eden space 430080K, 0% used [0x00000000d5580000,0x00000000d5580000,0x00000000ef980000)
  from space 46592K, 37% used [0x00000000ef980000,0x00000000f0a76000,0x00000000f2700000)
  to   space 88064K, 0% used [0x00000000f7f80000,0x00000000f7f80000,0x00000000fd580000)
 ParOldGen       total 358400K, used 209985K [0x0000000080000000, 0x0000000095e00000, 0x00000000d5580000)
  object space 358400K, 58% used [0x0000000080000000,0x000000008cd104a0,0x0000000095e00000)
 Metaspace       used 71050K, capacity 73500K, committed 73816K, reserved 1114112K
  class space    used 9474K, capacity 10027K, committed 10072K, reserved 1048576K
}
Event: 273.080 GC heap before
{Heap before GC invocations=23 (full 5):
 PSYoungGen      total 476672K, used 447448K [0x00000000d5580000, 0x00000000fd580000, 0x0000000100000000)
  eden space 430080K, 100% used [0x00000000d5580000,0x00000000ef980000,0x00000000ef980000)
  from space 46592K, 37% used [0x00000000ef980000,0x00000000f0a76000,0x00000000f2700000)
  to   space 88064K, 0% used [0x00000000f7f80000,0x00000000f7f80000,0x00000000fd580000)
 ParOldGen       total 358400K, used 209985K [0x0000000080000000, 0x0000000095e00000, 0x00000000d5580000)
  object space 358400K, 58% used [0x0000000080000000,0x000000008cd104a0,0x0000000095e00000)
 Metaspace       used 71077K, capacity 73500K, committed 73816K, reserved 1114112K
  class space    used 9474K, capacity 10027K, committed 10072K, reserved 1048576K
Event: 274.343 GC heap after
Heap after GC invocations=23 (full 5):
 PSYoungGen      total 516608K, used 88064K [0x00000000d5580000, 0x0000000100000000, 0x0000000100000000)
  eden space 428544K, 0% used [0x00000000d5580000,0x00000000d5580000,0x00000000ef800000)
  from space 88064K, 100% used [0x00000000f7f80000,0x00000000fd580000,0x00000000fd580000)
  to   space 135168K, 0% used [0x00000000ef800000,0x00000000ef800000,0x00000000f7c00000)
 ParOldGen       total 358400K, used 295822K [0x0000000080000000, 0x0000000095e00000, 0x00000000d5580000)
  object space 358400K, 82% used [0x0000000080000000,0x00000000920e3b50,0x0000000095e00000)
 Metaspace       used 71077K, capacity 73500K, committed 73816K, reserved 1114112K
  class space    used 9474K, capacity 10027K, committed 10072K, reserved 1048576K
}
Event: 274.344 GC heap before
{Heap before GC invocations=24 (full 6):
 PSYoungGen      total 516608K, used 88064K [0x00000000d5580000, 0x0000000100000000, 0x0000000100000000)
  eden space 428544K, 0% used [0x00000000d5580000,0x00000000d5580000,0x00000000ef800000)
  from space 88064K, 100% used [0x00000000f7f80000,0x00000000fd580000,0x00000000fd580000)
  to   space 135168K, 0% used [0x00000000ef800000,0x00000000ef800000,0x00000000f7c00000)
 ParOldGen       total 358400K, used 295822K [0x0000000080000000, 0x0000000095e00000, 0x00000000d5580000)
  object space 358400K, 82% used [0x0000000080000000,0x00000000920e3b50,0x0000000095e00000)
 Metaspace       used 71077K, capacity 73500K, committed 73816K, reserved 1114112K
  class space    used 9474K, capacity 10027K, committed 10072K, reserved 1048576K
Event: 279.402 GC heap after
Heap after GC invocations=24 (full 6):
 PSYoungGen      total 516608K, used 0K [0x00000000d5580000, 0x0000000100000000, 0x0000000100000000)
  eden space 428544K, 0% used [0x00000000d5580000,0x00000000d5580000,0x00000000ef800000)
  from space 88064K, 0% used [0x00000000f7f80000,0x00000000f7f80000,0x00000000fd580000)
  to   space 135168K, 0% used [0x00000000ef800000,0x00000000ef800000,0x00000000f7c00000)
 ParOldGen       total 541696K, used 342213K [0x0000000080000000, 0x00000000a1100000, 0x00000000d5580000)
  object space 541696K, 63% used [0x0000000080000000,0x0000000094e314b0,0x00000000a1100000)
 Metaspace       used 71077K, capacity 73500K, committed 73816K, reserved 1114112K
  class space    used 9474K, capacity 10027K, committed 10072K, reserved 1048576K
}
Event: 281.293 GC heap before
{Heap before GC invocations=25 (full 6):
 PSYoungGen      total 516608K, used 428544K [0x00000000d5580000, 0x0000000100000000, 0x0000000100000000)
  eden space 428544K, 100% used [0x00000000d5580000,0x00000000ef800000,0x00000000ef800000)
  from space 88064K, 0% used [0x00000000f7f80000,0x00000000f7f80000,0x00000000fd580000)
  to   space 135168K, 0% used [0x00000000ef800000,0x00000000ef800000,0x00000000f7c00000)
 ParOldGen       total 541696K, used 342213K [0x0000000080000000, 0x00000000a1100000, 0x00000000d5580000)
  object space 541696K, 63% used [0x0000000080000000,0x0000000094e31628,0x00000000a1100000)
 Metaspace       used 71093K, capacity 73500K, committed 73816K, reserved 1114112K
  class space    used 9475K, capacity 10027K, committed 10072K, reserved 1048576K
Event: 281.783 GC heap after
Heap after GC invocations=25 (full 6):
 PSYoungGen      total 563712K, used 135168K [0x00000000d5580000, 0x0000000100000000, 0x0000000100000000)
  eden space 428544K, 0% used [0x00000000d5580000,0x00000000d5580000,0x00000000ef800000)
  from space 135168K, 100% used [0x00000000ef800000,0x00000000f7c00000,0x00000000f7c00000)
  to   space 135168K, 0% used [0x00000000f7c00000,0x00000000f7c00000,0x0000000100000000)
 ParOldGen       total 541696K, used 345135K [0x0000000080000000, 0x00000000a1100000, 0x00000000d5580000)
  object space 541696K, 63% used [0x0000000080000000,0x000000009510bdc8,0x00000000a1100000)
 Metaspace       used 71093K, capacity 73500K, committed 73816K, reserved 1114112K
  class space    used 9475K, capacity 10027K, committed 10072K, reserved 1048576K
}

