# JRE version: OpenJDK Runtime Environment (8.0_76-b03) (build 1.8.0_76-release-b03)
# Java VM: OpenJDK 64-Bit Server VM (25.76-b03 mixed mode windows-amd64 compressed oops)
Heap:
 PSYoungGen      total 446976K, used 446976K [0x00000000d5580000, 0x0000000100000000, 0x0000000100000000)
  eden space 302592K, 100% used [0x00000000d5580000,0x00000000e7d00000,0x00000000e7d00000)
  from space 144384K, 100% used [0x00000000f7300000,0x0000000100000000,0x0000000100000000)
  to   space 198144K, 43% used [0x00000000e7d00000,0x00000000ed0c8000,0x00000000f3e80000)
 ParOldGen       total 479232K, used 479229K [0x0000000080000000, 0x000000009d400000, 0x00000000d5580000)
  object space 479232K, 99% used [0x0000000080000000,0x000000009d3ff4a0,0x000000009d400000)
 Metaspace       used 70531K, capacity 72968K, committed 73344K, reserved 1112064K
  class space    used 9449K, capacity 10027K, committed 10112K, reserved 1048576K
GC Heap History (10 events):
Event: 149.073 GC heap after
Heap after GC invocations=22 (full 4):
 PSYoungGen      total 455168K, used 62432K [0x00000000d5580000, 0x00000000f7c80000, 0x0000000100000000)
  eden space 392704K, 0% used [0x00000000d5580000,0x00000000d5580000,0x00000000ed500000)
  from space 62464K, 99% used [0x00000000f2300000,0x00000000f5ff8020,0x00000000f6000000)
  to   space 79872K, 0% used [0x00000000ed500000,0x00000000ed500000,0x00000000f2300000)
 ParOldGen       total 227840K, used 145004K [0x0000000080000000, 0x000000008de80000, 0x00000000d5580000)
  object space 227840K, 63% used [0x0000000080000000,0x0000000088d9b3c0,0x000000008de80000)
 Metaspace       used 70458K, capacity 72904K, committed 73088K, reserved 1112064K
  class space    used 9448K, capacity 10027K, committed 10112K, reserved 1048576K
}
Event: 151.732 GC heap before
{Heap before GC invocations=23 (full 4):
 PSYoungGen      total 455168K, used 455136K [0x00000000d5580000, 0x00000000f7c80000, 0x0000000100000000)
  eden space 392704K, 100% used [0x00000000d5580000,0x00000000ed500000,0x00000000ed500000)
  from space 62464K, 99% used [0x00000000f2300000,0x00000000f5ff8020,0x00000000f6000000)
  to   space 79872K, 0% used [0x00000000ed500000,0x00000000ed500000,0x00000000f2300000)
 ParOldGen       total 227840K, used 145004K [0x0000000080000000, 0x000000008de80000, 0x00000000d5580000)
  object space 227840K, 63% used [0x0000000080000000,0x0000000088d9b3c0,0x000000008de80000)
 Metaspace       used 70499K, capacity 72968K, committed 73344K, reserved 1112064K
  class space    used 9449K, capacity 10027K, committed 10112K, reserved 1048576K
Event: 152.433 GC heap after
Heap after GC invocations=23 (full 4):
 PSYoungGen      total 472576K, used 79872K [0x00000000d5580000, 0x0000000100000000, 0x0000000100000000)
  eden space 392704K, 0% used [0x00000000d5580000,0x00000000d5580000,0x00000000ed500000)
  from space 79872K, 100% used [0x00000000ed500000,0x00000000f2300000,0x00000000f2300000)
  to   space 144384K, 0% used [0x00000000f7300000,0x00000000f7300000,0x0000000100000000)
 ParOldGen       total 282112K, used 281961K [0x0000000080000000, 0x0000000091380000, 0x00000000d5580000)
  object space 282112K, 99% used [0x0000000080000000,0x000000009135a7c8,0x0000000091380000)
 Metaspace       used 70499K, capacity 72968K, committed 73344K, reserved 1112064K
  class space    used 9449K, capacity 10027K, committed 10112K, reserved 1048576K
}
Event: 152.433 GC heap before
{Heap before GC invocations=24 (full 5):
 PSYoungGen      total 472576K, used 79872K [0x00000000d5580000, 0x0000000100000000, 0x0000000100000000)
  eden space 392704K, 0% used [0x00000000d5580000,0x00000000d5580000,0x00000000ed500000)
  from space 79872K, 100% used [0x00000000ed500000,0x00000000f2300000,0x00000000f2300000)
  to   space 144384K, 0% used [0x00000000f7300000,0x00000000f7300000,0x0000000100000000)
 ParOldGen       total 282112K, used 281961K [0x0000000080000000, 0x0000000091380000, 0x00000000d5580000)
  object space 282112K, 99% used [0x0000000080000000,0x000000009135a7c8,0x0000000091380000)
 Metaspace       used 70499K, capacity 72968K, committed 73344K, reserved 1112064K
  class space    used 9449K, capacity 10027K, committed 10112K, reserved 1048576K
Event: 156.454 GC heap after
Heap after GC invocations=24 (full 5):
 PSYoungGen      total 472576K, used 34292K [0x00000000d5580000, 0x0000000100000000, 0x0000000100000000)
  eden space 392704K, 0% used [0x00000000d5580000,0x00000000d5580000,0x00000000ed500000)
  from space 79872K, 42% used [0x00000000ed500000,0x00000000ef67d198,0x00000000f2300000)
  to   space 144384K, 0% used [0x00000000f7300000,0x00000000f7300000,0x0000000100000000)
 ParOldGen       total 282112K, used 281730K [0x0000000080000000, 0x0000000091380000, 0x00000000d5580000)
  object space 282112K, 99% used [0x0000000080000000,0x0000000091320988,0x0000000091380000)
 Metaspace       used 70499K, capacity 72968K, committed 73344K, reserved 1112064K
  class space    used 9449K, capacity 10027K, committed 10112K, reserved 1048576K
}
Event: 158.982 GC heap before
{Heap before GC invocations=25 (full 6):
 PSYoungGen      total 472576K, used 426996K [0x00000000d5580000, 0x0000000100000000, 0x0000000100000000)
  eden space 392704K, 100% used [0x00000000d5580000,0x00000000ed500000,0x00000000ed500000)
  from space 79872K, 42% used [0x00000000ed500000,0x00000000ef67d198,0x00000000f2300000)
  to   space 144384K, 0% used [0x00000000f7300000,0x00000000f7300000,0x0000000100000000)
 ParOldGen       total 282112K, used 281730K [0x0000000080000000, 0x0000000091380000, 0x00000000d5580000)
  object space 282112K, 99% used [0x0000000080000000,0x0000000091320988,0x0000000091380000)
 Metaspace       used 70513K, capacity 72968K, committed 73344K, reserved 1112064K
  class space    used 9449K, capacity 10027K, committed 10112K, reserved 1048576K
Event: 162.919 GC heap after
Heap after GC invocations=25 (full 6):
 PSYoungGen      total 472576K, used 141187K [0x00000000d5580000, 0x0000000100000000, 0x0000000100000000)
  eden space 392704K, 35% used [0x00000000d5580000,0x00000000ddf60ed0,0x00000000ed500000)
  from space 79872K, 0% used [0x00000000ed500000,0x00000000ed500000,0x00000000f2300000)
  to   space 144384K, 0% used [0x00000000f7300000,0x00000000f7300000,0x0000000100000000)
 ParOldGen       total 477696K, used 281923K [0x0000000080000000, 0x000000009d280000, 0x00000000d5580000)
  object space 477696K, 59% used [0x0000000080000000,0x0000000091350e10,0x000000009d280000)
 Metaspace       used 70513K, capacity 72968K, committed 73344K, reserved 1112064K
  class space    used 9449K, capacity 10027K, committed 10112K, reserved 1048576K
}
Event: 163.750 GC heap before
{Heap before GC invocations=26 (full 6):
 PSYoungGen      total 472576K, used 392704K [0x00000000d5580000, 0x0000000100000000, 0x0000000100000000)
  eden space 392704K, 100% used [0x00000000d5580000,0x00000000ed500000,0x00000000ed500000)
  from space 79872K, 0% used [0x00000000ed500000,0x00000000ed500000,0x00000000f2300000)
  to   space 144384K, 0% used [0x00000000f7300000,0x00000000f7300000,0x0000000100000000)
 ParOldGen       total 477696K, used 281923K [0x0000000080000000, 0x000000009d280000, 0x00000000d5580000)
  object space 477696K, 59% used [0x0000000080000000,0x0000000091350e10,0x000000009d280000)
 Metaspace       used 70517K, capacity 72968K, committed 73344K, reserved 1112064K
  class space    used 9449K, capacity 10027K, committed 10112K, reserved 1048576K
Event: 164.383 GC heap after
Heap after GC invocations=26 (full 6):
 PSYoungGen      total 446976K, used 144384K [0x00000000d5580000, 0x0000000100000000, 0x0000000100000000)
  eden space 302592K, 0% used [0x00000000d5580000,0x00000000d5580000,0x00000000e7d00000)
  from space 144384K, 100% used [0x00000000f7300000,0x0000000100000000,0x0000000100000000)
  to   space 198144K, 0% used [0x00000000e7d00000,0x00000000e7d00000,0x00000000f3e80000)
 ParOldGen       total 477696K, used 357778K [0x0000000080000000, 0x000000009d280000, 0x00000000d5580000)
  object space 477696K, 74% used [0x0000000080000000,0x0000000095d648b0,0x000000009d280000)
 Metaspace       used 70517K, capacity 72968K, committed 73344K, reserved 1112064K
  class space    used 9449K, capacity 10027K, committed 10112K, reserved 1048576K
}
Event: 166.210 GC heap before
{Heap before GC invocations=27 (full 6):
 PSYoungGen      total 446976K, used 446976K [0x00000000d5580000, 0x0000000100000000, 0x0000000100000000)
  eden space 302592K, 100% used [0x00000000d5580000,0x00000000e7d00000,0x00000000e7d00000)
  from space 144384K, 100% used [0x00000000f7300000,0x0000000100000000,0x0000000100000000)
  to   space 198144K, 0% used [0x00000000e7d00000,0x00000000e7d00000,0x00000000f3e80000)
 ParOldGen       total 477696K, used 357778K [0x0000000080000000, 0x000000009d280000, 0x00000000d5580000)
  object space 477696K, 74% used [0x0000000080000000,0x0000000095d648b0,0x000000009d280000)
 Metaspace       used 70531K, capacity 72968K, committed 73344K, reserved 1112064K
  class space    used 9449K, capacity 10027K, committed 10112K, reserved 1048576K

