# JRE version: OpenJDK Runtime Environment (8.0_76-b03) (build 1.8.0_76-release-b03)
# Java VM: OpenJDK 64-Bit Server VM (25.76-b03 mixed mode windows-amd64 compressed oops)
Heap:
 PSYoungGen      total 101888K, used 24656K [0x000000076ab00000, 0x0000000771200000, 0x00000007c0000000)
  eden space 98304K, 25% used [0x000000076ab00000,0x000000076c314040,0x0000000770b00000)
  from space 3584K, 0% used [0x0000000770e80000,0x0000000770e80000,0x0000000771200000)
  to   space 3584K, 0% used [0x0000000770b00000,0x0000000770b00000,0x0000000770e80000)
 ParOldGen       total 110592K, used 53172K [0x00000006c0000000, 0x00000006c6c00000, 0x000000076ab00000)
  object space 110592K, 48% used [0x00000006c0000000,0x00000006c33ed0a0,0x00000006c6c00000)
 Metaspace       used 6531K, capacity 7220K, committed 7296K, reserved 1056768K
  class space    used 601K, capacity 620K, committed 640K, reserved 1048576K
GC Heap History (10 events):
Event: 8.937 GC heap before
{Heap before GC invocations=3 (full 0):
 PSYoungGen      total 52736K, used 52720K [0x000000076ab00000, 0x000000076e200000, 0x00000007c0000000)
  eden space 49152K, 100% used [0x000000076ab00000,0x000000076db00000,0x000000076db00000)
  from space 3584K, 99% used [0x000000076de80000,0x000000076e1fc050,0x000000076e200000)
  to   space 3584K, 0% used [0x000000076db00000,0x000000076db00000,0x000000076de80000)
 ParOldGen       total 64512K, used 5266K [0x00000006c0000000, 0x00000006c3f00000, 0x000000076ab00000)
  object space 64512K, 8% used [0x00000006c0000000,0x00000006c0524858,0x00000006c3f00000)
 Metaspace       used 6290K, capacity 7092K, committed 7296K, reserved 1056768K
  class space    used 600K, capacity 620K, committed 640K, reserved 1048576K
Event: 8.999 GC heap after
Heap after GC invocations=3 (full 0):
 PSYoungGen      total 52736K, used 3559K [0x000000076ab00000, 0x0000000771200000, 0x00000007c0000000)
  eden space 49152K, 0% used [0x000000076ab00000,0x000000076ab00000,0x000000076db00000)
  from space 3584K, 99% used [0x000000076db00000,0x000000076de79ef0,0x000000076de80000)
  to   space 3584K, 0% used [0x0000000770e80000,0x0000000770e80000,0x0000000771200000)
 ParOldGen       total 64512K, used 11938K [0x00000006c0000000, 0x00000006c3f00000, 0x000000076ab00000)
  object space 64512K, 18% used [0x00000006c0000000,0x00000006c0ba8858,0x00000006c3f00000)
 Metaspace       used 6290K, capacity 7092K, committed 7296K, reserved 1056768K
  class space    used 600K, capacity 620K, committed 640K, reserved 1048576K
}
Event: 14.967 GC heap before
{Heap before GC invocations=4 (full 0):
 PSYoungGen      total 52736K, used 52711K [0x000000076ab00000, 0x0000000771200000, 0x00000007c0000000)
  eden space 49152K, 100% used [0x000000076ab00000,0x000000076db00000,0x000000076db00000)
  from space 3584K, 99% used [0x000000076db00000,0x000000076de79ef0,0x000000076de80000)
  to   space 3584K, 0% used [0x0000000770e80000,0x0000000770e80000,0x0000000771200000)
 ParOldGen       total 64512K, used 11938K [0x00000006c0000000, 0x00000006c3f00000, 0x000000076ab00000)
  object space 64512K, 18% used [0x00000006c0000000,0x00000006c0ba8858,0x00000006c3f00000)
 Metaspace       used 6335K, capacity 7092K, committed 7296K, reserved 1056768K
  class space    used 600K, capacity 620K, committed 640K, reserved 1048576K
Event: 15.588 GC heap after
Heap after GC invocations=4 (full 0):
 PSYoungGen      total 101888K, used 3566K [0x000000076ab00000, 0x0000000771200000, 0x00000007c0000000)
  eden space 98304K, 0% used [0x000000076ab00000,0x000000076ab00000,0x0000000770b00000)
  from space 3584K, 99% used [0x0000000770e80000,0x00000007711fbba8,0x0000000771200000)
  to   space 3584K, 0% used [0x0000000770b00000,0x0000000770b00000,0x0000000770e80000)
 ParOldGen       total 64512K, used 19150K [0x00000006c0000000, 0x00000006c3f00000, 0x000000076ab00000)
  object space 64512K, 29% used [0x00000006c0000000,0x00000006c12b3b40,0x00000006c3f00000)
 Metaspace       used 6335K, capacity 7092K, committed 7296K, reserved 1056768K
  class space    used 600K, capacity 620K, committed 640K, reserved 1048576K
}
Event: 27.215 GC heap before
{Heap before GC invocations=5 (full 0):
 PSYoungGen      total 101888K, used 101870K [0x000000076ab00000, 0x0000000771200000, 0x00000007c0000000)
  eden space 98304K, 100% used [0x000000076ab00000,0x0000000770b00000,0x0000000770b00000)
  from space 3584K, 99% used [0x0000000770e80000,0x00000007711fbba8,0x0000000771200000)
  to   space 3584K, 0% used [0x0000000770b00000,0x0000000770b00000,0x0000000770e80000)
 ParOldGen       total 64512K, used 19150K [0x00000006c0000000, 0x00000006c3f00000, 0x000000076ab00000)
  object space 64512K, 29% used [0x00000006c0000000,0x00000006c12b3b40,0x00000006c3f00000)
 Metaspace       used 6430K, capacity 7156K, committed 7296K, reserved 1056768K
  class space    used 601K, capacity 620K, committed 640K, reserved 1048576K
Event: 27.489 GC heap after
Heap after GC invocations=5 (full 0):
 PSYoungGen      total 101888K, used 3566K [0x000000076ab00000, 0x0000000771200000, 0x00000007c0000000)
  eden space 98304K, 0% used [0x000000076ab00000,0x000000076ab00000,0x0000000770b00000)
  from space 3584K, 99% used [0x0000000770b00000,0x0000000770e7b8e0,0x0000000770e80000)
  to   space 3584K, 0% used [0x0000000770e80000,0x0000000770e80000,0x0000000771200000)
 ParOldGen       total 64512K, used 34922K [0x00000006c0000000, 0x00000006c3f00000, 0x000000076ab00000)
  object space 64512K, 54% used [0x00000006c0000000,0x00000006c221aa00,0x00000006c3f00000)
 Metaspace       used 6430K, capacity 7156K, committed 7296K, reserved 1056768K
  class space    used 601K, capacity 620K, committed 640K, reserved 1048576K
}
Event: 33.604 GC heap before
{Heap before GC invocations=6 (full 0):
 PSYoungGen      total 101888K, used 101870K [0x000000076ab00000, 0x0000000771200000, 0x00000007c0000000)
  eden space 98304K, 100% used [0x000000076ab00000,0x0000000770b00000,0x0000000770b00000)
  from space 3584K, 99% used [0x0000000770b00000,0x0000000770e7b8e0,0x0000000770e80000)
  to   space 3584K, 0% used [0x0000000770e80000,0x0000000770e80000,0x0000000771200000)
 ParOldGen       total 64512K, used 34922K [0x00000006c0000000, 0x00000006c3f00000, 0x000000076ab00000)
  object space 64512K, 54% used [0x00000006c0000000,0x00000006c221aa00,0x00000006c3f00000)
 Metaspace       used 6524K, capacity 7220K, committed 7296K, reserved 1056768K
  class space    used 601K, capacity 620K, committed 640K, reserved 1048576K
Event: 34.737 GC heap after
Heap after GC invocations=6 (full 0):
 PSYoungGen      total 101888K, used 3565K [0x000000076ab00000, 0x0000000771200000, 0x00000007c0000000)
  eden space 98304K, 0% used [0x000000076ab00000,0x000000076ab00000,0x0000000770b00000)
  from space 3584K, 99% used [0x0000000770e80000,0x00000007711fb768,0x0000000771200000)
  to   space 3584K, 0% used [0x0000000770b00000,0x0000000770b00000,0x0000000770e80000)
 ParOldGen       total 64512K, used 52239K [0x00000006c0000000, 0x00000006c3f00000, 0x000000076ab00000)
  object space 64512K, 80% used [0x00000006c0000000,0x00000006c3303fb8,0x00000006c3f00000)
 Metaspace       used 6524K, capacity 7220K, committed 7296K, reserved 1056768K
  class space    used 601K, capacity 620K, committed 640K, reserved 1048576K
}
Event: 34.737 GC heap before
{Heap before GC invocations=7 (full 1):
 PSYoungGen      total 101888K, used 3565K [0x000000076ab00000, 0x0000000771200000, 0x00000007c0000000)
  eden space 98304K, 0% used [0x000000076ab00000,0x000000076ab00000,0x0000000770b00000)
  from space 3584K, 99% used [0x0000000770e80000,0x00000007711fb768,0x0000000771200000)
  to   space 3584K, 0% used [0x0000000770b00000,0x0000000770b00000,0x0000000770e80000)
 ParOldGen       total 64512K, used 52239K [0x00000006c0000000, 0x00000006c3f00000, 0x000000076ab00000)
  object space 64512K, 80% used [0x00000006c0000000,0x00000006c3303fb8,0x00000006c3f00000)
 Metaspace       used 6524K, capacity 7220K, committed 7296K, reserved 1056768K
  class space    used 601K, capacity 620K, committed 640K, reserved 1048576K
Event: 38.924 GC heap after
Heap after GC invocations=7 (full 1):
 PSYoungGen      total 101888K, used 0K [0x000000076ab00000, 0x0000000771200000, 0x00000007c0000000)
  eden space 98304K, 0% used [0x000000076ab00000,0x000000076ab00000,0x0000000770b00000)
  from space 3584K, 0% used [0x0000000770e80000,0x0000000770e80000,0x0000000771200000)
  to   space 3584K, 0% used [0x0000000770b00000,0x0000000770b00000,0x0000000770e80000)
 ParOldGen       total 110592K, used 53172K [0x00000006c0000000, 0x00000006c6c00000, 0x000000076ab00000)
  object space 110592K, 48% used [0x00000006c0000000,0x00000006c33ed0a0,0x00000006c6c00000)
 Metaspace       used 6524K, capacity 7220K, committed 7296K, reserved 1056768K
  class space    used 601K, capacity 620K, committed 640K, reserved 1048576K
}

