# JRE version: OpenJDK Runtime Environment (8.0_76-b03) (build 1.8.0_76-release-b03)
# Java VM: OpenJDK 64-Bit Server VM (25.76-b03 mixed mode windows-amd64 compressed oops)
Heap:
 PSYoungGen      total 52736K, used 16459K [0x000000076ab00000, 0x000000076e200000, 0x00000007c0000000)
  eden space 49152K, 26% used [0x000000076ab00000,0x000000076b793278,0x000000076db00000)
  from space 3584K, 99% used [0x000000076de80000,0x000000076e1ffd58,0x000000076e200000)
  to   space 3584K, 0% used [0x000000076db00000,0x000000076db00000,0x000000076de80000)
 ParOldGen       total 64512K, used 5211K [0x00000006c0000000, 0x00000006c3f00000, 0x000000076ab00000)
  object space 64512K, 8% used [0x00000006c0000000,0x00000006c0516e18,0x00000006c3f00000)
 Metaspace       used 5956K, capacity 6960K, committed 7040K, reserved 1056768K
  class space    used 563K, capacity 616K, committed 640K, reserved 1048576K
GC Heap History (4 events):
Event: 2.188 GC heap before
{Heap before GC invocations=1 (full 0):
 PSYoungGen      total 28160K, used 24576K [0x000000076ab00000, 0x000000076ca00000, 0x00000007c0000000)
  eden space 24576K, 100% used [0x000000076ab00000,0x000000076c300000,0x000000076c300000)
  from space 3584K, 0% used [0x000000076c680000,0x000000076c680000,0x000000076ca00000)
  to   space 3584K, 0% used [0x000000076c300000,0x000000076c300000,0x000000076c680000)
 ParOldGen       total 64512K, used 0K [0x00000006c0000000, 0x00000006c3f00000, 0x000000076ab00000)
  object space 64512K, 0% used [0x00000006c0000000,0x00000006c0000000,0x00000006c3f00000)
 Metaspace       used 5714K, capacity 6832K, committed 7040K, reserved 1056768K
  class space    used 561K, capacity 616K, committed 640K, reserved 1048576K
Event: 2.386 GC heap after
Heap after GC invocations=1 (full 0):
 PSYoungGen      total 28160K, used 3579K [0x000000076ab00000, 0x000000076e200000, 0x00000007c0000000)
  eden space 24576K, 0% used [0x000000076ab00000,0x000000076ab00000,0x000000076c300000)
  from space 3584K, 99% used [0x000000076c300000,0x000000076c67ed18,0x000000076c680000)
  to   space 3584K, 0% used [0x000000076de80000,0x000000076de80000,0x000000076e200000)
 ParOldGen       total 64512K, used 1764K [0x00000006c0000000, 0x00000006c3f00000, 0x000000076ab00000)
  object space 64512K, 2% used [0x00000006c0000000,0x00000006c01b9048,0x00000006c3f00000)
 Metaspace       used 5714K, capacity 6832K, committed 7040K, reserved 1056768K
  class space    used 561K, capacity 616K, committed 640K, reserved 1048576K
}
Event: 2.888 GC heap before
{Heap before GC invocations=2 (full 0):
 PSYoungGen      total 28160K, used 28155K [0x000000076ab00000, 0x000000076e200000, 0x00000007c0000000)
  eden space 24576K, 100% used [0x000000076ab00000,0x000000076c300000,0x000000076c300000)
  from space 3584K, 99% used [0x000000076c300000,0x000000076c67ed18,0x000000076c680000)
  to   space 3584K, 0% used [0x000000076de80000,0x000000076de80000,0x000000076e200000)
 ParOldGen       total 64512K, used 1764K [0x00000006c0000000, 0x00000006c3f00000, 0x000000076ab00000)
  object space 64512K, 2% used [0x00000006c0000000,0x00000006c01b9048,0x00000006c3f00000)
 Metaspace       used 5872K, capacity 6960K, committed 7040K, reserved 1056768K
  class space    used 563K, capacity 616K, committed 640K, reserved 1048576K
Event: 3.390 GC heap after
Heap after GC invocations=2 (full 0):
 PSYoungGen      total 52736K, used 3583K [0x000000076ab00000, 0x000000076e200000, 0x00000007c0000000)
  eden space 49152K, 0% used [0x000000076ab00000,0x000000076ab00000,0x000000076db00000)
  from space 3584K, 99% used [0x000000076de80000,0x000000076e1ffd58,0x000000076e200000)
  to   space 3584K, 0% used [0x000000076db00000,0x000000076db00000,0x000000076de80000)
 ParOldGen       total 64512K, used 5211K [0x00000006c0000000, 0x00000006c3f00000, 0x000000076ab00000)
  object space 64512K, 8% used [0x00000006c0000000,0x00000006c0516e18,0x00000006c3f00000)
 Metaspace       used 5872K, capacity 6960K, committed 7040K, reserved 1056768K
  class space    used 563K, capacity 616K, committed 640K, reserved 1048576K
}

