# JRE version: OpenJDK Runtime Environment (8.0_76-b03) (build 1.8.0_76-release-b03)
# Java VM: OpenJDK 64-Bit Server VM (25.76-b03 mixed mode windows-amd64 compressed oops)
Heap:
 PSYoungGen      total 101888K, used 39159K [0x000000076ab00000, 0x0000000771200000, 0x00000007c0000000)
  eden space 98304K, 36% used [0x000000076ab00000,0x000000076cdc0678,0x0000000770b00000)
  from space 3584K, 99% used [0x0000000770b00000,0x0000000770e7d660,0x0000000770e80000)
  to   space 3584K, 0% used [0x0000000770e80000,0x0000000770e80000,0x0000000771200000)
 ParOldGen       total 64512K, used 35214K [0x00000006c0000000, 0x00000006c3f00000, 0x000000076ab00000)
  object space 64512K, 54% used [0x00000006c0000000,0x00000006c2263a00,0x00000006c3f00000)
 Metaspace       used 6489K, capacity 7156K, committed 7296K, reserved 1056768K
  class space    used 600K, capacity 620K, committed 640K, reserved 1048576K
GC Heap History (10 events):
Event: 2.406 GC heap before
{Heap before GC invocations=1 (full 0):
 PSYoungGen      total 28160K, used 24576K [0x000000076ab00000, 0x000000076ca00000, 0x00000007c0000000)
  eden space 24576K, 100% used [0x000000076ab00000,0x000000076c300000,0x000000076c300000)
  from space 3584K, 0% used [0x000000076c680000,0x000000076c680000,0x000000076ca00000)
  to   space 3584K, 0% used [0x000000076c300000,0x000000076c300000,0x000000076c680000)
 ParOldGen       total 64512K, used 0K [0x00000006c0000000, 0x00000006c3f00000, 0x000000076ab00000)
  object space 64512K, 0% used [0x00000006c0000000,0x00000006c0000000,0x00000006c3f00000)
 Metaspace       used 5852K, capacity 6768K, committed 7040K, reserved 1056768K
  class space    used 578K, capacity 616K, committed 640K, reserved 1048576K
Event: 2.912 GC heap after
Heap after GC invocations=1 (full 0):
 PSYoungGen      total 28160K, used 3573K [0x000000076ab00000, 0x000000076e200000, 0x00000007c0000000)
  eden space 24576K, 0% used [0x000000076ab00000,0x000000076ab00000,0x000000076c300000)
  from space 3584K, 99% used [0x000000076c300000,0x000000076c67d4b0,0x000000076c680000)
  to   space 3584K, 0% used [0x000000076de80000,0x000000076de80000,0x000000076e200000)
 ParOldGen       total 64512K, used 1378K [0x00000006c0000000, 0x00000006c3f00000, 0x000000076ab00000)
  object space 64512K, 2% used [0x00000006c0000000,0x00000006c0158868,0x00000006c3f00000)
 Metaspace       used 5852K, capacity 6768K, committed 7040K, reserved 1056768K
  class space    used 578K, capacity 616K, committed 640K, reserved 1048576K
}
Event: 6.953 GC heap before
{Heap before GC invocations=2 (full 0):
 PSYoungGen      total 28160K, used 28149K [0x000000076ab00000, 0x000000076e200000, 0x00000007c0000000)
  eden space 24576K, 100% used [0x000000076ab00000,0x000000076c300000,0x000000076c300000)
  from space 3584K, 99% used [0x000000076c300000,0x000000076c67d4b0,0x000000076c680000)
  to   space 3584K, 0% used [0x000000076de80000,0x000000076de80000,0x000000076e200000)
 ParOldGen       total 64512K, used 1378K [0x00000006c0000000, 0x00000006c3f00000, 0x000000076ab00000)
  object space 64512K, 2% used [0x00000006c0000000,0x00000006c0158868,0x00000006c3f00000)
 Metaspace       used 6122K, capacity 7024K, committed 7296K, reserved 1056768K
  class space    used 581K, capacity 616K, committed 640K, reserved 1048576K
Event: 7.259 GC heap after
Heap after GC invocations=2 (full 0):
 PSYoungGen      total 52736K, used 3577K [0x000000076ab00000, 0x000000076e200000, 0x00000007c0000000)
  eden space 49152K, 0% used [0x000000076ab00000,0x000000076ab00000,0x000000076db00000)
  from space 3584K, 99% used [0x000000076de80000,0x000000076e1fe648,0x000000076e200000)
  to   space 3584K, 0% used [0x000000076db00000,0x000000076db00000,0x000000076de80000)
 ParOldGen       total 64512K, used 4654K [0x00000006c0000000, 0x00000006c3f00000, 0x000000076ab00000)
  object space 64512K, 7% used [0x00000006c0000000,0x00000006c048bb70,0x00000006c3f00000)
 Metaspace       used 6122K, capacity 7024K, committed 7296K, reserved 1056768K
  class space    used 581K, capacity 616K, committed 640K, reserved 1048576K
}
Event: 8.509 GC heap before
{Heap before GC invocations=3 (full 0):
 PSYoungGen      total 52736K, used 52729K [0x000000076ab00000, 0x000000076e200000, 0x00000007c0000000)
  eden space 49152K, 100% used [0x000000076ab00000,0x000000076db00000,0x000000076db00000)
  from space 3584K, 99% used [0x000000076de80000,0x000000076e1fe648,0x000000076e200000)
  to   space 3584K, 0% used [0x000000076db00000,0x000000076db00000,0x000000076de80000)
 ParOldGen       total 64512K, used 4654K [0x00000006c0000000, 0x00000006c3f00000, 0x000000076ab00000)
  object space 64512K, 7% used [0x00000006c0000000,0x00000006c048bb70,0x00000006c3f00000)
 Metaspace       used 6307K, capacity 7092K, committed 7296K, reserved 1056768K
  class space    used 600K, capacity 620K, committed 640K, reserved 1048576K
Event: 8.554 GC heap after
Heap after GC invocations=3 (full 0):
 PSYoungGen      total 52736K, used 3564K [0x000000076ab00000, 0x0000000771200000, 0x00000007c0000000)
  eden space 49152K, 0% used [0x000000076ab00000,0x000000076ab00000,0x000000076db00000)
  from space 3584K, 99% used [0x000000076db00000,0x000000076de7b178,0x000000076de80000)
  to   space 3584K, 0% used [0x0000000770e80000,0x0000000770e80000,0x0000000771200000)
 ParOldGen       total 64512K, used 12083K [0x00000006c0000000, 0x00000006c3f00000, 0x000000076ab00000)
  object space 64512K, 18% used [0x00000006c0000000,0x00000006c0bcccb0,0x00000006c3f00000)
 Metaspace       used 6307K, capacity 7092K, committed 7296K, reserved 1056768K
  class space    used 600K, capacity 620K, committed 640K, reserved 1048576K
}
Event: 9.491 GC heap before
{Heap before GC invocations=4 (full 0):
 PSYoungGen      total 52736K, used 52716K [0x000000076ab00000, 0x0000000771200000, 0x00000007c0000000)
  eden space 49152K, 100% used [0x000000076ab00000,0x000000076db00000,0x000000076db00000)
  from space 3584K, 99% used [0x000000076db00000,0x000000076de7b178,0x000000076de80000)
  to   space 3584K, 0% used [0x0000000770e80000,0x0000000770e80000,0x0000000771200000)
 ParOldGen       total 64512K, used 12083K [0x00000006c0000000, 0x00000006c3f00000, 0x000000076ab00000)
  object space 64512K, 18% used [0x00000006c0000000,0x00000006c0bcccb0,0x00000006c3f00000)
 Metaspace       used 6348K, capacity 7092K, committed 7296K, reserved 1056768K
  class space    used 600K, capacity 620K, committed 640K, reserved 1048576K
Event: 9.544 GC heap after
Heap after GC invocations=4 (full 0):
 PSYoungGen      total 101888K, used 3579K [0x000000076ab00000, 0x0000000771200000, 0x00000007c0000000)
  eden space 98304K, 0% used [0x000000076ab00000,0x000000076ab00000,0x0000000770b00000)
  from space 3584K, 99% used [0x0000000770e80000,0x00000007711fed98,0x0000000771200000)
  to   space 3584K, 0% used [0x0000000770b00000,0x0000000770b00000,0x0000000770e80000)
 ParOldGen       total 64512K, used 19307K [0x00000006c0000000, 0x00000006c3f00000, 0x000000076ab00000)
  object space 64512K, 29% used [0x00000006c0000000,0x00000006c12dad78,0x00000006c3f00000)
 Metaspace       used 6348K, capacity 7092K, committed 7296K, reserved 1056768K
  class space    used 600K, capacity 620K, committed 640K, reserved 1048576K
}
Event: 15.282 GC heap before
{Heap before GC invocations=5 (full 0):
 PSYoungGen      total 101888K, used 101883K [0x000000076ab00000, 0x0000000771200000, 0x00000007c0000000)
  eden space 98304K, 100% used [0x000000076ab00000,0x0000000770b00000,0x0000000770b00000)
  from space 3584K, 99% used [0x0000000770e80000,0x00000007711fed98,0x0000000771200000)
  to   space 3584K, 0% used [0x0000000770b00000,0x0000000770b00000,0x0000000770e80000)
 ParOldGen       total 64512K, used 19307K [0x00000006c0000000, 0x00000006c3f00000, 0x000000076ab00000)
  object space 64512K, 29% used [0x00000006c0000000,0x00000006c12dad78,0x00000006c3f00000)
 Metaspace       used 6446K, capacity 7156K, committed 7296K, reserved 1056768K
  class space    used 600K, capacity 620K, committed 640K, reserved 1048576K
Event: 15.371 GC heap after
Heap after GC invocations=5 (full 0):
 PSYoungGen      total 101888K, used 3573K [0x000000076ab00000, 0x0000000771200000, 0x00000007c0000000)
  eden space 98304K, 0% used [0x000000076ab00000,0x000000076ab00000,0x0000000770b00000)
  from space 3584K, 99% used [0x0000000770b00000,0x0000000770e7d660,0x0000000770e80000)
  to   space 3584K, 0% used [0x0000000770e80000,0x0000000770e80000,0x0000000771200000)
 ParOldGen       total 64512K, used 35214K [0x00000006c0000000, 0x00000006c3f00000, 0x000000076ab00000)
  object space 64512K, 54% used [0x00000006c0000000,0x00000006c2263a00,0x00000006c3f00000)
 Metaspace       used 6446K, capacity 7156K, committed 7296K, reserved 1056768K
  class space    used 600K, capacity 620K, committed 640K, reserved 1048576K
}

