# JRE version: OpenJDK Runtime Environment (8.0_76-b03) (build 1.8.0_76-release-b03)
# Java VM: OpenJDK 64-Bit Server VM (25.76-b03 mixed mode windows-amd64 compressed oops)
Heap:
 PSYoungGen      total 101888K, used 39634K [0x000000076ab00000, 0x0000000771200000, 0x00000007c0000000)
  eden space 98304K, 36% used [0x000000076ab00000,0x000000076ce388f8,0x0000000770b00000)
  from space 3584K, 99% used [0x0000000770e80000,0x00000007711fc048,0x0000000771200000)
  to   space 3584K, 0% used [0x0000000770b00000,0x0000000770b00000,0x0000000770e80000)
 ParOldGen       total 64512K, used 21659K [0x00000006c0000000, 0x00000006c3f00000, 0x000000076ab00000)
  object space 64512K, 33% used [0x00000006c0000000,0x00000006c1526f98,0x00000006c3f00000)
 Metaspace       used 6420K, capacity 7152K, committed 7296K, reserved 1056768K
  class space    used 583K, capacity 616K, committed 640K, reserved 1048576K
GC Heap History (8 events):
Event: 2.955 GC heap before
{Heap before GC invocations=1 (full 0):
 PSYoungGen      total 28160K, used 24576K [0x000000076ab00000, 0x000000076ca00000, 0x00000007c0000000)
  eden space 24576K, 100% used [0x000000076ab00000,0x000000076c300000,0x000000076c300000)
  from space 3584K, 0% used [0x000000076c680000,0x000000076c680000,0x000000076ca00000)
  to   space 3584K, 0% used [0x000000076c300000,0x000000076c300000,0x000000076c680000)
 ParOldGen       total 64512K, used 0K [0x00000006c0000000, 0x00000006c3f00000, 0x000000076ab00000)
  object space 64512K, 0% used [0x00000006c0000000,0x00000006c0000000,0x00000006c3f00000)
 Metaspace       used 5898K, capacity 6832K, committed 7040K, reserved 1056768K
  class space    used 579K, capacity 616K, committed 640K, reserved 1048576K
Event: 3.152 GC heap after
Heap after GC invocations=1 (full 0):
 PSYoungGen      total 28160K, used 3556K [0x000000076ab00000, 0x000000076e200000, 0x00000007c0000000)
  eden space 24576K, 0% used [0x000000076ab00000,0x000000076ab00000,0x000000076c300000)
  from space 3584K, 99% used [0x000000076c300000,0x000000076c6790e8,0x000000076c680000)
  to   space 3584K, 0% used [0x000000076de80000,0x000000076de80000,0x000000076e200000)
 ParOldGen       total 64512K, used 1548K [0x00000006c0000000, 0x00000006c3f00000, 0x000000076ab00000)
  object space 64512K, 2% used [0x00000006c0000000,0x00000006c0183170,0x00000006c3f00000)
 Metaspace       used 5898K, capacity 6832K, committed 7040K, reserved 1056768K
  class space    used 579K, capacity 616K, committed 640K, reserved 1048576K
}
Event: 4.034 GC heap before
{Heap before GC invocations=2 (full 0):
 PSYoungGen      total 28160K, used 28132K [0x000000076ab00000, 0x000000076e200000, 0x00000007c0000000)
  eden space 24576K, 100% used [0x000000076ab00000,0x000000076c300000,0x000000076c300000)
  from space 3584K, 99% used [0x000000076c300000,0x000000076c6790e8,0x000000076c680000)
  to   space 3584K, 0% used [0x000000076de80000,0x000000076de80000,0x000000076e200000)
 ParOldGen       total 64512K, used 1548K [0x00000006c0000000, 0x00000006c3f00000, 0x000000076ab00000)
  object space 64512K, 2% used [0x00000006c0000000,0x00000006c0183170,0x00000006c3f00000)
 Metaspace       used 6096K, capacity 6960K, committed 7040K, reserved 1056768K
  class space    used 580K, capacity 616K, committed 640K, reserved 1048576K
Event: 5.191 GC heap after
Heap after GC invocations=2 (full 0):
 PSYoungGen      total 52736K, used 3552K [0x000000076ab00000, 0x000000076e200000, 0x00000007c0000000)
  eden space 49152K, 0% used [0x000000076ab00000,0x000000076ab00000,0x000000076db00000)
  from space 3584K, 99% used [0x000000076de80000,0x000000076e1f8018,0x000000076e200000)
  to   space 3584K, 0% used [0x000000076db00000,0x000000076db00000,0x000000076de80000)
 ParOldGen       total 64512K, used 5368K [0x00000006c0000000, 0x00000006c3f00000, 0x000000076ab00000)
  object space 64512K, 8% used [0x00000006c0000000,0x00000006c053e390,0x00000006c3f00000)
 Metaspace       used 6096K, capacity 6960K, committed 7040K, reserved 1056768K
  class space    used 580K, capacity 616K, committed 640K, reserved 1048576K
}
Event: 23.386 GC heap before
{Heap before GC invocations=3 (full 0):
 PSYoungGen      total 52736K, used 52704K [0x000000076ab00000, 0x000000076e200000, 0x00000007c0000000)
  eden space 49152K, 100% used [0x000000076ab00000,0x000000076db00000,0x000000076db00000)
  from space 3584K, 99% used [0x000000076de80000,0x000000076e1f8018,0x000000076e200000)
  to   space 3584K, 0% used [0x000000076db00000,0x000000076db00000,0x000000076de80000)
 ParOldGen       total 64512K, used 5368K [0x00000006c0000000, 0x00000006c3f00000, 0x000000076ab00000)
  object space 64512K, 8% used [0x00000006c0000000,0x00000006c053e390,0x00000006c3f00000)
 Metaspace       used 6288K, capacity 7088K, committed 7296K, reserved 1056768K
  class space    used 581K, capacity 616K, committed 640K, reserved 1048576K
Event: 23.466 GC heap after
Heap after GC invocations=3 (full 0):
 PSYoungGen      total 52736K, used 3568K [0x000000076ab00000, 0x0000000771200000, 0x00000007c0000000)
  eden space 49152K, 0% used [0x000000076ab00000,0x000000076ab00000,0x000000076db00000)
  from space 3584K, 99% used [0x000000076db00000,0x000000076de7c048,0x000000076de80000)
  to   space 3584K, 0% used [0x0000000770e80000,0x0000000770e80000,0x0000000771200000)
 ParOldGen       total 64512K, used 13002K [0x00000006c0000000, 0x00000006c3f00000, 0x000000076ab00000)
  object space 64512K, 20% used [0x00000006c0000000,0x00000006c0cb2858,0x00000006c3f00000)
 Metaspace       used 6288K, capacity 7088K, committed 7296K, reserved 1056768K
  class space    used 581K, capacity 616K, committed 640K, reserved 1048576K
}
Event: 30.566 GC heap before
{Heap before GC invocations=4 (full 0):
 PSYoungGen      total 52736K, used 52720K [0x000000076ab00000, 0x0000000771200000, 0x00000007c0000000)
  eden space 49152K, 100% used [0x000000076ab00000,0x000000076db00000,0x000000076db00000)
  from space 3584K, 99% used [0x000000076db00000,0x000000076de7c048,0x000000076de80000)
  to   space 3584K, 0% used [0x0000000770e80000,0x0000000770e80000,0x0000000771200000)
 ParOldGen       total 64512K, used 13002K [0x00000006c0000000, 0x00000006c3f00000, 0x000000076ab00000)
  object space 64512K, 20% used [0x00000006c0000000,0x00000006c0cb2858,0x00000006c3f00000)
 Metaspace       used 6376K, capacity 7152K, committed 7296K, reserved 1056768K
  class space    used 581K, capacity 616K, committed 640K, reserved 1048576K
Event: 31.125 GC heap after
Heap after GC invocations=4 (full 0):
 PSYoungGen      total 101888K, used 3568K [0x000000076ab00000, 0x0000000771200000, 0x00000007c0000000)
  eden space 98304K, 0% used [0x000000076ab00000,0x000000076ab00000,0x0000000770b00000)
  from space 3584K, 99% used [0x0000000770e80000,0x00000007711fc048,0x0000000771200000)
  to   space 3584K, 0% used [0x0000000770b00000,0x0000000770b00000,0x0000000770e80000)
 ParOldGen       total 64512K, used 21659K [0x00000006c0000000, 0x00000006c3f00000, 0x000000076ab00000)
  object space 64512K, 33% used [0x00000006c0000000,0x00000006c1526f98,0x00000006c3f00000)
 Metaspace       used 6376K, capacity 7152K, committed 7296K, reserved 1056768K
  class space    used 581K, capacity 616K, committed 640K, reserved 1048576K
}

