# JRE version: OpenJDK Runtime Environment (8.0_76-b03) (build 1.8.0_76-release-b03)
# Java VM: OpenJDK 64-Bit Server VM (25.76-b03 mixed mode windows-amd64 compressed oops)
Heap:
 PSYoungGen      total 52736K, used 7183K [0x000000076ab00000, 0x000000076e200000, 0x00000007c0000000)
  eden space 49152K, 7% used [0x000000076ab00000,0x000000076ae8bd18,0x000000076db00000)
  from space 3584K, 99% used [0x000000076de80000,0x000000076e1f8018,0x000000076e200000)
  to   space 3584K, 0% used [0x000000076db00000,0x000000076db00000,0x000000076de80000)
 ParOldGen       total 64512K, used 4950K [0x00000006c0000000, 0x00000006c3f00000, 0x000000076ab00000)
  object space 64512K, 7% used [0x00000006c0000000,0x00000006c04d5b28,0x00000006c3f00000)
 Metaspace       used 6138K, capacity 6964K, committed 7040K, reserved 1056768K
  class space    used 600K, capacity 620K, committed 640K, reserved 1048576K
GC Heap History (4 events):
Event: 3.175 GC heap before
{Heap before GC invocations=1 (full 0):
 PSYoungGen      total 28160K, used 24576K [0x000000076ab00000, 0x000000076ca00000, 0x00000007c0000000)
  eden space 24576K, 100% used [0x000000076ab00000,0x000000076c300000,0x000000076c300000)
  from space 3584K, 0% used [0x000000076c680000,0x000000076c680000,0x000000076ca00000)
  to   space 3584K, 0% used [0x000000076c300000,0x000000076c300000,0x000000076c680000)
 ParOldGen       total 64512K, used 0K [0x00000006c0000000, 0x00000006c3f00000, 0x000000076ab00000)
  object space 64512K, 0% used [0x00000006c0000000,0x00000006c0000000,0x00000006c3f00000)
 Metaspace       used 5872K, capacity 6832K, committed 7040K, reserved 1056768K
  class space    used 579K, capacity 616K, committed 640K, reserved 1048576K
Event: 3.368 GC heap after
Heap after GC invocations=1 (full 0):
 PSYoungGen      total 28160K, used 3568K [0x000000076ab00000, 0x000000076e200000, 0x00000007c0000000)
  eden space 24576K, 0% used [0x000000076ab00000,0x000000076ab00000,0x000000076c300000)
  from space 3584K, 99% used [0x000000076c300000,0x000000076c67c298,0x000000076c680000)
  to   space 3584K, 0% used [0x000000076de80000,0x000000076de80000,0x000000076e200000)
 ParOldGen       total 64512K, used 1407K [0x00000006c0000000, 0x00000006c3f00000, 0x000000076ab00000)
  object space 64512K, 2% used [0x00000006c0000000,0x00000006c015fd20,0x00000006c3f00000)
 Metaspace       used 5872K, capacity 6832K, committed 7040K, reserved 1056768K
  class space    used 579K, capacity 616K, committed 640K, reserved 1048576K
}
Event: 4.555 GC heap before
{Heap before GC invocations=2 (full 0):
 PSYoungGen      total 28160K, used 28144K [0x000000076ab00000, 0x000000076e200000, 0x00000007c0000000)
  eden space 24576K, 100% used [0x000000076ab00000,0x000000076c300000,0x000000076c300000)
  from space 3584K, 99% used [0x000000076c300000,0x000000076c67c298,0x000000076c680000)
  to   space 3584K, 0% used [0x000000076de80000,0x000000076de80000,0x000000076e200000)
 ParOldGen       total 64512K, used 1407K [0x00000006c0000000, 0x00000006c3f00000, 0x000000076ab00000)
  object space 64512K, 2% used [0x00000006c0000000,0x00000006c015fd20,0x00000006c3f00000)
 Metaspace       used 6126K, capacity 6964K, committed 7040K, reserved 1056768K
  class space    used 600K, capacity 620K, committed 640K, reserved 1048576K
Event: 4.664 GC heap after
Heap after GC invocations=2 (full 0):
 PSYoungGen      total 52736K, used 3552K [0x000000076ab00000, 0x000000076e200000, 0x00000007c0000000)
  eden space 49152K, 0% used [0x000000076ab00000,0x000000076ab00000,0x000000076db00000)
  from space 3584K, 99% used [0x000000076de80000,0x000000076e1f8018,0x000000076e200000)
  to   space 3584K, 0% used [0x000000076db00000,0x000000076db00000,0x000000076de80000)
 ParOldGen       total 64512K, used 4950K [0x00000006c0000000, 0x00000006c3f00000, 0x000000076ab00000)
  object space 64512K, 7% used [0x00000006c0000000,0x00000006c04d5b28,0x00000006c3f00000)
 Metaspace       used 6126K, capacity 6964K, committed 7040K, reserved 1056768K
  class space    used 600K, capacity 620K, committed 640K, reserved 1048576K
}

