# JRE version: OpenJDK Runtime Environment (8.0_76-b03) (build 1.8.0_76-release-b03)
# Java VM: OpenJDK 64-Bit Server VM (25.76-b03 mixed mode windows-amd64 compressed oops)
Heap:
 PSYoungGen      total 52736K, used 31438K [0x000000076ab00000, 0x000000076e200000, 0x00000007c0000000)
  eden space 49152K, 56% used [0x000000076ab00000,0x000000076c6379f0,0x000000076db00000)
  from space 3584K, 99% used [0x000000076de80000,0x000000076e1fc028,0x000000076e200000)
  to   space 3584K, 0% used [0x000000076db00000,0x000000076db00000,0x000000076de80000)
 ParOldGen       total 64512K, used 4753K [0x00000006c0000000, 0x00000006c3f00000, 0x000000076ab00000)
  object space 64512K, 7% used [0x00000006c0000000,0x00000006c04a47d8,0x00000006c3f00000)
 Metaspace       used 6102K, capacity 7024K, committed 7296K, reserved 1056768K
  class space    used 574K, capacity 616K, committed 640K, reserved 1048576K
GC Heap History (4 events):
Event: 4.451 GC heap before
{Heap before GC invocations=1 (full 0):
 PSYoungGen      total 28160K, used 24576K [0x000000076ab00000, 0x000000076ca00000, 0x00000007c0000000)
  eden space 24576K, 100% used [0x000000076ab00000,0x000000076c300000,0x000000076c300000)
  from space 3584K, 0% used [0x000000076c680000,0x000000076c680000,0x000000076ca00000)
  to   space 3584K, 0% used [0x000000076c300000,0x000000076c300000,0x000000076c680000)
 ParOldGen       total 64512K, used 0K [0x00000006c0000000, 0x00000006c3f00000, 0x000000076ab00000)
  object space 64512K, 0% used [0x00000006c0000000,0x00000006c0000000,0x00000006c3f00000)
 Metaspace       used 5799K, capacity 6704K, committed 6784K, reserved 1056768K
  class space    used 574K, capacity 616K, committed 640K, reserved 1048576K
Event: 6.369 GC heap after
Heap after GC invocations=1 (full 0):
 PSYoungGen      total 28160K, used 3556K [0x000000076ab00000, 0x000000076e200000, 0x00000007c0000000)
  eden space 24576K, 0% used [0x000000076ab00000,0x000000076ab00000,0x000000076c300000)
  from space 3584K, 99% used [0x000000076c300000,0x000000076c6790c8,0x000000076c680000)
  to   space 3584K, 0% used [0x000000076de80000,0x000000076de80000,0x000000076e200000)
 ParOldGen       total 64512K, used 1488K [0x00000006c0000000, 0x00000006c3f00000, 0x000000076ab00000)
  object space 64512K, 2% used [0x00000006c0000000,0x00000006c01740a0,0x00000006c3f00000)
 Metaspace       used 5799K, capacity 6704K, committed 6784K, reserved 1056768K
  class space    used 574K, capacity 616K, committed 640K, reserved 1048576K
}
Event: 8.647 GC heap before
{Heap before GC invocations=2 (full 0):
 PSYoungGen      total 28160K, used 28132K [0x000000076ab00000, 0x000000076e200000, 0x00000007c0000000)
  eden space 24576K, 100% used [0x000000076ab00000,0x000000076c300000,0x000000076c300000)
  from space 3584K, 99% used [0x000000076c300000,0x000000076c6790c8,0x000000076c680000)
  to   space 3584K, 0% used [0x000000076de80000,0x000000076de80000,0x000000076e200000)
 ParOldGen       total 64512K, used 1488K [0x00000006c0000000, 0x00000006c3f00000, 0x000000076ab00000)
  object space 64512K, 2% used [0x00000006c0000000,0x00000006c01740a0,0x00000006c3f00000)
 Metaspace       used 5980K, capacity 6896K, committed 7040K, reserved 1056768K
  class space    used 574K, capacity 616K, committed 640K, reserved 1048576K
Event: 8.894 GC heap after
Heap after GC invocations=2 (full 0):
 PSYoungGen      total 52736K, used 3568K [0x000000076ab00000, 0x000000076e200000, 0x00000007c0000000)
  eden space 49152K, 0% used [0x000000076ab00000,0x000000076ab00000,0x000000076db00000)
  from space 3584K, 99% used [0x000000076de80000,0x000000076e1fc028,0x000000076e200000)
  to   space 3584K, 0% used [0x000000076db00000,0x000000076db00000,0x000000076de80000)
 ParOldGen       total 64512K, used 4753K [0x00000006c0000000, 0x00000006c3f00000, 0x000000076ab00000)
  object space 64512K, 7% used [0x00000006c0000000,0x00000006c04a47d8,0x00000006c3f00000)
 Metaspace       used 5980K, capacity 6896K, committed 7040K, reserved 1056768K
  class space    used 574K, capacity 616K, committed 640K, reserved 1048576K
}

